[2024-05-29T14:35:06.612+0000] {processor.py:157} INFO - Started process (PID=72) to work on /home/airflow/.local/lib/python3.8/site-packages/airflow/example_dags/example_time_delta_sensor_async.py
[2024-05-29T14:35:06.613+0000] {processor.py:829} INFO - Processing file /home/airflow/.local/lib/python3.8/site-packages/airflow/example_dags/example_time_delta_sensor_async.py for tasks to queue
[2024-05-29T14:35:06.616+0000] {logging_mixin.py:154} INFO - [2024-05-29T14:35:06.615+0000] {dagbag.py:536} INFO - Filling up the DagBag from /home/airflow/.local/lib/python3.8/site-packages/airflow/example_dags/example_time_delta_sensor_async.py
[2024-05-29T14:35:06.623+0000] {processor.py:839} INFO - DAG(s) dict_keys(['example_time_delta_sensor_async']) retrieved from /home/airflow/.local/lib/python3.8/site-packages/airflow/example_dags/example_time_delta_sensor_async.py
[2024-05-29T14:35:06.779+0000] {logging_mixin.py:154} INFO - [2024-05-29T14:35:06.778+0000] {manager.py:499} INFO - Created Permission View: %s
[2024-05-29T14:35:06.794+0000] {logging_mixin.py:154} INFO - [2024-05-29T14:35:06.794+0000] {manager.py:499} INFO - Created Permission View: %s
[2024-05-29T14:35:06.835+0000] {logging_mixin.py:154} INFO - [2024-05-29T14:35:06.834+0000] {manager.py:499} INFO - Created Permission View: %s
[2024-05-29T14:35:06.835+0000] {logging_mixin.py:154} INFO - [2024-05-29T14:35:06.835+0000] {dag.py:2941} INFO - Sync 1 DAGs
[2024-05-29T14:35:06.851+0000] {logging_mixin.py:154} INFO - [2024-05-29T14:35:06.851+0000] {dag.py:2963} INFO - Creating ORM DAG for example_time_delta_sensor_async
[2024-05-29T14:35:06.852+0000] {logging_mixin.py:154} INFO - [2024-05-29T14:35:06.852+0000] {dag.py:3722} INFO - Setting next_dagrun for example_time_delta_sensor_async to None, run_after=None
[2024-05-29T14:35:06.910+0000] {processor.py:179} INFO - Processing /home/airflow/.local/lib/python3.8/site-packages/airflow/example_dags/example_time_delta_sensor_async.py took 0.302 seconds
[2024-05-29T14:35:37.798+0000] {processor.py:157} INFO - Started process (PID=126) to work on /home/airflow/.local/lib/python3.8/site-packages/airflow/example_dags/example_time_delta_sensor_async.py
[2024-05-29T14:35:37.799+0000] {processor.py:829} INFO - Processing file /home/airflow/.local/lib/python3.8/site-packages/airflow/example_dags/example_time_delta_sensor_async.py for tasks to queue
[2024-05-29T14:35:37.802+0000] {logging_mixin.py:154} INFO - [2024-05-29T14:35:37.802+0000] {dagbag.py:536} INFO - Filling up the DagBag from /home/airflow/.local/lib/python3.8/site-packages/airflow/example_dags/example_time_delta_sensor_async.py
[2024-05-29T14:35:37.806+0000] {processor.py:839} INFO - DAG(s) dict_keys(['example_time_delta_sensor_async']) retrieved from /home/airflow/.local/lib/python3.8/site-packages/airflow/example_dags/example_time_delta_sensor_async.py
[2024-05-29T14:35:37.825+0000] {logging_mixin.py:154} INFO - [2024-05-29T14:35:37.825+0000] {dag.py:2941} INFO - Sync 1 DAGs
[2024-05-29T14:35:37.838+0000] {logging_mixin.py:154} INFO - [2024-05-29T14:35:37.838+0000] {dag.py:3722} INFO - Setting next_dagrun for example_time_delta_sensor_async to None, run_after=None
[2024-05-29T14:35:37.860+0000] {processor.py:179} INFO - Processing /home/airflow/.local/lib/python3.8/site-packages/airflow/example_dags/example_time_delta_sensor_async.py took 0.064 seconds
[2024-05-29T14:36:08.522+0000] {processor.py:157} INFO - Started process (PID=180) to work on /home/airflow/.local/lib/python3.8/site-packages/airflow/example_dags/example_time_delta_sensor_async.py
[2024-05-29T14:36:08.523+0000] {processor.py:829} INFO - Processing file /home/airflow/.local/lib/python3.8/site-packages/airflow/example_dags/example_time_delta_sensor_async.py for tasks to queue
[2024-05-29T14:36:08.525+0000] {logging_mixin.py:154} INFO - [2024-05-29T14:36:08.525+0000] {dagbag.py:536} INFO - Filling up the DagBag from /home/airflow/.local/lib/python3.8/site-packages/airflow/example_dags/example_time_delta_sensor_async.py
[2024-05-29T14:36:08.529+0000] {processor.py:839} INFO - DAG(s) dict_keys(['example_time_delta_sensor_async']) retrieved from /home/airflow/.local/lib/python3.8/site-packages/airflow/example_dags/example_time_delta_sensor_async.py
[2024-05-29T14:36:08.549+0000] {logging_mixin.py:154} INFO - [2024-05-29T14:36:08.549+0000] {dag.py:2941} INFO - Sync 1 DAGs
[2024-05-29T14:36:08.562+0000] {logging_mixin.py:154} INFO - [2024-05-29T14:36:08.562+0000] {dag.py:3722} INFO - Setting next_dagrun for example_time_delta_sensor_async to None, run_after=None
[2024-05-29T14:36:08.594+0000] {processor.py:179} INFO - Processing /home/airflow/.local/lib/python3.8/site-packages/airflow/example_dags/example_time_delta_sensor_async.py took 0.075 seconds
[2024-05-29T14:36:39.500+0000] {processor.py:157} INFO - Started process (PID=234) to work on /home/airflow/.local/lib/python3.8/site-packages/airflow/example_dags/example_time_delta_sensor_async.py
[2024-05-29T14:36:39.501+0000] {processor.py:829} INFO - Processing file /home/airflow/.local/lib/python3.8/site-packages/airflow/example_dags/example_time_delta_sensor_async.py for tasks to queue
[2024-05-29T14:36:39.503+0000] {logging_mixin.py:154} INFO - [2024-05-29T14:36:39.502+0000] {dagbag.py:536} INFO - Filling up the DagBag from /home/airflow/.local/lib/python3.8/site-packages/airflow/example_dags/example_time_delta_sensor_async.py
[2024-05-29T14:36:39.507+0000] {processor.py:839} INFO - DAG(s) dict_keys(['example_time_delta_sensor_async']) retrieved from /home/airflow/.local/lib/python3.8/site-packages/airflow/example_dags/example_time_delta_sensor_async.py
[2024-05-29T14:36:39.528+0000] {logging_mixin.py:154} INFO - [2024-05-29T14:36:39.527+0000] {dag.py:2941} INFO - Sync 1 DAGs
[2024-05-29T14:36:39.541+0000] {logging_mixin.py:154} INFO - [2024-05-29T14:36:39.541+0000] {dag.py:3722} INFO - Setting next_dagrun for example_time_delta_sensor_async to None, run_after=None
[2024-05-29T14:36:39.560+0000] {processor.py:179} INFO - Processing /home/airflow/.local/lib/python3.8/site-packages/airflow/example_dags/example_time_delta_sensor_async.py took 0.063 seconds
[2024-05-29T14:37:09.907+0000] {processor.py:157} INFO - Started process (PID=288) to work on /home/airflow/.local/lib/python3.8/site-packages/airflow/example_dags/example_time_delta_sensor_async.py
[2024-05-29T14:37:09.908+0000] {processor.py:829} INFO - Processing file /home/airflow/.local/lib/python3.8/site-packages/airflow/example_dags/example_time_delta_sensor_async.py for tasks to queue
[2024-05-29T14:37:09.910+0000] {logging_mixin.py:154} INFO - [2024-05-29T14:37:09.910+0000] {dagbag.py:536} INFO - Filling up the DagBag from /home/airflow/.local/lib/python3.8/site-packages/airflow/example_dags/example_time_delta_sensor_async.py
[2024-05-29T14:37:09.915+0000] {processor.py:839} INFO - DAG(s) dict_keys(['example_time_delta_sensor_async']) retrieved from /home/airflow/.local/lib/python3.8/site-packages/airflow/example_dags/example_time_delta_sensor_async.py
[2024-05-29T14:37:09.938+0000] {logging_mixin.py:154} INFO - [2024-05-29T14:37:09.938+0000] {dag.py:2941} INFO - Sync 1 DAGs
[2024-05-29T14:37:09.953+0000] {logging_mixin.py:154} INFO - [2024-05-29T14:37:09.953+0000] {dag.py:3722} INFO - Setting next_dagrun for example_time_delta_sensor_async to None, run_after=None
[2024-05-29T14:37:09.978+0000] {processor.py:179} INFO - Processing /home/airflow/.local/lib/python3.8/site-packages/airflow/example_dags/example_time_delta_sensor_async.py took 0.074 seconds
[2024-05-29T14:37:40.801+0000] {processor.py:157} INFO - Started process (PID=342) to work on /home/airflow/.local/lib/python3.8/site-packages/airflow/example_dags/example_time_delta_sensor_async.py
[2024-05-29T14:37:40.803+0000] {processor.py:829} INFO - Processing file /home/airflow/.local/lib/python3.8/site-packages/airflow/example_dags/example_time_delta_sensor_async.py for tasks to queue
[2024-05-29T14:37:40.806+0000] {logging_mixin.py:154} INFO - [2024-05-29T14:37:40.805+0000] {dagbag.py:536} INFO - Filling up the DagBag from /home/airflow/.local/lib/python3.8/site-packages/airflow/example_dags/example_time_delta_sensor_async.py
[2024-05-29T14:37:40.813+0000] {processor.py:839} INFO - DAG(s) dict_keys(['example_time_delta_sensor_async']) retrieved from /home/airflow/.local/lib/python3.8/site-packages/airflow/example_dags/example_time_delta_sensor_async.py
[2024-05-29T14:37:40.846+0000] {logging_mixin.py:154} INFO - [2024-05-29T14:37:40.846+0000] {dag.py:2941} INFO - Sync 1 DAGs
[2024-05-29T14:37:40.863+0000] {logging_mixin.py:154} INFO - [2024-05-29T14:37:40.863+0000] {dag.py:3722} INFO - Setting next_dagrun for example_time_delta_sensor_async to None, run_after=None
[2024-05-29T14:37:40.888+0000] {processor.py:179} INFO - Processing /home/airflow/.local/lib/python3.8/site-packages/airflow/example_dags/example_time_delta_sensor_async.py took 0.090 seconds
