[2024-05-29T14:35:05.685+0000] {processor.py:157} INFO - Started process (PID=66) to work on /home/airflow/.local/lib/python3.8/site-packages/airflow/example_dags/example_dynamic_task_mapping.py
[2024-05-29T14:35:05.686+0000] {processor.py:829} INFO - Processing file /home/airflow/.local/lib/python3.8/site-packages/airflow/example_dags/example_dynamic_task_mapping.py for tasks to queue
[2024-05-29T14:35:05.689+0000] {logging_mixin.py:154} INFO - [2024-05-29T14:35:05.689+0000] {dagbag.py:536} INFO - Filling up the DagBag from /home/airflow/.local/lib/python3.8/site-packages/airflow/example_dags/example_dynamic_task_mapping.py
[2024-05-29T14:35:05.708+0000] {processor.py:839} INFO - DAG(s) dict_keys(['example_dynamic_task_mapping']) retrieved from /home/airflow/.local/lib/python3.8/site-packages/airflow/example_dags/example_dynamic_task_mapping.py
[2024-05-29T14:35:05.870+0000] {logging_mixin.py:154} INFO - [2024-05-29T14:35:05.869+0000] {manager.py:499} INFO - Created Permission View: %s
[2024-05-29T14:35:05.904+0000] {logging_mixin.py:154} INFO - [2024-05-29T14:35:05.903+0000] {manager.py:499} INFO - Created Permission View: %s
[2024-05-29T14:35:05.916+0000] {logging_mixin.py:154} INFO - [2024-05-29T14:35:05.916+0000] {manager.py:499} INFO - Created Permission View: %s
[2024-05-29T14:35:05.917+0000] {logging_mixin.py:154} INFO - [2024-05-29T14:35:05.917+0000] {dag.py:2941} INFO - Sync 1 DAGs
[2024-05-29T14:35:05.933+0000] {logging_mixin.py:154} INFO - [2024-05-29T14:35:05.932+0000] {dag.py:2963} INFO - Creating ORM DAG for example_dynamic_task_mapping
[2024-05-29T14:35:05.945+0000] {logging_mixin.py:154} INFO - [2024-05-29T14:35:05.945+0000] {dag.py:3722} INFO - Setting next_dagrun for example_dynamic_task_mapping to 2022-03-04T00:00:00+00:00, run_after=2022-03-05T00:00:00+00:00
[2024-05-29T14:35:05.969+0000] {processor.py:179} INFO - Processing /home/airflow/.local/lib/python3.8/site-packages/airflow/example_dags/example_dynamic_task_mapping.py took 0.290 seconds
[2024-05-29T14:35:36.355+0000] {processor.py:157} INFO - Started process (PID=120) to work on /home/airflow/.local/lib/python3.8/site-packages/airflow/example_dags/example_dynamic_task_mapping.py
[2024-05-29T14:35:36.356+0000] {processor.py:829} INFO - Processing file /home/airflow/.local/lib/python3.8/site-packages/airflow/example_dags/example_dynamic_task_mapping.py for tasks to queue
[2024-05-29T14:35:36.358+0000] {logging_mixin.py:154} INFO - [2024-05-29T14:35:36.358+0000] {dagbag.py:536} INFO - Filling up the DagBag from /home/airflow/.local/lib/python3.8/site-packages/airflow/example_dags/example_dynamic_task_mapping.py
[2024-05-29T14:35:36.366+0000] {processor.py:839} INFO - DAG(s) dict_keys(['example_dynamic_task_mapping']) retrieved from /home/airflow/.local/lib/python3.8/site-packages/airflow/example_dags/example_dynamic_task_mapping.py
[2024-05-29T14:35:36.387+0000] {logging_mixin.py:154} INFO - [2024-05-29T14:35:36.387+0000] {dag.py:2941} INFO - Sync 1 DAGs
[2024-05-29T14:35:36.412+0000] {logging_mixin.py:154} INFO - [2024-05-29T14:35:36.412+0000] {dag.py:3722} INFO - Setting next_dagrun for example_dynamic_task_mapping to 2022-03-04T00:00:00+00:00, run_after=2022-03-05T00:00:00+00:00
[2024-05-29T14:35:36.435+0000] {processor.py:179} INFO - Processing /home/airflow/.local/lib/python3.8/site-packages/airflow/example_dags/example_dynamic_task_mapping.py took 0.083 seconds
[2024-05-29T14:36:07.016+0000] {processor.py:157} INFO - Started process (PID=174) to work on /home/airflow/.local/lib/python3.8/site-packages/airflow/example_dags/example_dynamic_task_mapping.py
[2024-05-29T14:36:07.017+0000] {processor.py:829} INFO - Processing file /home/airflow/.local/lib/python3.8/site-packages/airflow/example_dags/example_dynamic_task_mapping.py for tasks to queue
[2024-05-29T14:36:07.019+0000] {logging_mixin.py:154} INFO - [2024-05-29T14:36:07.019+0000] {dagbag.py:536} INFO - Filling up the DagBag from /home/airflow/.local/lib/python3.8/site-packages/airflow/example_dags/example_dynamic_task_mapping.py
[2024-05-29T14:36:07.026+0000] {processor.py:839} INFO - DAG(s) dict_keys(['example_dynamic_task_mapping']) retrieved from /home/airflow/.local/lib/python3.8/site-packages/airflow/example_dags/example_dynamic_task_mapping.py
[2024-05-29T14:36:07.049+0000] {logging_mixin.py:154} INFO - [2024-05-29T14:36:07.049+0000] {dag.py:2941} INFO - Sync 1 DAGs
[2024-05-29T14:36:07.076+0000] {logging_mixin.py:154} INFO - [2024-05-29T14:36:07.076+0000] {dag.py:3722} INFO - Setting next_dagrun for example_dynamic_task_mapping to 2022-03-04T00:00:00+00:00, run_after=2022-03-05T00:00:00+00:00
[2024-05-29T14:36:07.108+0000] {processor.py:179} INFO - Processing /home/airflow/.local/lib/python3.8/site-packages/airflow/example_dags/example_dynamic_task_mapping.py took 0.097 seconds
[2024-05-29T14:36:38.131+0000] {processor.py:157} INFO - Started process (PID=228) to work on /home/airflow/.local/lib/python3.8/site-packages/airflow/example_dags/example_dynamic_task_mapping.py
[2024-05-29T14:36:38.133+0000] {processor.py:829} INFO - Processing file /home/airflow/.local/lib/python3.8/site-packages/airflow/example_dags/example_dynamic_task_mapping.py for tasks to queue
[2024-05-29T14:36:38.137+0000] {logging_mixin.py:154} INFO - [2024-05-29T14:36:38.136+0000] {dagbag.py:536} INFO - Filling up the DagBag from /home/airflow/.local/lib/python3.8/site-packages/airflow/example_dags/example_dynamic_task_mapping.py
[2024-05-29T14:36:38.145+0000] {processor.py:839} INFO - DAG(s) dict_keys(['example_dynamic_task_mapping']) retrieved from /home/airflow/.local/lib/python3.8/site-packages/airflow/example_dags/example_dynamic_task_mapping.py
[2024-05-29T14:36:38.171+0000] {logging_mixin.py:154} INFO - [2024-05-29T14:36:38.171+0000] {dag.py:2941} INFO - Sync 1 DAGs
[2024-05-29T14:36:38.199+0000] {logging_mixin.py:154} INFO - [2024-05-29T14:36:38.199+0000] {dag.py:3722} INFO - Setting next_dagrun for example_dynamic_task_mapping to 2022-03-04T00:00:00+00:00, run_after=2022-03-05T00:00:00+00:00
[2024-05-29T14:36:38.228+0000] {processor.py:179} INFO - Processing /home/airflow/.local/lib/python3.8/site-packages/airflow/example_dags/example_dynamic_task_mapping.py took 0.102 seconds
[2024-05-29T14:37:08.559+0000] {processor.py:157} INFO - Started process (PID=282) to work on /home/airflow/.local/lib/python3.8/site-packages/airflow/example_dags/example_dynamic_task_mapping.py
[2024-05-29T14:37:08.560+0000] {processor.py:829} INFO - Processing file /home/airflow/.local/lib/python3.8/site-packages/airflow/example_dags/example_dynamic_task_mapping.py for tasks to queue
[2024-05-29T14:37:08.563+0000] {logging_mixin.py:154} INFO - [2024-05-29T14:37:08.562+0000] {dagbag.py:536} INFO - Filling up the DagBag from /home/airflow/.local/lib/python3.8/site-packages/airflow/example_dags/example_dynamic_task_mapping.py
[2024-05-29T14:37:08.570+0000] {processor.py:839} INFO - DAG(s) dict_keys(['example_dynamic_task_mapping']) retrieved from /home/airflow/.local/lib/python3.8/site-packages/airflow/example_dags/example_dynamic_task_mapping.py
[2024-05-29T14:37:08.593+0000] {logging_mixin.py:154} INFO - [2024-05-29T14:37:08.593+0000] {dag.py:2941} INFO - Sync 1 DAGs
[2024-05-29T14:37:08.619+0000] {logging_mixin.py:154} INFO - [2024-05-29T14:37:08.619+0000] {dag.py:3722} INFO - Setting next_dagrun for example_dynamic_task_mapping to 2022-03-04T00:00:00+00:00, run_after=2022-03-05T00:00:00+00:00
[2024-05-29T14:37:08.638+0000] {processor.py:179} INFO - Processing /home/airflow/.local/lib/python3.8/site-packages/airflow/example_dags/example_dynamic_task_mapping.py took 0.083 seconds
[2024-05-29T14:37:39.458+0000] {processor.py:157} INFO - Started process (PID=336) to work on /home/airflow/.local/lib/python3.8/site-packages/airflow/example_dags/example_dynamic_task_mapping.py
[2024-05-29T14:37:39.459+0000] {processor.py:829} INFO - Processing file /home/airflow/.local/lib/python3.8/site-packages/airflow/example_dags/example_dynamic_task_mapping.py for tasks to queue
[2024-05-29T14:37:39.461+0000] {logging_mixin.py:154} INFO - [2024-05-29T14:37:39.461+0000] {dagbag.py:536} INFO - Filling up the DagBag from /home/airflow/.local/lib/python3.8/site-packages/airflow/example_dags/example_dynamic_task_mapping.py
[2024-05-29T14:37:39.468+0000] {processor.py:839} INFO - DAG(s) dict_keys(['example_dynamic_task_mapping']) retrieved from /home/airflow/.local/lib/python3.8/site-packages/airflow/example_dags/example_dynamic_task_mapping.py
[2024-05-29T14:37:39.489+0000] {logging_mixin.py:154} INFO - [2024-05-29T14:37:39.489+0000] {dag.py:2941} INFO - Sync 1 DAGs
[2024-05-29T14:37:39.516+0000] {logging_mixin.py:154} INFO - [2024-05-29T14:37:39.515+0000] {dag.py:3722} INFO - Setting next_dagrun for example_dynamic_task_mapping to 2022-03-04T00:00:00+00:00, run_after=2022-03-05T00:00:00+00:00
[2024-05-29T14:37:39.538+0000] {processor.py:179} INFO - Processing /home/airflow/.local/lib/python3.8/site-packages/airflow/example_dags/example_dynamic_task_mapping.py took 0.083 seconds
