[2024-05-29T14:35:06.097+0000] {processor.py:157} INFO - Started process (PID=69) to work on /home/airflow/.local/lib/python3.8/site-packages/airflow/example_dags/example_task_group_decorator.py
[2024-05-29T14:35:06.098+0000] {processor.py:829} INFO - Processing file /home/airflow/.local/lib/python3.8/site-packages/airflow/example_dags/example_task_group_decorator.py for tasks to queue
[2024-05-29T14:35:06.101+0000] {logging_mixin.py:154} INFO - [2024-05-29T14:35:06.101+0000] {dagbag.py:536} INFO - Filling up the DagBag from /home/airflow/.local/lib/python3.8/site-packages/airflow/example_dags/example_task_group_decorator.py
[2024-05-29T14:35:06.120+0000] {processor.py:839} INFO - DAG(s) dict_keys(['example_task_group_decorator']) retrieved from /home/airflow/.local/lib/python3.8/site-packages/airflow/example_dags/example_task_group_decorator.py
[2024-05-29T14:35:06.249+0000] {logging_mixin.py:154} INFO - [2024-05-29T14:35:06.249+0000] {manager.py:499} INFO - Created Permission View: %s
[2024-05-29T14:35:06.280+0000] {logging_mixin.py:154} INFO - [2024-05-29T14:35:06.280+0000] {manager.py:499} INFO - Created Permission View: %s
[2024-05-29T14:35:06.287+0000] {logging_mixin.py:154} INFO - [2024-05-29T14:35:06.287+0000] {manager.py:499} INFO - Created Permission View: %s
[2024-05-29T14:35:06.288+0000] {logging_mixin.py:154} INFO - [2024-05-29T14:35:06.288+0000] {dag.py:2941} INFO - Sync 1 DAGs
[2024-05-29T14:35:06.301+0000] {logging_mixin.py:154} INFO - [2024-05-29T14:35:06.301+0000] {dag.py:2963} INFO - Creating ORM DAG for example_task_group_decorator
[2024-05-29T14:35:06.311+0000] {logging_mixin.py:154} INFO - [2024-05-29T14:35:06.311+0000] {dag.py:3722} INFO - Setting next_dagrun for example_task_group_decorator to 2024-05-28T14:35:06.311082+00:00, run_after=2024-05-29T14:35:06.311082+00:00
[2024-05-29T14:35:06.337+0000] {processor.py:179} INFO - Processing /home/airflow/.local/lib/python3.8/site-packages/airflow/example_dags/example_task_group_decorator.py took 0.245 seconds
[2024-05-29T14:35:36.581+0000] {processor.py:157} INFO - Started process (PID=123) to work on /home/airflow/.local/lib/python3.8/site-packages/airflow/example_dags/example_task_group_decorator.py
[2024-05-29T14:35:36.582+0000] {processor.py:829} INFO - Processing file /home/airflow/.local/lib/python3.8/site-packages/airflow/example_dags/example_task_group_decorator.py for tasks to queue
[2024-05-29T14:35:36.584+0000] {logging_mixin.py:154} INFO - [2024-05-29T14:35:36.584+0000] {dagbag.py:536} INFO - Filling up the DagBag from /home/airflow/.local/lib/python3.8/site-packages/airflow/example_dags/example_task_group_decorator.py
[2024-05-29T14:35:36.599+0000] {processor.py:839} INFO - DAG(s) dict_keys(['example_task_group_decorator']) retrieved from /home/airflow/.local/lib/python3.8/site-packages/airflow/example_dags/example_task_group_decorator.py
[2024-05-29T14:35:36.627+0000] {logging_mixin.py:154} INFO - [2024-05-29T14:35:36.627+0000] {dag.py:2941} INFO - Sync 1 DAGs
[2024-05-29T14:35:36.653+0000] {logging_mixin.py:154} INFO - [2024-05-29T14:35:36.653+0000] {dag.py:3722} INFO - Setting next_dagrun for example_task_group_decorator to 2024-05-28T14:35:36.652909+00:00, run_after=2024-05-29T14:35:36.652909+00:00
[2024-05-29T14:35:36.677+0000] {processor.py:179} INFO - Processing /home/airflow/.local/lib/python3.8/site-packages/airflow/example_dags/example_task_group_decorator.py took 0.099 seconds
[2024-05-29T14:36:07.266+0000] {processor.py:157} INFO - Started process (PID=177) to work on /home/airflow/.local/lib/python3.8/site-packages/airflow/example_dags/example_task_group_decorator.py
[2024-05-29T14:36:07.267+0000] {processor.py:829} INFO - Processing file /home/airflow/.local/lib/python3.8/site-packages/airflow/example_dags/example_task_group_decorator.py for tasks to queue
[2024-05-29T14:36:07.270+0000] {logging_mixin.py:154} INFO - [2024-05-29T14:36:07.269+0000] {dagbag.py:536} INFO - Filling up the DagBag from /home/airflow/.local/lib/python3.8/site-packages/airflow/example_dags/example_task_group_decorator.py
[2024-05-29T14:36:07.287+0000] {processor.py:839} INFO - DAG(s) dict_keys(['example_task_group_decorator']) retrieved from /home/airflow/.local/lib/python3.8/site-packages/airflow/example_dags/example_task_group_decorator.py
[2024-05-29T14:36:07.318+0000] {logging_mixin.py:154} INFO - [2024-05-29T14:36:07.317+0000] {dag.py:2941} INFO - Sync 1 DAGs
[2024-05-29T14:36:07.342+0000] {logging_mixin.py:154} INFO - [2024-05-29T14:36:07.341+0000] {dag.py:3722} INFO - Setting next_dagrun for example_task_group_decorator to 2024-05-28T14:36:07.341617+00:00, run_after=2024-05-29T14:36:07.341617+00:00
[2024-05-29T14:36:07.364+0000] {processor.py:179} INFO - Processing /home/airflow/.local/lib/python3.8/site-packages/airflow/example_dags/example_task_group_decorator.py took 0.102 seconds
[2024-05-29T14:36:38.306+0000] {processor.py:157} INFO - Started process (PID=231) to work on /home/airflow/.local/lib/python3.8/site-packages/airflow/example_dags/example_task_group_decorator.py
[2024-05-29T14:36:38.307+0000] {processor.py:829} INFO - Processing file /home/airflow/.local/lib/python3.8/site-packages/airflow/example_dags/example_task_group_decorator.py for tasks to queue
[2024-05-29T14:36:38.309+0000] {logging_mixin.py:154} INFO - [2024-05-29T14:36:38.309+0000] {dagbag.py:536} INFO - Filling up the DagBag from /home/airflow/.local/lib/python3.8/site-packages/airflow/example_dags/example_task_group_decorator.py
[2024-05-29T14:36:38.328+0000] {processor.py:839} INFO - DAG(s) dict_keys(['example_task_group_decorator']) retrieved from /home/airflow/.local/lib/python3.8/site-packages/airflow/example_dags/example_task_group_decorator.py
[2024-05-29T14:36:38.358+0000] {logging_mixin.py:154} INFO - [2024-05-29T14:36:38.358+0000] {dag.py:2941} INFO - Sync 1 DAGs
[2024-05-29T14:36:38.385+0000] {logging_mixin.py:154} INFO - [2024-05-29T14:36:38.385+0000] {dag.py:3722} INFO - Setting next_dagrun for example_task_group_decorator to 2024-05-28T14:36:38.385245+00:00, run_after=2024-05-29T14:36:38.385245+00:00
[2024-05-29T14:36:38.408+0000] {processor.py:179} INFO - Processing /home/airflow/.local/lib/python3.8/site-packages/airflow/example_dags/example_task_group_decorator.py took 0.107 seconds
[2024-05-29T14:37:08.727+0000] {processor.py:157} INFO - Started process (PID=285) to work on /home/airflow/.local/lib/python3.8/site-packages/airflow/example_dags/example_task_group_decorator.py
[2024-05-29T14:37:08.729+0000] {processor.py:829} INFO - Processing file /home/airflow/.local/lib/python3.8/site-packages/airflow/example_dags/example_task_group_decorator.py for tasks to queue
[2024-05-29T14:37:08.732+0000] {logging_mixin.py:154} INFO - [2024-05-29T14:37:08.732+0000] {dagbag.py:536} INFO - Filling up the DagBag from /home/airflow/.local/lib/python3.8/site-packages/airflow/example_dags/example_task_group_decorator.py
[2024-05-29T14:37:08.753+0000] {processor.py:839} INFO - DAG(s) dict_keys(['example_task_group_decorator']) retrieved from /home/airflow/.local/lib/python3.8/site-packages/airflow/example_dags/example_task_group_decorator.py
[2024-05-29T14:37:08.786+0000] {logging_mixin.py:154} INFO - [2024-05-29T14:37:08.786+0000] {dag.py:2941} INFO - Sync 1 DAGs
[2024-05-29T14:37:08.818+0000] {logging_mixin.py:154} INFO - [2024-05-29T14:37:08.817+0000] {dag.py:3722} INFO - Setting next_dagrun for example_task_group_decorator to 2024-05-28T14:37:08.817356+00:00, run_after=2024-05-29T14:37:08.817356+00:00
[2024-05-29T14:37:08.839+0000] {processor.py:179} INFO - Processing /home/airflow/.local/lib/python3.8/site-packages/airflow/example_dags/example_task_group_decorator.py took 0.115 seconds
[2024-05-29T14:37:39.619+0000] {processor.py:157} INFO - Started process (PID=339) to work on /home/airflow/.local/lib/python3.8/site-packages/airflow/example_dags/example_task_group_decorator.py
[2024-05-29T14:37:39.620+0000] {processor.py:829} INFO - Processing file /home/airflow/.local/lib/python3.8/site-packages/airflow/example_dags/example_task_group_decorator.py for tasks to queue
[2024-05-29T14:37:39.623+0000] {logging_mixin.py:154} INFO - [2024-05-29T14:37:39.623+0000] {dagbag.py:536} INFO - Filling up the DagBag from /home/airflow/.local/lib/python3.8/site-packages/airflow/example_dags/example_task_group_decorator.py
[2024-05-29T14:37:39.642+0000] {processor.py:839} INFO - DAG(s) dict_keys(['example_task_group_decorator']) retrieved from /home/airflow/.local/lib/python3.8/site-packages/airflow/example_dags/example_task_group_decorator.py
[2024-05-29T14:37:39.671+0000] {logging_mixin.py:154} INFO - [2024-05-29T14:37:39.671+0000] {dag.py:2941} INFO - Sync 1 DAGs
[2024-05-29T14:37:39.701+0000] {logging_mixin.py:154} INFO - [2024-05-29T14:37:39.701+0000] {dag.py:3722} INFO - Setting next_dagrun for example_task_group_decorator to 2024-05-28T14:37:39.701189+00:00, run_after=2024-05-29T14:37:39.701189+00:00
[2024-05-29T14:37:39.724+0000] {processor.py:179} INFO - Processing /home/airflow/.local/lib/python3.8/site-packages/airflow/example_dags/example_task_group_decorator.py took 0.108 seconds
