[2024-05-29T14:35:07.874+0000] {processor.py:157} INFO - Started process (PID=78) to work on /home/airflow/.local/lib/python3.8/site-packages/airflow/example_dags/example_dynamic_task_mapping_with_no_taskflow_operators.py
[2024-05-29T14:35:07.876+0000] {processor.py:829} INFO - Processing file /home/airflow/.local/lib/python3.8/site-packages/airflow/example_dags/example_dynamic_task_mapping_with_no_taskflow_operators.py for tasks to queue
[2024-05-29T14:35:07.880+0000] {logging_mixin.py:154} INFO - [2024-05-29T14:35:07.879+0000] {dagbag.py:536} INFO - Filling up the DagBag from /home/airflow/.local/lib/python3.8/site-packages/airflow/example_dags/example_dynamic_task_mapping_with_no_taskflow_operators.py
[2024-05-29T14:35:07.890+0000] {processor.py:839} INFO - DAG(s) dict_keys(['example_dynamic_task_mapping_with_no_taskflow_operators']) retrieved from /home/airflow/.local/lib/python3.8/site-packages/airflow/example_dags/example_dynamic_task_mapping_with_no_taskflow_operators.py
[2024-05-29T14:35:08.040+0000] {logging_mixin.py:154} INFO - [2024-05-29T14:35:08.039+0000] {manager.py:499} INFO - Created Permission View: %s
[2024-05-29T14:35:08.054+0000] {logging_mixin.py:154} INFO - [2024-05-29T14:35:08.054+0000] {manager.py:499} INFO - Created Permission View: %s
[2024-05-29T14:35:08.064+0000] {logging_mixin.py:154} INFO - [2024-05-29T14:35:08.064+0000] {manager.py:499} INFO - Created Permission View: %s
[2024-05-29T14:35:08.065+0000] {logging_mixin.py:154} INFO - [2024-05-29T14:35:08.064+0000] {dag.py:2941} INFO - Sync 1 DAGs
[2024-05-29T14:35:08.079+0000] {logging_mixin.py:154} INFO - [2024-05-29T14:35:08.079+0000] {dag.py:2963} INFO - Creating ORM DAG for example_dynamic_task_mapping_with_no_taskflow_operators
[2024-05-29T14:35:08.090+0000] {logging_mixin.py:154} INFO - [2024-05-29T14:35:08.090+0000] {dag.py:3722} INFO - Setting next_dagrun for example_dynamic_task_mapping_with_no_taskflow_operators to 2024-05-28T14:35:08.090392+00:00, run_after=2024-05-29T14:35:08.090392+00:00
[2024-05-29T14:35:08.118+0000] {processor.py:179} INFO - Processing /home/airflow/.local/lib/python3.8/site-packages/airflow/example_dags/example_dynamic_task_mapping_with_no_taskflow_operators.py took 0.248 seconds
[2024-05-29T14:35:39.109+0000] {processor.py:157} INFO - Started process (PID=132) to work on /home/airflow/.local/lib/python3.8/site-packages/airflow/example_dags/example_dynamic_task_mapping_with_no_taskflow_operators.py
[2024-05-29T14:35:39.110+0000] {processor.py:829} INFO - Processing file /home/airflow/.local/lib/python3.8/site-packages/airflow/example_dags/example_dynamic_task_mapping_with_no_taskflow_operators.py for tasks to queue
[2024-05-29T14:35:39.112+0000] {logging_mixin.py:154} INFO - [2024-05-29T14:35:39.112+0000] {dagbag.py:536} INFO - Filling up the DagBag from /home/airflow/.local/lib/python3.8/site-packages/airflow/example_dags/example_dynamic_task_mapping_with_no_taskflow_operators.py
[2024-05-29T14:35:39.118+0000] {processor.py:839} INFO - DAG(s) dict_keys(['example_dynamic_task_mapping_with_no_taskflow_operators']) retrieved from /home/airflow/.local/lib/python3.8/site-packages/airflow/example_dags/example_dynamic_task_mapping_with_no_taskflow_operators.py
[2024-05-29T14:35:39.138+0000] {logging_mixin.py:154} INFO - [2024-05-29T14:35:39.137+0000] {dag.py:2941} INFO - Sync 1 DAGs
[2024-05-29T14:35:39.166+0000] {logging_mixin.py:154} INFO - [2024-05-29T14:35:39.166+0000] {dag.py:3722} INFO - Setting next_dagrun for example_dynamic_task_mapping_with_no_taskflow_operators to 2024-05-28T14:35:39.166009+00:00, run_after=2024-05-29T14:35:39.166009+00:00
[2024-05-29T14:35:39.193+0000] {processor.py:179} INFO - Processing /home/airflow/.local/lib/python3.8/site-packages/airflow/example_dags/example_dynamic_task_mapping_with_no_taskflow_operators.py took 0.088 seconds
[2024-05-29T14:36:09.824+0000] {processor.py:157} INFO - Started process (PID=186) to work on /home/airflow/.local/lib/python3.8/site-packages/airflow/example_dags/example_dynamic_task_mapping_with_no_taskflow_operators.py
[2024-05-29T14:36:09.825+0000] {processor.py:829} INFO - Processing file /home/airflow/.local/lib/python3.8/site-packages/airflow/example_dags/example_dynamic_task_mapping_with_no_taskflow_operators.py for tasks to queue
[2024-05-29T14:36:09.827+0000] {logging_mixin.py:154} INFO - [2024-05-29T14:36:09.827+0000] {dagbag.py:536} INFO - Filling up the DagBag from /home/airflow/.local/lib/python3.8/site-packages/airflow/example_dags/example_dynamic_task_mapping_with_no_taskflow_operators.py
[2024-05-29T14:36:09.832+0000] {processor.py:839} INFO - DAG(s) dict_keys(['example_dynamic_task_mapping_with_no_taskflow_operators']) retrieved from /home/airflow/.local/lib/python3.8/site-packages/airflow/example_dags/example_dynamic_task_mapping_with_no_taskflow_operators.py
[2024-05-29T14:36:09.850+0000] {logging_mixin.py:154} INFO - [2024-05-29T14:36:09.850+0000] {dag.py:2941} INFO - Sync 1 DAGs
[2024-05-29T14:36:09.873+0000] {logging_mixin.py:154} INFO - [2024-05-29T14:36:09.873+0000] {dag.py:3722} INFO - Setting next_dagrun for example_dynamic_task_mapping_with_no_taskflow_operators to 2024-05-28T14:36:09.873017+00:00, run_after=2024-05-29T14:36:09.873017+00:00
[2024-05-29T14:36:09.897+0000] {processor.py:179} INFO - Processing /home/airflow/.local/lib/python3.8/site-packages/airflow/example_dags/example_dynamic_task_mapping_with_no_taskflow_operators.py took 0.077 seconds
[2024-05-29T14:36:40.778+0000] {processor.py:157} INFO - Started process (PID=240) to work on /home/airflow/.local/lib/python3.8/site-packages/airflow/example_dags/example_dynamic_task_mapping_with_no_taskflow_operators.py
[2024-05-29T14:36:40.779+0000] {processor.py:829} INFO - Processing file /home/airflow/.local/lib/python3.8/site-packages/airflow/example_dags/example_dynamic_task_mapping_with_no_taskflow_operators.py for tasks to queue
[2024-05-29T14:36:40.781+0000] {logging_mixin.py:154} INFO - [2024-05-29T14:36:40.781+0000] {dagbag.py:536} INFO - Filling up the DagBag from /home/airflow/.local/lib/python3.8/site-packages/airflow/example_dags/example_dynamic_task_mapping_with_no_taskflow_operators.py
[2024-05-29T14:36:40.789+0000] {processor.py:839} INFO - DAG(s) dict_keys(['example_dynamic_task_mapping_with_no_taskflow_operators']) retrieved from /home/airflow/.local/lib/python3.8/site-packages/airflow/example_dags/example_dynamic_task_mapping_with_no_taskflow_operators.py
[2024-05-29T14:36:40.810+0000] {logging_mixin.py:154} INFO - [2024-05-29T14:36:40.810+0000] {dag.py:2941} INFO - Sync 1 DAGs
[2024-05-29T14:36:40.834+0000] {logging_mixin.py:154} INFO - [2024-05-29T14:36:40.834+0000] {dag.py:3722} INFO - Setting next_dagrun for example_dynamic_task_mapping_with_no_taskflow_operators to 2024-05-28T14:36:40.834299+00:00, run_after=2024-05-29T14:36:40.834299+00:00
[2024-05-29T14:36:40.853+0000] {processor.py:179} INFO - Processing /home/airflow/.local/lib/python3.8/site-packages/airflow/example_dags/example_dynamic_task_mapping_with_no_taskflow_operators.py took 0.079 seconds
[2024-05-29T14:37:11.266+0000] {processor.py:157} INFO - Started process (PID=294) to work on /home/airflow/.local/lib/python3.8/site-packages/airflow/example_dags/example_dynamic_task_mapping_with_no_taskflow_operators.py
[2024-05-29T14:37:11.267+0000] {processor.py:829} INFO - Processing file /home/airflow/.local/lib/python3.8/site-packages/airflow/example_dags/example_dynamic_task_mapping_with_no_taskflow_operators.py for tasks to queue
[2024-05-29T14:37:11.269+0000] {logging_mixin.py:154} INFO - [2024-05-29T14:37:11.268+0000] {dagbag.py:536} INFO - Filling up the DagBag from /home/airflow/.local/lib/python3.8/site-packages/airflow/example_dags/example_dynamic_task_mapping_with_no_taskflow_operators.py
[2024-05-29T14:37:11.274+0000] {processor.py:839} INFO - DAG(s) dict_keys(['example_dynamic_task_mapping_with_no_taskflow_operators']) retrieved from /home/airflow/.local/lib/python3.8/site-packages/airflow/example_dags/example_dynamic_task_mapping_with_no_taskflow_operators.py
[2024-05-29T14:37:11.291+0000] {logging_mixin.py:154} INFO - [2024-05-29T14:37:11.291+0000] {dag.py:2941} INFO - Sync 1 DAGs
[2024-05-29T14:37:11.313+0000] {logging_mixin.py:154} INFO - [2024-05-29T14:37:11.313+0000] {dag.py:3722} INFO - Setting next_dagrun for example_dynamic_task_mapping_with_no_taskflow_operators to 2024-05-28T14:37:11.313530+00:00, run_after=2024-05-29T14:37:11.313530+00:00
[2024-05-29T14:37:11.331+0000] {processor.py:179} INFO - Processing /home/airflow/.local/lib/python3.8/site-packages/airflow/example_dags/example_dynamic_task_mapping_with_no_taskflow_operators.py took 0.068 seconds
[2024-05-29T14:37:42.167+0000] {processor.py:157} INFO - Started process (PID=348) to work on /home/airflow/.local/lib/python3.8/site-packages/airflow/example_dags/example_dynamic_task_mapping_with_no_taskflow_operators.py
[2024-05-29T14:37:42.168+0000] {processor.py:829} INFO - Processing file /home/airflow/.local/lib/python3.8/site-packages/airflow/example_dags/example_dynamic_task_mapping_with_no_taskflow_operators.py for tasks to queue
[2024-05-29T14:37:42.170+0000] {logging_mixin.py:154} INFO - [2024-05-29T14:37:42.170+0000] {dagbag.py:536} INFO - Filling up the DagBag from /home/airflow/.local/lib/python3.8/site-packages/airflow/example_dags/example_dynamic_task_mapping_with_no_taskflow_operators.py
[2024-05-29T14:37:42.178+0000] {processor.py:839} INFO - DAG(s) dict_keys(['example_dynamic_task_mapping_with_no_taskflow_operators']) retrieved from /home/airflow/.local/lib/python3.8/site-packages/airflow/example_dags/example_dynamic_task_mapping_with_no_taskflow_operators.py
[2024-05-29T14:37:42.204+0000] {logging_mixin.py:154} INFO - [2024-05-29T14:37:42.204+0000] {dag.py:2941} INFO - Sync 1 DAGs
[2024-05-29T14:37:42.247+0000] {logging_mixin.py:154} INFO - [2024-05-29T14:37:42.246+0000] {dag.py:3722} INFO - Setting next_dagrun for example_dynamic_task_mapping_with_no_taskflow_operators to 2024-05-28T14:37:42.246572+00:00, run_after=2024-05-29T14:37:42.246572+00:00
[2024-05-29T14:37:42.273+0000] {processor.py:179} INFO - Processing /home/airflow/.local/lib/python3.8/site-packages/airflow/example_dags/example_dynamic_task_mapping_with_no_taskflow_operators.py took 0.112 seconds
