[2024-05-29T14:35:04.190+0000] {processor.py:157} INFO - Started process (PID=59) to work on /home/airflow/.local/lib/python3.8/site-packages/airflow/example_dags/example_subdag_operator.py
[2024-05-29T14:35:04.195+0000] {processor.py:829} INFO - Processing file /home/airflow/.local/lib/python3.8/site-packages/airflow/example_dags/example_subdag_operator.py for tasks to queue
[2024-05-29T14:35:04.202+0000] {logging_mixin.py:154} INFO - [2024-05-29T14:35:04.201+0000] {dagbag.py:536} INFO - Filling up the DagBag from /home/airflow/.local/lib/python3.8/site-packages/airflow/example_dags/example_subdag_operator.py
[2024-05-29T14:35:04.290+0000] {processor.py:839} INFO - DAG(s) dict_keys(['example_subdag_operator.section-1', 'example_subdag_operator.section-2', 'example_subdag_operator']) retrieved from /home/airflow/.local/lib/python3.8/site-packages/airflow/example_dags/example_subdag_operator.py
[2024-05-29T14:35:04.555+0000] {logging_mixin.py:154} INFO - [2024-05-29T14:35:04.555+0000] {manager.py:499} INFO - Created Permission View: %s
[2024-05-29T14:35:04.585+0000] {logging_mixin.py:154} INFO - [2024-05-29T14:35:04.584+0000] {manager.py:499} INFO - Created Permission View: %s
[2024-05-29T14:35:04.602+0000] {logging_mixin.py:154} INFO - [2024-05-29T14:35:04.602+0000] {manager.py:499} INFO - Created Permission View: %s
[2024-05-29T14:35:04.603+0000] {logging_mixin.py:154} INFO - [2024-05-29T14:35:04.603+0000] {dag.py:2941} INFO - Sync 3 DAGs
[2024-05-29T14:35:04.628+0000] {logging_mixin.py:154} INFO - [2024-05-29T14:35:04.628+0000] {dag.py:2963} INFO - Creating ORM DAG for example_subdag_operator.section-2
[2024-05-29T14:35:04.629+0000] {logging_mixin.py:154} INFO - [2024-05-29T14:35:04.629+0000] {dag.py:2963} INFO - Creating ORM DAG for example_subdag_operator.section-1
[2024-05-29T14:35:04.630+0000] {logging_mixin.py:154} INFO - [2024-05-29T14:35:04.630+0000] {dag.py:2963} INFO - Creating ORM DAG for example_subdag_operator
[2024-05-29T14:35:04.648+0000] {logging_mixin.py:154} INFO - [2024-05-29T14:35:04.647+0000] {dag.py:3722} INFO - Setting next_dagrun for example_subdag_operator to 2022-01-01T00:00:00+00:00, run_after=2022-01-01T00:00:00+00:00
[2024-05-29T14:35:04.649+0000] {logging_mixin.py:154} INFO - [2024-05-29T14:35:04.649+0000] {dag.py:3722} INFO - Setting next_dagrun for example_subdag_operator.section-1 to None, run_after=None
[2024-05-29T14:35:04.650+0000] {logging_mixin.py:154} INFO - [2024-05-29T14:35:04.650+0000] {dag.py:3722} INFO - Setting next_dagrun for example_subdag_operator.section-2 to None, run_after=None
[2024-05-29T14:35:04.666+0000] {logging_mixin.py:154} INFO - [2024-05-29T14:35:04.666+0000] {dag.py:2941} INFO - Sync 2 DAGs
[2024-05-29T14:35:04.677+0000] {logging_mixin.py:154} INFO - [2024-05-29T14:35:04.677+0000] {dag.py:3722} INFO - Setting next_dagrun for example_subdag_operator.section-1 to None, run_after=None
[2024-05-29T14:35:04.684+0000] {logging_mixin.py:154} INFO - [2024-05-29T14:35:04.684+0000] {dag.py:3722} INFO - Setting next_dagrun for example_subdag_operator.section-2 to None, run_after=None
[2024-05-29T14:35:04.707+0000] {processor.py:179} INFO - Processing /home/airflow/.local/lib/python3.8/site-packages/airflow/example_dags/example_subdag_operator.py took 0.541 seconds
[2024-05-29T14:35:34.934+0000] {processor.py:157} INFO - Started process (PID=113) to work on /home/airflow/.local/lib/python3.8/site-packages/airflow/example_dags/example_subdag_operator.py
[2024-05-29T14:35:34.935+0000] {processor.py:829} INFO - Processing file /home/airflow/.local/lib/python3.8/site-packages/airflow/example_dags/example_subdag_operator.py for tasks to queue
[2024-05-29T14:35:34.937+0000] {logging_mixin.py:154} INFO - [2024-05-29T14:35:34.936+0000] {dagbag.py:536} INFO - Filling up the DagBag from /home/airflow/.local/lib/python3.8/site-packages/airflow/example_dags/example_subdag_operator.py
[2024-05-29T14:35:34.962+0000] {processor.py:839} INFO - DAG(s) dict_keys(['example_subdag_operator.section-1', 'example_subdag_operator.section-2', 'example_subdag_operator']) retrieved from /home/airflow/.local/lib/python3.8/site-packages/airflow/example_dags/example_subdag_operator.py
[2024-05-29T14:35:34.980+0000] {logging_mixin.py:154} INFO - [2024-05-29T14:35:34.979+0000] {dag.py:2941} INFO - Sync 3 DAGs
[2024-05-29T14:35:35.004+0000] {logging_mixin.py:154} INFO - [2024-05-29T14:35:35.004+0000] {dag.py:3722} INFO - Setting next_dagrun for example_subdag_operator to 2022-01-01T00:00:00+00:00, run_after=2022-01-01T00:00:00+00:00
[2024-05-29T14:35:35.008+0000] {logging_mixin.py:154} INFO - [2024-05-29T14:35:35.008+0000] {dag.py:3722} INFO - Setting next_dagrun for example_subdag_operator.section-1 to None, run_after=None
[2024-05-29T14:35:35.010+0000] {logging_mixin.py:154} INFO - [2024-05-29T14:35:35.010+0000] {dag.py:3722} INFO - Setting next_dagrun for example_subdag_operator.section-2 to None, run_after=None
[2024-05-29T14:35:35.018+0000] {logging_mixin.py:154} INFO - [2024-05-29T14:35:35.018+0000] {dag.py:2941} INFO - Sync 2 DAGs
[2024-05-29T14:35:35.024+0000] {logging_mixin.py:154} INFO - [2024-05-29T14:35:35.024+0000] {dag.py:3722} INFO - Setting next_dagrun for example_subdag_operator.section-1 to None, run_after=None
[2024-05-29T14:35:35.025+0000] {logging_mixin.py:154} INFO - [2024-05-29T14:35:35.025+0000] {dag.py:3722} INFO - Setting next_dagrun for example_subdag_operator.section-2 to None, run_after=None
[2024-05-29T14:35:35.038+0000] {processor.py:179} INFO - Processing /home/airflow/.local/lib/python3.8/site-packages/airflow/example_dags/example_subdag_operator.py took 0.108 seconds
[2024-05-29T14:36:05.489+0000] {processor.py:157} INFO - Started process (PID=167) to work on /home/airflow/.local/lib/python3.8/site-packages/airflow/example_dags/example_subdag_operator.py
[2024-05-29T14:36:05.490+0000] {processor.py:829} INFO - Processing file /home/airflow/.local/lib/python3.8/site-packages/airflow/example_dags/example_subdag_operator.py for tasks to queue
[2024-05-29T14:36:05.493+0000] {logging_mixin.py:154} INFO - [2024-05-29T14:36:05.492+0000] {dagbag.py:536} INFO - Filling up the DagBag from /home/airflow/.local/lib/python3.8/site-packages/airflow/example_dags/example_subdag_operator.py
[2024-05-29T14:36:05.523+0000] {processor.py:839} INFO - DAG(s) dict_keys(['example_subdag_operator.section-1', 'example_subdag_operator.section-2', 'example_subdag_operator']) retrieved from /home/airflow/.local/lib/python3.8/site-packages/airflow/example_dags/example_subdag_operator.py
[2024-05-29T14:36:05.541+0000] {logging_mixin.py:154} INFO - [2024-05-29T14:36:05.541+0000] {dag.py:2941} INFO - Sync 3 DAGs
[2024-05-29T14:36:05.567+0000] {logging_mixin.py:154} INFO - [2024-05-29T14:36:05.567+0000] {dag.py:3722} INFO - Setting next_dagrun for example_subdag_operator to 2022-01-01T00:00:00+00:00, run_after=2022-01-01T00:00:00+00:00
[2024-05-29T14:36:05.572+0000] {logging_mixin.py:154} INFO - [2024-05-29T14:36:05.572+0000] {dag.py:3722} INFO - Setting next_dagrun for example_subdag_operator.section-1 to None, run_after=None
[2024-05-29T14:36:05.574+0000] {logging_mixin.py:154} INFO - [2024-05-29T14:36:05.573+0000] {dag.py:3722} INFO - Setting next_dagrun for example_subdag_operator.section-2 to None, run_after=None
[2024-05-29T14:36:05.583+0000] {logging_mixin.py:154} INFO - [2024-05-29T14:36:05.582+0000] {dag.py:2941} INFO - Sync 2 DAGs
[2024-05-29T14:36:05.589+0000] {logging_mixin.py:154} INFO - [2024-05-29T14:36:05.589+0000] {dag.py:3722} INFO - Setting next_dagrun for example_subdag_operator.section-1 to None, run_after=None
[2024-05-29T14:36:05.590+0000] {logging_mixin.py:154} INFO - [2024-05-29T14:36:05.590+0000] {dag.py:3722} INFO - Setting next_dagrun for example_subdag_operator.section-2 to None, run_after=None
[2024-05-29T14:36:05.605+0000] {processor.py:179} INFO - Processing /home/airflow/.local/lib/python3.8/site-packages/airflow/example_dags/example_subdag_operator.py took 0.121 seconds
[2024-05-29T14:36:35.723+0000] {processor.py:157} INFO - Started process (PID=221) to work on /home/airflow/.local/lib/python3.8/site-packages/airflow/example_dags/example_subdag_operator.py
[2024-05-29T14:36:35.724+0000] {processor.py:829} INFO - Processing file /home/airflow/.local/lib/python3.8/site-packages/airflow/example_dags/example_subdag_operator.py for tasks to queue
[2024-05-29T14:36:35.727+0000] {logging_mixin.py:154} INFO - [2024-05-29T14:36:35.726+0000] {dagbag.py:536} INFO - Filling up the DagBag from /home/airflow/.local/lib/python3.8/site-packages/airflow/example_dags/example_subdag_operator.py
[2024-05-29T14:36:35.755+0000] {processor.py:839} INFO - DAG(s) dict_keys(['example_subdag_operator.section-1', 'example_subdag_operator.section-2', 'example_subdag_operator']) retrieved from /home/airflow/.local/lib/python3.8/site-packages/airflow/example_dags/example_subdag_operator.py
[2024-05-29T14:36:35.773+0000] {logging_mixin.py:154} INFO - [2024-05-29T14:36:35.773+0000] {dag.py:2941} INFO - Sync 3 DAGs
[2024-05-29T14:36:35.797+0000] {logging_mixin.py:154} INFO - [2024-05-29T14:36:35.797+0000] {dag.py:3722} INFO - Setting next_dagrun for example_subdag_operator to 2022-01-01T00:00:00+00:00, run_after=2022-01-01T00:00:00+00:00
[2024-05-29T14:36:35.801+0000] {logging_mixin.py:154} INFO - [2024-05-29T14:36:35.801+0000] {dag.py:3722} INFO - Setting next_dagrun for example_subdag_operator.section-1 to None, run_after=None
[2024-05-29T14:36:35.803+0000] {logging_mixin.py:154} INFO - [2024-05-29T14:36:35.803+0000] {dag.py:3722} INFO - Setting next_dagrun for example_subdag_operator.section-2 to None, run_after=None
[2024-05-29T14:36:35.812+0000] {logging_mixin.py:154} INFO - [2024-05-29T14:36:35.812+0000] {dag.py:2941} INFO - Sync 2 DAGs
[2024-05-29T14:36:35.820+0000] {logging_mixin.py:154} INFO - [2024-05-29T14:36:35.819+0000] {dag.py:3722} INFO - Setting next_dagrun for example_subdag_operator.section-1 to None, run_after=None
[2024-05-29T14:36:35.820+0000] {logging_mixin.py:154} INFO - [2024-05-29T14:36:35.820+0000] {dag.py:3722} INFO - Setting next_dagrun for example_subdag_operator.section-2 to None, run_after=None
[2024-05-29T14:36:35.833+0000] {processor.py:179} INFO - Processing /home/airflow/.local/lib/python3.8/site-packages/airflow/example_dags/example_subdag_operator.py took 0.114 seconds
[2024-05-29T14:37:06.025+0000] {processor.py:157} INFO - Started process (PID=275) to work on /home/airflow/.local/lib/python3.8/site-packages/airflow/example_dags/example_subdag_operator.py
[2024-05-29T14:37:06.026+0000] {processor.py:829} INFO - Processing file /home/airflow/.local/lib/python3.8/site-packages/airflow/example_dags/example_subdag_operator.py for tasks to queue
[2024-05-29T14:37:06.032+0000] {logging_mixin.py:154} INFO - [2024-05-29T14:37:06.031+0000] {dagbag.py:536} INFO - Filling up the DagBag from /home/airflow/.local/lib/python3.8/site-packages/airflow/example_dags/example_subdag_operator.py
[2024-05-29T14:37:06.067+0000] {processor.py:839} INFO - DAG(s) dict_keys(['example_subdag_operator.section-1', 'example_subdag_operator.section-2', 'example_subdag_operator']) retrieved from /home/airflow/.local/lib/python3.8/site-packages/airflow/example_dags/example_subdag_operator.py
[2024-05-29T14:37:06.088+0000] {logging_mixin.py:154} INFO - [2024-05-29T14:37:06.088+0000] {dag.py:2941} INFO - Sync 3 DAGs
[2024-05-29T14:37:06.124+0000] {logging_mixin.py:154} INFO - [2024-05-29T14:37:06.123+0000] {dag.py:3722} INFO - Setting next_dagrun for example_subdag_operator to 2022-01-01T00:00:00+00:00, run_after=2022-01-01T00:00:00+00:00
[2024-05-29T14:37:06.130+0000] {logging_mixin.py:154} INFO - [2024-05-29T14:37:06.129+0000] {dag.py:3722} INFO - Setting next_dagrun for example_subdag_operator.section-1 to None, run_after=None
[2024-05-29T14:37:06.132+0000] {logging_mixin.py:154} INFO - [2024-05-29T14:37:06.132+0000] {dag.py:3722} INFO - Setting next_dagrun for example_subdag_operator.section-2 to None, run_after=None
[2024-05-29T14:37:06.144+0000] {logging_mixin.py:154} INFO - [2024-05-29T14:37:06.144+0000] {dag.py:2941} INFO - Sync 2 DAGs
[2024-05-29T14:37:06.153+0000] {logging_mixin.py:154} INFO - [2024-05-29T14:37:06.152+0000] {dag.py:3722} INFO - Setting next_dagrun for example_subdag_operator.section-1 to None, run_after=None
[2024-05-29T14:37:06.153+0000] {logging_mixin.py:154} INFO - [2024-05-29T14:37:06.153+0000] {dag.py:3722} INFO - Setting next_dagrun for example_subdag_operator.section-2 to None, run_after=None
[2024-05-29T14:37:06.168+0000] {processor.py:179} INFO - Processing /home/airflow/.local/lib/python3.8/site-packages/airflow/example_dags/example_subdag_operator.py took 0.148 seconds
[2024-05-29T14:37:37.046+0000] {processor.py:157} INFO - Started process (PID=329) to work on /home/airflow/.local/lib/python3.8/site-packages/airflow/example_dags/example_subdag_operator.py
[2024-05-29T14:37:37.047+0000] {processor.py:829} INFO - Processing file /home/airflow/.local/lib/python3.8/site-packages/airflow/example_dags/example_subdag_operator.py for tasks to queue
[2024-05-29T14:37:37.049+0000] {logging_mixin.py:154} INFO - [2024-05-29T14:37:37.048+0000] {dagbag.py:536} INFO - Filling up the DagBag from /home/airflow/.local/lib/python3.8/site-packages/airflow/example_dags/example_subdag_operator.py
[2024-05-29T14:37:37.074+0000] {processor.py:839} INFO - DAG(s) dict_keys(['example_subdag_operator.section-1', 'example_subdag_operator.section-2', 'example_subdag_operator']) retrieved from /home/airflow/.local/lib/python3.8/site-packages/airflow/example_dags/example_subdag_operator.py
[2024-05-29T14:37:37.091+0000] {logging_mixin.py:154} INFO - [2024-05-29T14:37:37.091+0000] {dag.py:2941} INFO - Sync 3 DAGs
[2024-05-29T14:37:37.115+0000] {logging_mixin.py:154} INFO - [2024-05-29T14:37:37.115+0000] {dag.py:3722} INFO - Setting next_dagrun for example_subdag_operator to 2022-01-01T00:00:00+00:00, run_after=2022-01-01T00:00:00+00:00
[2024-05-29T14:37:37.119+0000] {logging_mixin.py:154} INFO - [2024-05-29T14:37:37.119+0000] {dag.py:3722} INFO - Setting next_dagrun for example_subdag_operator.section-1 to None, run_after=None
[2024-05-29T14:37:37.121+0000] {logging_mixin.py:154} INFO - [2024-05-29T14:37:37.121+0000] {dag.py:3722} INFO - Setting next_dagrun for example_subdag_operator.section-2 to None, run_after=None
[2024-05-29T14:37:37.128+0000] {logging_mixin.py:154} INFO - [2024-05-29T14:37:37.128+0000] {dag.py:2941} INFO - Sync 2 DAGs
[2024-05-29T14:37:37.133+0000] {logging_mixin.py:154} INFO - [2024-05-29T14:37:37.133+0000] {dag.py:3722} INFO - Setting next_dagrun for example_subdag_operator.section-1 to None, run_after=None
[2024-05-29T14:37:37.134+0000] {logging_mixin.py:154} INFO - [2024-05-29T14:37:37.134+0000] {dag.py:3722} INFO - Setting next_dagrun for example_subdag_operator.section-2 to None, run_after=None
[2024-05-29T14:37:37.149+0000] {processor.py:179} INFO - Processing /home/airflow/.local/lib/python3.8/site-packages/airflow/example_dags/example_subdag_operator.py took 0.107 seconds
