[2024-05-29T14:35:08.600+0000] {processor.py:157} INFO - Started process (PID=83) to work on /home/airflow/.local/lib/python3.8/site-packages/airflow/example_dags/example_latest_only.py
[2024-05-29T14:35:08.601+0000] {processor.py:829} INFO - Processing file /home/airflow/.local/lib/python3.8/site-packages/airflow/example_dags/example_latest_only.py for tasks to queue
[2024-05-29T14:35:08.604+0000] {logging_mixin.py:154} INFO - [2024-05-29T14:35:08.604+0000] {dagbag.py:536} INFO - Filling up the DagBag from /home/airflow/.local/lib/python3.8/site-packages/airflow/example_dags/example_latest_only.py
[2024-05-29T14:35:08.610+0000] {processor.py:839} INFO - DAG(s) dict_keys(['latest_only']) retrieved from /home/airflow/.local/lib/python3.8/site-packages/airflow/example_dags/example_latest_only.py
[2024-05-29T14:35:08.738+0000] {logging_mixin.py:154} INFO - [2024-05-29T14:35:08.738+0000] {manager.py:499} INFO - Created Permission View: %s
[2024-05-29T14:35:08.751+0000] {logging_mixin.py:154} INFO - [2024-05-29T14:35:08.750+0000] {manager.py:499} INFO - Created Permission View: %s
[2024-05-29T14:35:08.759+0000] {logging_mixin.py:154} INFO - [2024-05-29T14:35:08.759+0000] {manager.py:499} INFO - Created Permission View: %s
[2024-05-29T14:35:08.759+0000] {logging_mixin.py:154} INFO - [2024-05-29T14:35:08.759+0000] {dag.py:2941} INFO - Sync 1 DAGs
[2024-05-29T14:35:08.772+0000] {logging_mixin.py:154} INFO - [2024-05-29T14:35:08.772+0000] {dag.py:2963} INFO - Creating ORM DAG for latest_only
[2024-05-29T14:35:08.784+0000] {logging_mixin.py:154} INFO - [2024-05-29T14:35:08.784+0000] {dag.py:3722} INFO - Setting next_dagrun for latest_only to 2024-05-29T10:35:08.784189+00:00, run_after=2024-05-29T14:35:08.784189+00:00
[2024-05-29T14:35:08.806+0000] {processor.py:179} INFO - Processing /home/airflow/.local/lib/python3.8/site-packages/airflow/example_dags/example_latest_only.py took 0.210 seconds
[2024-05-29T14:35:39.436+0000] {processor.py:157} INFO - Started process (PID=137) to work on /home/airflow/.local/lib/python3.8/site-packages/airflow/example_dags/example_latest_only.py
[2024-05-29T14:35:39.437+0000] {processor.py:829} INFO - Processing file /home/airflow/.local/lib/python3.8/site-packages/airflow/example_dags/example_latest_only.py for tasks to queue
[2024-05-29T14:35:39.439+0000] {logging_mixin.py:154} INFO - [2024-05-29T14:35:39.439+0000] {dagbag.py:536} INFO - Filling up the DagBag from /home/airflow/.local/lib/python3.8/site-packages/airflow/example_dags/example_latest_only.py
[2024-05-29T14:35:39.444+0000] {processor.py:839} INFO - DAG(s) dict_keys(['latest_only']) retrieved from /home/airflow/.local/lib/python3.8/site-packages/airflow/example_dags/example_latest_only.py
[2024-05-29T14:35:39.467+0000] {logging_mixin.py:154} INFO - [2024-05-29T14:35:39.466+0000] {dag.py:2941} INFO - Sync 1 DAGs
[2024-05-29T14:35:39.491+0000] {logging_mixin.py:154} INFO - [2024-05-29T14:35:39.490+0000] {dag.py:3722} INFO - Setting next_dagrun for latest_only to 2024-05-29T10:35:39.490630+00:00, run_after=2024-05-29T14:35:39.490630+00:00
[2024-05-29T14:35:39.510+0000] {processor.py:179} INFO - Processing /home/airflow/.local/lib/python3.8/site-packages/airflow/example_dags/example_latest_only.py took 0.078 seconds
[2024-05-29T14:36:10.043+0000] {processor.py:157} INFO - Started process (PID=191) to work on /home/airflow/.local/lib/python3.8/site-packages/airflow/example_dags/example_latest_only.py
[2024-05-29T14:36:10.045+0000] {processor.py:829} INFO - Processing file /home/airflow/.local/lib/python3.8/site-packages/airflow/example_dags/example_latest_only.py for tasks to queue
[2024-05-29T14:36:10.047+0000] {logging_mixin.py:154} INFO - [2024-05-29T14:36:10.047+0000] {dagbag.py:536} INFO - Filling up the DagBag from /home/airflow/.local/lib/python3.8/site-packages/airflow/example_dags/example_latest_only.py
[2024-05-29T14:36:10.054+0000] {processor.py:839} INFO - DAG(s) dict_keys(['latest_only']) retrieved from /home/airflow/.local/lib/python3.8/site-packages/airflow/example_dags/example_latest_only.py
[2024-05-29T14:36:10.077+0000] {logging_mixin.py:154} INFO - [2024-05-29T14:36:10.077+0000] {dag.py:2941} INFO - Sync 1 DAGs
[2024-05-29T14:36:10.103+0000] {logging_mixin.py:154} INFO - [2024-05-29T14:36:10.103+0000] {dag.py:3722} INFO - Setting next_dagrun for latest_only to 2024-05-29T10:36:10.103264+00:00, run_after=2024-05-29T14:36:10.103264+00:00
[2024-05-29T14:36:10.127+0000] {processor.py:179} INFO - Processing /home/airflow/.local/lib/python3.8/site-packages/airflow/example_dags/example_latest_only.py took 0.088 seconds
[2024-05-29T14:36:41.067+0000] {processor.py:157} INFO - Started process (PID=245) to work on /home/airflow/.local/lib/python3.8/site-packages/airflow/example_dags/example_latest_only.py
[2024-05-29T14:36:41.068+0000] {processor.py:829} INFO - Processing file /home/airflow/.local/lib/python3.8/site-packages/airflow/example_dags/example_latest_only.py for tasks to queue
[2024-05-29T14:36:41.070+0000] {logging_mixin.py:154} INFO - [2024-05-29T14:36:41.069+0000] {dagbag.py:536} INFO - Filling up the DagBag from /home/airflow/.local/lib/python3.8/site-packages/airflow/example_dags/example_latest_only.py
[2024-05-29T14:36:41.074+0000] {processor.py:839} INFO - DAG(s) dict_keys(['latest_only']) retrieved from /home/airflow/.local/lib/python3.8/site-packages/airflow/example_dags/example_latest_only.py
[2024-05-29T14:36:41.094+0000] {logging_mixin.py:154} INFO - [2024-05-29T14:36:41.094+0000] {dag.py:2941} INFO - Sync 1 DAGs
[2024-05-29T14:36:41.117+0000] {logging_mixin.py:154} INFO - [2024-05-29T14:36:41.116+0000] {dag.py:3722} INFO - Setting next_dagrun for latest_only to 2024-05-29T10:36:41.116767+00:00, run_after=2024-05-29T14:36:41.116767+00:00
[2024-05-29T14:36:41.137+0000] {processor.py:179} INFO - Processing /home/airflow/.local/lib/python3.8/site-packages/airflow/example_dags/example_latest_only.py took 0.073 seconds
[2024-05-29T14:37:11.559+0000] {processor.py:157} INFO - Started process (PID=299) to work on /home/airflow/.local/lib/python3.8/site-packages/airflow/example_dags/example_latest_only.py
[2024-05-29T14:37:11.560+0000] {processor.py:829} INFO - Processing file /home/airflow/.local/lib/python3.8/site-packages/airflow/example_dags/example_latest_only.py for tasks to queue
[2024-05-29T14:37:11.562+0000] {logging_mixin.py:154} INFO - [2024-05-29T14:37:11.562+0000] {dagbag.py:536} INFO - Filling up the DagBag from /home/airflow/.local/lib/python3.8/site-packages/airflow/example_dags/example_latest_only.py
[2024-05-29T14:37:11.567+0000] {processor.py:839} INFO - DAG(s) dict_keys(['latest_only']) retrieved from /home/airflow/.local/lib/python3.8/site-packages/airflow/example_dags/example_latest_only.py
[2024-05-29T14:37:11.587+0000] {logging_mixin.py:154} INFO - [2024-05-29T14:37:11.587+0000] {dag.py:2941} INFO - Sync 1 DAGs
[2024-05-29T14:37:11.607+0000] {logging_mixin.py:154} INFO - [2024-05-29T14:37:11.607+0000] {dag.py:3722} INFO - Setting next_dagrun for latest_only to 2024-05-29T10:37:11.607115+00:00, run_after=2024-05-29T14:37:11.607115+00:00
[2024-05-29T14:37:11.624+0000] {processor.py:179} INFO - Processing /home/airflow/.local/lib/python3.8/site-packages/airflow/example_dags/example_latest_only.py took 0.068 seconds
[2024-05-29T14:37:42.591+0000] {processor.py:157} INFO - Started process (PID=353) to work on /home/airflow/.local/lib/python3.8/site-packages/airflow/example_dags/example_latest_only.py
[2024-05-29T14:37:42.593+0000] {processor.py:829} INFO - Processing file /home/airflow/.local/lib/python3.8/site-packages/airflow/example_dags/example_latest_only.py for tasks to queue
[2024-05-29T14:37:42.598+0000] {logging_mixin.py:154} INFO - [2024-05-29T14:37:42.597+0000] {dagbag.py:536} INFO - Filling up the DagBag from /home/airflow/.local/lib/python3.8/site-packages/airflow/example_dags/example_latest_only.py
[2024-05-29T14:37:42.608+0000] {processor.py:839} INFO - DAG(s) dict_keys(['latest_only']) retrieved from /home/airflow/.local/lib/python3.8/site-packages/airflow/example_dags/example_latest_only.py
[2024-05-29T14:37:42.648+0000] {logging_mixin.py:154} INFO - [2024-05-29T14:37:42.648+0000] {dag.py:2941} INFO - Sync 1 DAGs
[2024-05-29T14:37:42.684+0000] {logging_mixin.py:154} INFO - [2024-05-29T14:37:42.683+0000] {dag.py:3722} INFO - Setting next_dagrun for latest_only to 2024-05-29T10:37:42.683110+00:00, run_after=2024-05-29T14:37:42.683110+00:00
[2024-05-29T14:37:42.717+0000] {processor.py:179} INFO - Processing /home/airflow/.local/lib/python3.8/site-packages/airflow/example_dags/example_latest_only.py took 0.131 seconds
