[2024-05-29T14:35:00.939+0000] {processor.py:157} INFO - Started process (PID=45) to work on /home/airflow/.local/lib/python3.8/site-packages/airflow/example_dags/example_dag_decorator.py
[2024-05-29T14:35:00.941+0000] {processor.py:829} INFO - Processing file /home/airflow/.local/lib/python3.8/site-packages/airflow/example_dags/example_dag_decorator.py for tasks to queue
[2024-05-29T14:35:00.946+0000] {logging_mixin.py:154} INFO - [2024-05-29T14:35:00.945+0000] {dagbag.py:536} INFO - Filling up the DagBag from /home/airflow/.local/lib/python3.8/site-packages/airflow/example_dags/example_dag_decorator.py
[2024-05-29T14:35:01.264+0000] {processor.py:839} INFO - DAG(s) dict_keys(['example_dag_decorator']) retrieved from /home/airflow/.local/lib/python3.8/site-packages/airflow/example_dags/example_dag_decorator.py
[2024-05-29T14:35:01.450+0000] {logging_mixin.py:154} INFO - [2024-05-29T14:35:01.450+0000] {manager.py:499} INFO - Created Permission View: %s
[2024-05-29T14:35:01.462+0000] {logging_mixin.py:154} INFO - [2024-05-29T14:35:01.462+0000] {manager.py:499} INFO - Created Permission View: %s
[2024-05-29T14:35:01.472+0000] {logging_mixin.py:154} INFO - [2024-05-29T14:35:01.472+0000] {manager.py:499} INFO - Created Permission View: %s
[2024-05-29T14:35:01.473+0000] {logging_mixin.py:154} INFO - [2024-05-29T14:35:01.472+0000] {dag.py:2941} INFO - Sync 1 DAGs
[2024-05-29T14:35:01.486+0000] {logging_mixin.py:154} INFO - [2024-05-29T14:35:01.486+0000] {dag.py:2963} INFO - Creating ORM DAG for example_dag_decorator
[2024-05-29T14:35:01.488+0000] {logging_mixin.py:154} INFO - [2024-05-29T14:35:01.487+0000] {dag.py:3722} INFO - Setting next_dagrun for example_dag_decorator to None, run_after=None
[2024-05-29T14:35:01.511+0000] {processor.py:179} INFO - Processing /home/airflow/.local/lib/python3.8/site-packages/airflow/example_dags/example_dag_decorator.py took 0.581 seconds
[2024-05-29T14:35:31.733+0000] {processor.py:157} INFO - Started process (PID=99) to work on /home/airflow/.local/lib/python3.8/site-packages/airflow/example_dags/example_dag_decorator.py
[2024-05-29T14:35:31.734+0000] {processor.py:829} INFO - Processing file /home/airflow/.local/lib/python3.8/site-packages/airflow/example_dags/example_dag_decorator.py for tasks to queue
[2024-05-29T14:35:31.736+0000] {logging_mixin.py:154} INFO - [2024-05-29T14:35:31.735+0000] {dagbag.py:536} INFO - Filling up the DagBag from /home/airflow/.local/lib/python3.8/site-packages/airflow/example_dags/example_dag_decorator.py
[2024-05-29T14:35:31.853+0000] {processor.py:839} INFO - DAG(s) dict_keys(['example_dag_decorator']) retrieved from /home/airflow/.local/lib/python3.8/site-packages/airflow/example_dags/example_dag_decorator.py
[2024-05-29T14:35:32.013+0000] {logging_mixin.py:154} INFO - [2024-05-29T14:35:32.013+0000] {dag.py:2941} INFO - Sync 1 DAGs
[2024-05-29T14:35:32.031+0000] {logging_mixin.py:154} INFO - [2024-05-29T14:35:32.030+0000] {dag.py:3722} INFO - Setting next_dagrun for example_dag_decorator to None, run_after=None
[2024-05-29T14:35:32.067+0000] {processor.py:179} INFO - Processing /home/airflow/.local/lib/python3.8/site-packages/airflow/example_dags/example_dag_decorator.py took 0.338 seconds
[2024-05-29T14:36:02.450+0000] {processor.py:157} INFO - Started process (PID=153) to work on /home/airflow/.local/lib/python3.8/site-packages/airflow/example_dags/example_dag_decorator.py
[2024-05-29T14:36:02.451+0000] {processor.py:829} INFO - Processing file /home/airflow/.local/lib/python3.8/site-packages/airflow/example_dags/example_dag_decorator.py for tasks to queue
[2024-05-29T14:36:02.454+0000] {logging_mixin.py:154} INFO - [2024-05-29T14:36:02.454+0000] {dagbag.py:536} INFO - Filling up the DagBag from /home/airflow/.local/lib/python3.8/site-packages/airflow/example_dags/example_dag_decorator.py
[2024-05-29T14:36:02.556+0000] {processor.py:839} INFO - DAG(s) dict_keys(['example_dag_decorator']) retrieved from /home/airflow/.local/lib/python3.8/site-packages/airflow/example_dags/example_dag_decorator.py
[2024-05-29T14:36:02.729+0000] {logging_mixin.py:154} INFO - [2024-05-29T14:36:02.728+0000] {dag.py:2941} INFO - Sync 1 DAGs
[2024-05-29T14:36:02.748+0000] {logging_mixin.py:154} INFO - [2024-05-29T14:36:02.747+0000] {dag.py:3722} INFO - Setting next_dagrun for example_dag_decorator to None, run_after=None
[2024-05-29T14:36:02.784+0000] {processor.py:179} INFO - Processing /home/airflow/.local/lib/python3.8/site-packages/airflow/example_dags/example_dag_decorator.py took 0.338 seconds
[2024-05-29T14:36:33.314+0000] {processor.py:157} INFO - Started process (PID=207) to work on /home/airflow/.local/lib/python3.8/site-packages/airflow/example_dags/example_dag_decorator.py
[2024-05-29T14:36:33.315+0000] {processor.py:829} INFO - Processing file /home/airflow/.local/lib/python3.8/site-packages/airflow/example_dags/example_dag_decorator.py for tasks to queue
[2024-05-29T14:36:33.318+0000] {logging_mixin.py:154} INFO - [2024-05-29T14:36:33.317+0000] {dagbag.py:536} INFO - Filling up the DagBag from /home/airflow/.local/lib/python3.8/site-packages/airflow/example_dags/example_dag_decorator.py
[2024-05-29T14:36:33.413+0000] {processor.py:839} INFO - DAG(s) dict_keys(['example_dag_decorator']) retrieved from /home/airflow/.local/lib/python3.8/site-packages/airflow/example_dags/example_dag_decorator.py
[2024-05-29T14:36:33.567+0000] {logging_mixin.py:154} INFO - [2024-05-29T14:36:33.566+0000] {dag.py:2941} INFO - Sync 1 DAGs
[2024-05-29T14:36:33.584+0000] {logging_mixin.py:154} INFO - [2024-05-29T14:36:33.584+0000] {dag.py:3722} INFO - Setting next_dagrun for example_dag_decorator to None, run_after=None
[2024-05-29T14:36:33.610+0000] {processor.py:179} INFO - Processing /home/airflow/.local/lib/python3.8/site-packages/airflow/example_dags/example_dag_decorator.py took 0.302 seconds
[2024-05-29T14:37:03.772+0000] {processor.py:157} INFO - Started process (PID=263) to work on /home/airflow/.local/lib/python3.8/site-packages/airflow/example_dags/example_dag_decorator.py
[2024-05-29T14:37:03.773+0000] {processor.py:829} INFO - Processing file /home/airflow/.local/lib/python3.8/site-packages/airflow/example_dags/example_dag_decorator.py for tasks to queue
[2024-05-29T14:37:03.776+0000] {logging_mixin.py:154} INFO - [2024-05-29T14:37:03.776+0000] {dagbag.py:536} INFO - Filling up the DagBag from /home/airflow/.local/lib/python3.8/site-packages/airflow/example_dags/example_dag_decorator.py
[2024-05-29T14:37:03.897+0000] {processor.py:839} INFO - DAG(s) dict_keys(['example_dag_decorator']) retrieved from /home/airflow/.local/lib/python3.8/site-packages/airflow/example_dags/example_dag_decorator.py
[2024-05-29T14:37:04.150+0000] {logging_mixin.py:154} INFO - [2024-05-29T14:37:04.150+0000] {dag.py:2941} INFO - Sync 1 DAGs
[2024-05-29T14:37:04.182+0000] {logging_mixin.py:154} INFO - [2024-05-29T14:37:04.181+0000] {dag.py:3722} INFO - Setting next_dagrun for example_dag_decorator to None, run_after=None
[2024-05-29T14:37:04.233+0000] {processor.py:179} INFO - Processing /home/airflow/.local/lib/python3.8/site-packages/airflow/example_dags/example_dag_decorator.py took 0.467 seconds
[2024-05-29T14:37:35.102+0000] {processor.py:157} INFO - Started process (PID=317) to work on /home/airflow/.local/lib/python3.8/site-packages/airflow/example_dags/example_dag_decorator.py
[2024-05-29T14:37:35.103+0000] {processor.py:829} INFO - Processing file /home/airflow/.local/lib/python3.8/site-packages/airflow/example_dags/example_dag_decorator.py for tasks to queue
[2024-05-29T14:37:35.105+0000] {logging_mixin.py:154} INFO - [2024-05-29T14:37:35.105+0000] {dagbag.py:536} INFO - Filling up the DagBag from /home/airflow/.local/lib/python3.8/site-packages/airflow/example_dags/example_dag_decorator.py
[2024-05-29T14:37:35.187+0000] {processor.py:839} INFO - DAG(s) dict_keys(['example_dag_decorator']) retrieved from /home/airflow/.local/lib/python3.8/site-packages/airflow/example_dags/example_dag_decorator.py
[2024-05-29T14:37:35.303+0000] {logging_mixin.py:154} INFO - [2024-05-29T14:37:35.303+0000] {dag.py:2941} INFO - Sync 1 DAGs
[2024-05-29T14:37:35.314+0000] {logging_mixin.py:154} INFO - [2024-05-29T14:37:35.314+0000] {dag.py:3722} INFO - Setting next_dagrun for example_dag_decorator to None, run_after=None
[2024-05-29T14:37:35.333+0000] {processor.py:179} INFO - Processing /home/airflow/.local/lib/python3.8/site-packages/airflow/example_dags/example_dag_decorator.py took 0.235 seconds
