[2024-05-29T14:35:00.086+0000] {processor.py:157} INFO - Started process (PID=43) to work on /home/airflow/.local/lib/python3.8/site-packages/airflow/example_dags/example_trigger_target_dag.py
[2024-05-29T14:35:00.088+0000] {processor.py:829} INFO - Processing file /home/airflow/.local/lib/python3.8/site-packages/airflow/example_dags/example_trigger_target_dag.py for tasks to queue
[2024-05-29T14:35:00.093+0000] {logging_mixin.py:154} INFO - [2024-05-29T14:35:00.092+0000] {dagbag.py:536} INFO - Filling up the DagBag from /home/airflow/.local/lib/python3.8/site-packages/airflow/example_dags/example_trigger_target_dag.py
[2024-05-29T14:35:00.118+0000] {processor.py:839} INFO - DAG(s) dict_keys(['example_trigger_target_dag']) retrieved from /home/airflow/.local/lib/python3.8/site-packages/airflow/example_dags/example_trigger_target_dag.py
[2024-05-29T14:35:00.450+0000] {logging_mixin.py:154} INFO - [2024-05-29T14:35:00.450+0000] {manager.py:499} INFO - Created Permission View: %s
[2024-05-29T14:35:00.464+0000] {logging_mixin.py:154} INFO - [2024-05-29T14:35:00.464+0000] {manager.py:499} INFO - Created Permission View: %s
[2024-05-29T14:35:00.474+0000] {logging_mixin.py:154} INFO - [2024-05-29T14:35:00.473+0000] {manager.py:499} INFO - Created Permission View: %s
[2024-05-29T14:35:00.474+0000] {logging_mixin.py:154} INFO - [2024-05-29T14:35:00.474+0000] {dag.py:2941} INFO - Sync 1 DAGs
[2024-05-29T14:35:00.496+0000] {logging_mixin.py:154} INFO - [2024-05-29T14:35:00.495+0000] {dag.py:2963} INFO - Creating ORM DAG for example_trigger_target_dag
[2024-05-29T14:35:00.497+0000] {logging_mixin.py:154} INFO - [2024-05-29T14:35:00.497+0000] {dag.py:3722} INFO - Setting next_dagrun for example_trigger_target_dag to None, run_after=None
[2024-05-29T14:35:00.524+0000] {processor.py:179} INFO - Processing /home/airflow/.local/lib/python3.8/site-packages/airflow/example_dags/example_trigger_target_dag.py took 0.444 seconds
[2024-05-29T14:35:30.594+0000] {processor.py:157} INFO - Started process (PID=97) to work on /home/airflow/.local/lib/python3.8/site-packages/airflow/example_dags/example_trigger_target_dag.py
[2024-05-29T14:35:30.595+0000] {processor.py:829} INFO - Processing file /home/airflow/.local/lib/python3.8/site-packages/airflow/example_dags/example_trigger_target_dag.py for tasks to queue
[2024-05-29T14:35:30.597+0000] {logging_mixin.py:154} INFO - [2024-05-29T14:35:30.597+0000] {dagbag.py:536} INFO - Filling up the DagBag from /home/airflow/.local/lib/python3.8/site-packages/airflow/example_dags/example_trigger_target_dag.py
[2024-05-29T14:35:30.604+0000] {processor.py:839} INFO - DAG(s) dict_keys(['example_trigger_target_dag']) retrieved from /home/airflow/.local/lib/python3.8/site-packages/airflow/example_dags/example_trigger_target_dag.py
[2024-05-29T14:35:30.673+0000] {logging_mixin.py:154} INFO - [2024-05-29T14:35:30.673+0000] {dag.py:2941} INFO - Sync 1 DAGs
[2024-05-29T14:35:30.693+0000] {logging_mixin.py:154} INFO - [2024-05-29T14:35:30.693+0000] {dag.py:3722} INFO - Setting next_dagrun for example_trigger_target_dag to None, run_after=None
[2024-05-29T14:35:31.228+0000] {processor.py:179} INFO - Processing /home/airflow/.local/lib/python3.8/site-packages/airflow/example_dags/example_trigger_target_dag.py took 0.636 seconds
[2024-05-29T14:36:01.271+0000] {processor.py:157} INFO - Started process (PID=150) to work on /home/airflow/.local/lib/python3.8/site-packages/airflow/example_dags/example_trigger_target_dag.py
[2024-05-29T14:36:01.275+0000] {processor.py:829} INFO - Processing file /home/airflow/.local/lib/python3.8/site-packages/airflow/example_dags/example_trigger_target_dag.py for tasks to queue
[2024-05-29T14:36:01.293+0000] {logging_mixin.py:154} INFO - [2024-05-29T14:36:01.293+0000] {dagbag.py:536} INFO - Filling up the DagBag from /home/airflow/.local/lib/python3.8/site-packages/airflow/example_dags/example_trigger_target_dag.py
[2024-05-29T14:36:01.314+0000] {processor.py:839} INFO - DAG(s) dict_keys(['example_trigger_target_dag']) retrieved from /home/airflow/.local/lib/python3.8/site-packages/airflow/example_dags/example_trigger_target_dag.py
[2024-05-29T14:36:01.367+0000] {logging_mixin.py:154} INFO - [2024-05-29T14:36:01.367+0000] {dag.py:2941} INFO - Sync 1 DAGs
[2024-05-29T14:36:01.384+0000] {logging_mixin.py:154} INFO - [2024-05-29T14:36:01.384+0000] {dag.py:3722} INFO - Setting next_dagrun for example_trigger_target_dag to None, run_after=None
[2024-05-29T14:36:01.415+0000] {processor.py:179} INFO - Processing /home/airflow/.local/lib/python3.8/site-packages/airflow/example_dags/example_trigger_target_dag.py took 0.148 seconds
[2024-05-29T14:36:32.135+0000] {processor.py:157} INFO - Started process (PID=204) to work on /home/airflow/.local/lib/python3.8/site-packages/airflow/example_dags/example_trigger_target_dag.py
[2024-05-29T14:36:32.136+0000] {processor.py:829} INFO - Processing file /home/airflow/.local/lib/python3.8/site-packages/airflow/example_dags/example_trigger_target_dag.py for tasks to queue
[2024-05-29T14:36:32.139+0000] {logging_mixin.py:154} INFO - [2024-05-29T14:36:32.139+0000] {dagbag.py:536} INFO - Filling up the DagBag from /home/airflow/.local/lib/python3.8/site-packages/airflow/example_dags/example_trigger_target_dag.py
[2024-05-29T14:36:32.146+0000] {processor.py:839} INFO - DAG(s) dict_keys(['example_trigger_target_dag']) retrieved from /home/airflow/.local/lib/python3.8/site-packages/airflow/example_dags/example_trigger_target_dag.py
[2024-05-29T14:36:32.169+0000] {logging_mixin.py:154} INFO - [2024-05-29T14:36:32.169+0000] {dag.py:2941} INFO - Sync 1 DAGs
[2024-05-29T14:36:32.182+0000] {logging_mixin.py:154} INFO - [2024-05-29T14:36:32.182+0000] {dag.py:3722} INFO - Setting next_dagrun for example_trigger_target_dag to None, run_after=None
[2024-05-29T14:36:32.202+0000] {processor.py:179} INFO - Processing /home/airflow/.local/lib/python3.8/site-packages/airflow/example_dags/example_trigger_target_dag.py took 0.071 seconds
[2024-05-29T14:37:02.307+0000] {processor.py:157} INFO - Started process (PID=258) to work on /home/airflow/.local/lib/python3.8/site-packages/airflow/example_dags/example_trigger_target_dag.py
[2024-05-29T14:37:02.309+0000] {processor.py:829} INFO - Processing file /home/airflow/.local/lib/python3.8/site-packages/airflow/example_dags/example_trigger_target_dag.py for tasks to queue
[2024-05-29T14:37:02.312+0000] {logging_mixin.py:154} INFO - [2024-05-29T14:37:02.312+0000] {dagbag.py:536} INFO - Filling up the DagBag from /home/airflow/.local/lib/python3.8/site-packages/airflow/example_dags/example_trigger_target_dag.py
[2024-05-29T14:37:02.319+0000] {processor.py:839} INFO - DAG(s) dict_keys(['example_trigger_target_dag']) retrieved from /home/airflow/.local/lib/python3.8/site-packages/airflow/example_dags/example_trigger_target_dag.py
[2024-05-29T14:37:02.343+0000] {logging_mixin.py:154} INFO - [2024-05-29T14:37:02.343+0000] {dag.py:2941} INFO - Sync 1 DAGs
[2024-05-29T14:37:02.357+0000] {logging_mixin.py:154} INFO - [2024-05-29T14:37:02.357+0000] {dag.py:3722} INFO - Setting next_dagrun for example_trigger_target_dag to None, run_after=None
[2024-05-29T14:37:02.376+0000] {processor.py:179} INFO - Processing /home/airflow/.local/lib/python3.8/site-packages/airflow/example_dags/example_trigger_target_dag.py took 0.074 seconds
[2024-05-29T14:37:32.757+0000] {processor.py:157} INFO - Started process (PID=312) to work on /home/airflow/.local/lib/python3.8/site-packages/airflow/example_dags/example_trigger_target_dag.py
[2024-05-29T14:37:32.758+0000] {processor.py:829} INFO - Processing file /home/airflow/.local/lib/python3.8/site-packages/airflow/example_dags/example_trigger_target_dag.py for tasks to queue
[2024-05-29T14:37:32.760+0000] {logging_mixin.py:154} INFO - [2024-05-29T14:37:32.760+0000] {dagbag.py:536} INFO - Filling up the DagBag from /home/airflow/.local/lib/python3.8/site-packages/airflow/example_dags/example_trigger_target_dag.py
[2024-05-29T14:37:32.765+0000] {processor.py:839} INFO - DAG(s) dict_keys(['example_trigger_target_dag']) retrieved from /home/airflow/.local/lib/python3.8/site-packages/airflow/example_dags/example_trigger_target_dag.py
[2024-05-29T14:37:32.783+0000] {logging_mixin.py:154} INFO - [2024-05-29T14:37:32.783+0000] {dag.py:2941} INFO - Sync 1 DAGs
[2024-05-29T14:37:32.795+0000] {logging_mixin.py:154} INFO - [2024-05-29T14:37:32.795+0000] {dag.py:3722} INFO - Setting next_dagrun for example_trigger_target_dag to None, run_after=None
[2024-05-29T14:37:32.818+0000] {processor.py:179} INFO - Processing /home/airflow/.local/lib/python3.8/site-packages/airflow/example_dags/example_trigger_target_dag.py took 0.064 seconds
