[2024-05-29T14:35:04.923+0000] {processor.py:157} INFO - Started process (PID=62) to work on /home/airflow/.local/lib/python3.8/site-packages/airflow/example_dags/example_kubernetes_executor.py
[2024-05-29T14:35:04.925+0000] {processor.py:829} INFO - Processing file /home/airflow/.local/lib/python3.8/site-packages/airflow/example_dags/example_kubernetes_executor.py for tasks to queue
[2024-05-29T14:35:04.928+0000] {logging_mixin.py:154} INFO - [2024-05-29T14:35:04.928+0000] {dagbag.py:536} INFO - Filling up the DagBag from /home/airflow/.local/lib/python3.8/site-packages/airflow/example_dags/example_kubernetes_executor.py
[2024-05-29T14:35:04.947+0000] {processor.py:839} INFO - DAG(s) dict_keys(['example_kubernetes_executor']) retrieved from /home/airflow/.local/lib/python3.8/site-packages/airflow/example_dags/example_kubernetes_executor.py
[2024-05-29T14:35:05.116+0000] {logging_mixin.py:154} INFO - [2024-05-29T14:35:05.116+0000] {manager.py:499} INFO - Created Permission View: %s
[2024-05-29T14:35:05.133+0000] {logging_mixin.py:154} INFO - [2024-05-29T14:35:05.133+0000] {manager.py:499} INFO - Created Permission View: %s
[2024-05-29T14:35:05.147+0000] {logging_mixin.py:154} INFO - [2024-05-29T14:35:05.147+0000] {manager.py:499} INFO - Created Permission View: %s
[2024-05-29T14:35:05.148+0000] {logging_mixin.py:154} INFO - [2024-05-29T14:35:05.148+0000] {dag.py:2941} INFO - Sync 1 DAGs
[2024-05-29T14:35:05.169+0000] {logging_mixin.py:154} INFO - [2024-05-29T14:35:05.169+0000] {dag.py:2963} INFO - Creating ORM DAG for example_kubernetes_executor
[2024-05-29T14:35:05.171+0000] {logging_mixin.py:154} INFO - [2024-05-29T14:35:05.170+0000] {dag.py:3722} INFO - Setting next_dagrun for example_kubernetes_executor to None, run_after=None
[2024-05-29T14:35:05.204+0000] {processor.py:179} INFO - Processing /home/airflow/.local/lib/python3.8/site-packages/airflow/example_dags/example_kubernetes_executor.py took 0.284 seconds
[2024-05-29T14:35:36.079+0000] {processor.py:157} INFO - Started process (PID=116) to work on /home/airflow/.local/lib/python3.8/site-packages/airflow/example_dags/example_kubernetes_executor.py
[2024-05-29T14:35:36.080+0000] {processor.py:829} INFO - Processing file /home/airflow/.local/lib/python3.8/site-packages/airflow/example_dags/example_kubernetes_executor.py for tasks to queue
[2024-05-29T14:35:36.082+0000] {logging_mixin.py:154} INFO - [2024-05-29T14:35:36.082+0000] {dagbag.py:536} INFO - Filling up the DagBag from /home/airflow/.local/lib/python3.8/site-packages/airflow/example_dags/example_kubernetes_executor.py
[2024-05-29T14:35:36.099+0000] {processor.py:839} INFO - DAG(s) dict_keys(['example_kubernetes_executor']) retrieved from /home/airflow/.local/lib/python3.8/site-packages/airflow/example_dags/example_kubernetes_executor.py
[2024-05-29T14:35:36.142+0000] {logging_mixin.py:154} INFO - [2024-05-29T14:35:36.141+0000] {dag.py:2941} INFO - Sync 1 DAGs
[2024-05-29T14:35:36.157+0000] {logging_mixin.py:154} INFO - [2024-05-29T14:35:36.157+0000] {dag.py:3722} INFO - Setting next_dagrun for example_kubernetes_executor to None, run_after=None
[2024-05-29T14:35:36.181+0000] {processor.py:179} INFO - Processing /home/airflow/.local/lib/python3.8/site-packages/airflow/example_dags/example_kubernetes_executor.py took 0.106 seconds
[2024-05-29T14:36:06.722+0000] {processor.py:157} INFO - Started process (PID=170) to work on /home/airflow/.local/lib/python3.8/site-packages/airflow/example_dags/example_kubernetes_executor.py
[2024-05-29T14:36:06.723+0000] {processor.py:829} INFO - Processing file /home/airflow/.local/lib/python3.8/site-packages/airflow/example_dags/example_kubernetes_executor.py for tasks to queue
[2024-05-29T14:36:06.725+0000] {logging_mixin.py:154} INFO - [2024-05-29T14:36:06.725+0000] {dagbag.py:536} INFO - Filling up the DagBag from /home/airflow/.local/lib/python3.8/site-packages/airflow/example_dags/example_kubernetes_executor.py
[2024-05-29T14:36:06.739+0000] {processor.py:839} INFO - DAG(s) dict_keys(['example_kubernetes_executor']) retrieved from /home/airflow/.local/lib/python3.8/site-packages/airflow/example_dags/example_kubernetes_executor.py
[2024-05-29T14:36:06.781+0000] {logging_mixin.py:154} INFO - [2024-05-29T14:36:06.780+0000] {dag.py:2941} INFO - Sync 1 DAGs
[2024-05-29T14:36:06.794+0000] {logging_mixin.py:154} INFO - [2024-05-29T14:36:06.794+0000] {dag.py:3722} INFO - Setting next_dagrun for example_kubernetes_executor to None, run_after=None
[2024-05-29T14:36:06.819+0000] {processor.py:179} INFO - Processing /home/airflow/.local/lib/python3.8/site-packages/airflow/example_dags/example_kubernetes_executor.py took 0.100 seconds
[2024-05-29T14:36:36.867+0000] {processor.py:157} INFO - Started process (PID=224) to work on /home/airflow/.local/lib/python3.8/site-packages/airflow/example_dags/example_kubernetes_executor.py
[2024-05-29T14:36:36.868+0000] {processor.py:829} INFO - Processing file /home/airflow/.local/lib/python3.8/site-packages/airflow/example_dags/example_kubernetes_executor.py for tasks to queue
[2024-05-29T14:36:36.870+0000] {logging_mixin.py:154} INFO - [2024-05-29T14:36:36.870+0000] {dagbag.py:536} INFO - Filling up the DagBag from /home/airflow/.local/lib/python3.8/site-packages/airflow/example_dags/example_kubernetes_executor.py
[2024-05-29T14:36:36.883+0000] {processor.py:839} INFO - DAG(s) dict_keys(['example_kubernetes_executor']) retrieved from /home/airflow/.local/lib/python3.8/site-packages/airflow/example_dags/example_kubernetes_executor.py
[2024-05-29T14:36:36.921+0000] {logging_mixin.py:154} INFO - [2024-05-29T14:36:36.921+0000] {dag.py:2941} INFO - Sync 1 DAGs
[2024-05-29T14:36:36.935+0000] {logging_mixin.py:154} INFO - [2024-05-29T14:36:36.934+0000] {dag.py:3722} INFO - Setting next_dagrun for example_kubernetes_executor to None, run_after=None
[2024-05-29T14:36:36.956+0000] {processor.py:179} INFO - Processing /home/airflow/.local/lib/python3.8/site-packages/airflow/example_dags/example_kubernetes_executor.py took 0.091 seconds
[2024-05-29T14:37:07.321+0000] {processor.py:157} INFO - Started process (PID=278) to work on /home/airflow/.local/lib/python3.8/site-packages/airflow/example_dags/example_kubernetes_executor.py
[2024-05-29T14:37:07.322+0000] {processor.py:829} INFO - Processing file /home/airflow/.local/lib/python3.8/site-packages/airflow/example_dags/example_kubernetes_executor.py for tasks to queue
[2024-05-29T14:37:07.325+0000] {logging_mixin.py:154} INFO - [2024-05-29T14:37:07.324+0000] {dagbag.py:536} INFO - Filling up the DagBag from /home/airflow/.local/lib/python3.8/site-packages/airflow/example_dags/example_kubernetes_executor.py
[2024-05-29T14:37:07.340+0000] {processor.py:839} INFO - DAG(s) dict_keys(['example_kubernetes_executor']) retrieved from /home/airflow/.local/lib/python3.8/site-packages/airflow/example_dags/example_kubernetes_executor.py
[2024-05-29T14:37:07.387+0000] {logging_mixin.py:154} INFO - [2024-05-29T14:37:07.387+0000] {dag.py:2941} INFO - Sync 1 DAGs
[2024-05-29T14:37:07.403+0000] {logging_mixin.py:154} INFO - [2024-05-29T14:37:07.403+0000] {dag.py:3722} INFO - Setting next_dagrun for example_kubernetes_executor to None, run_after=None
[2024-05-29T14:37:07.428+0000] {processor.py:179} INFO - Processing /home/airflow/.local/lib/python3.8/site-packages/airflow/example_dags/example_kubernetes_executor.py took 0.112 seconds
[2024-05-29T14:37:38.187+0000] {processor.py:157} INFO - Started process (PID=332) to work on /home/airflow/.local/lib/python3.8/site-packages/airflow/example_dags/example_kubernetes_executor.py
[2024-05-29T14:37:38.188+0000] {processor.py:829} INFO - Processing file /home/airflow/.local/lib/python3.8/site-packages/airflow/example_dags/example_kubernetes_executor.py for tasks to queue
[2024-05-29T14:37:38.191+0000] {logging_mixin.py:154} INFO - [2024-05-29T14:37:38.190+0000] {dagbag.py:536} INFO - Filling up the DagBag from /home/airflow/.local/lib/python3.8/site-packages/airflow/example_dags/example_kubernetes_executor.py
[2024-05-29T14:37:38.205+0000] {processor.py:839} INFO - DAG(s) dict_keys(['example_kubernetes_executor']) retrieved from /home/airflow/.local/lib/python3.8/site-packages/airflow/example_dags/example_kubernetes_executor.py
[2024-05-29T14:37:38.245+0000] {logging_mixin.py:154} INFO - [2024-05-29T14:37:38.244+0000] {dag.py:2941} INFO - Sync 1 DAGs
[2024-05-29T14:37:38.273+0000] {logging_mixin.py:154} INFO - [2024-05-29T14:37:38.272+0000] {dag.py:3722} INFO - Setting next_dagrun for example_kubernetes_executor to None, run_after=None
[2024-05-29T14:37:38.331+0000] {processor.py:179} INFO - Processing /home/airflow/.local/lib/python3.8/site-packages/airflow/example_dags/example_kubernetes_executor.py took 0.147 seconds
