[2024-05-29T14:35:01.950+0000] {processor.py:157} INFO - Started process (PID=51) to work on /home/airflow/.local/lib/python3.8/site-packages/airflow/example_dags/example_branch_labels.py
[2024-05-29T14:35:01.953+0000] {processor.py:829} INFO - Processing file /home/airflow/.local/lib/python3.8/site-packages/airflow/example_dags/example_branch_labels.py for tasks to queue
[2024-05-29T14:35:01.959+0000] {logging_mixin.py:154} INFO - [2024-05-29T14:35:01.958+0000] {dagbag.py:536} INFO - Filling up the DagBag from /home/airflow/.local/lib/python3.8/site-packages/airflow/example_dags/example_branch_labels.py
[2024-05-29T14:35:01.985+0000] {processor.py:839} INFO - DAG(s) dict_keys(['example_branch_labels']) retrieved from /home/airflow/.local/lib/python3.8/site-packages/airflow/example_dags/example_branch_labels.py
[2024-05-29T14:35:02.171+0000] {logging_mixin.py:154} INFO - [2024-05-29T14:35:02.170+0000] {manager.py:499} INFO - Created Permission View: %s
[2024-05-29T14:35:02.189+0000] {logging_mixin.py:154} INFO - [2024-05-29T14:35:02.189+0000] {manager.py:499} INFO - Created Permission View: %s
[2024-05-29T14:35:02.208+0000] {logging_mixin.py:154} INFO - [2024-05-29T14:35:02.208+0000] {manager.py:499} INFO - Created Permission View: %s
[2024-05-29T14:35:02.209+0000] {logging_mixin.py:154} INFO - [2024-05-29T14:35:02.209+0000] {dag.py:2941} INFO - Sync 1 DAGs
[2024-05-29T14:35:02.235+0000] {logging_mixin.py:154} INFO - [2024-05-29T14:35:02.235+0000] {dag.py:2963} INFO - Creating ORM DAG for example_branch_labels
[2024-05-29T14:35:02.272+0000] {logging_mixin.py:154} INFO - [2024-05-29T14:35:02.271+0000] {dag.py:3722} INFO - Setting next_dagrun for example_branch_labels to 2024-05-28T00:00:00+00:00, run_after=2024-05-29T00:00:00+00:00
[2024-05-29T14:35:02.306+0000] {processor.py:179} INFO - Processing /home/airflow/.local/lib/python3.8/site-packages/airflow/example_dags/example_branch_labels.py took 0.365 seconds
[2024-05-29T14:35:33.258+0000] {processor.py:157} INFO - Started process (PID=105) to work on /home/airflow/.local/lib/python3.8/site-packages/airflow/example_dags/example_branch_labels.py
[2024-05-29T14:35:33.259+0000] {processor.py:829} INFO - Processing file /home/airflow/.local/lib/python3.8/site-packages/airflow/example_dags/example_branch_labels.py for tasks to queue
[2024-05-29T14:35:33.262+0000] {logging_mixin.py:154} INFO - [2024-05-29T14:35:33.262+0000] {dagbag.py:536} INFO - Filling up the DagBag from /home/airflow/.local/lib/python3.8/site-packages/airflow/example_dags/example_branch_labels.py
[2024-05-29T14:35:33.271+0000] {processor.py:839} INFO - DAG(s) dict_keys(['example_branch_labels']) retrieved from /home/airflow/.local/lib/python3.8/site-packages/airflow/example_dags/example_branch_labels.py
[2024-05-29T14:35:33.295+0000] {logging_mixin.py:154} INFO - [2024-05-29T14:35:33.295+0000] {dag.py:2941} INFO - Sync 1 DAGs
[2024-05-29T14:35:33.329+0000] {logging_mixin.py:154} INFO - [2024-05-29T14:35:33.328+0000] {dag.py:3722} INFO - Setting next_dagrun for example_branch_labels to 2024-05-28T00:00:00+00:00, run_after=2024-05-29T00:00:00+00:00
[2024-05-29T14:35:33.363+0000] {processor.py:179} INFO - Processing /home/airflow/.local/lib/python3.8/site-packages/airflow/example_dags/example_branch_labels.py took 0.108 seconds
[2024-05-29T14:36:03.946+0000] {processor.py:157} INFO - Started process (PID=159) to work on /home/airflow/.local/lib/python3.8/site-packages/airflow/example_dags/example_branch_labels.py
[2024-05-29T14:36:03.947+0000] {processor.py:829} INFO - Processing file /home/airflow/.local/lib/python3.8/site-packages/airflow/example_dags/example_branch_labels.py for tasks to queue
[2024-05-29T14:36:03.950+0000] {logging_mixin.py:154} INFO - [2024-05-29T14:36:03.949+0000] {dagbag.py:536} INFO - Filling up the DagBag from /home/airflow/.local/lib/python3.8/site-packages/airflow/example_dags/example_branch_labels.py
[2024-05-29T14:36:03.958+0000] {processor.py:839} INFO - DAG(s) dict_keys(['example_branch_labels']) retrieved from /home/airflow/.local/lib/python3.8/site-packages/airflow/example_dags/example_branch_labels.py
[2024-05-29T14:36:03.983+0000] {logging_mixin.py:154} INFO - [2024-05-29T14:36:03.983+0000] {dag.py:2941} INFO - Sync 1 DAGs
[2024-05-29T14:36:04.007+0000] {logging_mixin.py:154} INFO - [2024-05-29T14:36:04.007+0000] {dag.py:3722} INFO - Setting next_dagrun for example_branch_labels to 2024-05-28T00:00:00+00:00, run_after=2024-05-29T00:00:00+00:00
[2024-05-29T14:36:04.034+0000] {processor.py:179} INFO - Processing /home/airflow/.local/lib/python3.8/site-packages/airflow/example_dags/example_branch_labels.py took 0.092 seconds
[2024-05-29T14:36:34.858+0000] {processor.py:157} INFO - Started process (PID=213) to work on /home/airflow/.local/lib/python3.8/site-packages/airflow/example_dags/example_branch_labels.py
[2024-05-29T14:36:34.860+0000] {processor.py:829} INFO - Processing file /home/airflow/.local/lib/python3.8/site-packages/airflow/example_dags/example_branch_labels.py for tasks to queue
[2024-05-29T14:36:34.865+0000] {logging_mixin.py:154} INFO - [2024-05-29T14:36:34.864+0000] {dagbag.py:536} INFO - Filling up the DagBag from /home/airflow/.local/lib/python3.8/site-packages/airflow/example_dags/example_branch_labels.py
[2024-05-29T14:36:34.876+0000] {processor.py:839} INFO - DAG(s) dict_keys(['example_branch_labels']) retrieved from /home/airflow/.local/lib/python3.8/site-packages/airflow/example_dags/example_branch_labels.py
[2024-05-29T14:36:34.913+0000] {logging_mixin.py:154} INFO - [2024-05-29T14:36:34.913+0000] {dag.py:2941} INFO - Sync 1 DAGs
[2024-05-29T14:36:34.954+0000] {logging_mixin.py:154} INFO - [2024-05-29T14:36:34.954+0000] {dag.py:3722} INFO - Setting next_dagrun for example_branch_labels to 2024-05-28T00:00:00+00:00, run_after=2024-05-29T00:00:00+00:00
[2024-05-29T14:36:34.988+0000] {processor.py:179} INFO - Processing /home/airflow/.local/lib/python3.8/site-packages/airflow/example_dags/example_branch_labels.py took 0.134 seconds
[2024-05-29T14:37:05.461+0000] {processor.py:157} INFO - Started process (PID=267) to work on /home/airflow/.local/lib/python3.8/site-packages/airflow/example_dags/example_branch_labels.py
[2024-05-29T14:37:05.462+0000] {processor.py:829} INFO - Processing file /home/airflow/.local/lib/python3.8/site-packages/airflow/example_dags/example_branch_labels.py for tasks to queue
[2024-05-29T14:37:05.465+0000] {logging_mixin.py:154} INFO - [2024-05-29T14:37:05.465+0000] {dagbag.py:536} INFO - Filling up the DagBag from /home/airflow/.local/lib/python3.8/site-packages/airflow/example_dags/example_branch_labels.py
[2024-05-29T14:37:05.473+0000] {processor.py:839} INFO - DAG(s) dict_keys(['example_branch_labels']) retrieved from /home/airflow/.local/lib/python3.8/site-packages/airflow/example_dags/example_branch_labels.py
[2024-05-29T14:37:05.498+0000] {logging_mixin.py:154} INFO - [2024-05-29T14:37:05.498+0000] {dag.py:2941} INFO - Sync 1 DAGs
[2024-05-29T14:37:05.522+0000] {logging_mixin.py:154} INFO - [2024-05-29T14:37:05.522+0000] {dag.py:3722} INFO - Setting next_dagrun for example_branch_labels to 2024-05-28T00:00:00+00:00, run_after=2024-05-29T00:00:00+00:00
[2024-05-29T14:37:05.542+0000] {processor.py:179} INFO - Processing /home/airflow/.local/lib/python3.8/site-packages/airflow/example_dags/example_branch_labels.py took 0.084 seconds
[2024-05-29T14:37:36.320+0000] {processor.py:157} INFO - Started process (PID=321) to work on /home/airflow/.local/lib/python3.8/site-packages/airflow/example_dags/example_branch_labels.py
[2024-05-29T14:37:36.321+0000] {processor.py:829} INFO - Processing file /home/airflow/.local/lib/python3.8/site-packages/airflow/example_dags/example_branch_labels.py for tasks to queue
[2024-05-29T14:37:36.323+0000] {logging_mixin.py:154} INFO - [2024-05-29T14:37:36.323+0000] {dagbag.py:536} INFO - Filling up the DagBag from /home/airflow/.local/lib/python3.8/site-packages/airflow/example_dags/example_branch_labels.py
[2024-05-29T14:37:36.332+0000] {processor.py:839} INFO - DAG(s) dict_keys(['example_branch_labels']) retrieved from /home/airflow/.local/lib/python3.8/site-packages/airflow/example_dags/example_branch_labels.py
[2024-05-29T14:37:36.356+0000] {logging_mixin.py:154} INFO - [2024-05-29T14:37:36.356+0000] {dag.py:2941} INFO - Sync 1 DAGs
[2024-05-29T14:37:36.384+0000] {logging_mixin.py:154} INFO - [2024-05-29T14:37:36.384+0000] {dag.py:3722} INFO - Setting next_dagrun for example_branch_labels to 2024-05-28T00:00:00+00:00, run_after=2024-05-29T00:00:00+00:00
[2024-05-29T14:37:36.409+0000] {processor.py:179} INFO - Processing /home/airflow/.local/lib/python3.8/site-packages/airflow/example_dags/example_branch_labels.py took 0.091 seconds
