[2024-05-29T14:35:03.984+0000] {processor.py:157} INFO - Started process (PID=58) to work on /home/airflow/.local/lib/python3.8/site-packages/airflow/example_dags/example_task_group.py
[2024-05-29T14:35:03.986+0000] {processor.py:829} INFO - Processing file /home/airflow/.local/lib/python3.8/site-packages/airflow/example_dags/example_task_group.py for tasks to queue
[2024-05-29T14:35:03.993+0000] {logging_mixin.py:154} INFO - [2024-05-29T14:35:03.992+0000] {dagbag.py:536} INFO - Filling up the DagBag from /home/airflow/.local/lib/python3.8/site-packages/airflow/example_dags/example_task_group.py
[2024-05-29T14:35:04.013+0000] {processor.py:839} INFO - DAG(s) dict_keys(['example_task_group']) retrieved from /home/airflow/.local/lib/python3.8/site-packages/airflow/example_dags/example_task_group.py
[2024-05-29T14:35:04.397+0000] {logging_mixin.py:154} INFO - [2024-05-29T14:35:04.396+0000] {manager.py:499} INFO - Created Permission View: %s
[2024-05-29T14:35:04.429+0000] {logging_mixin.py:154} INFO - [2024-05-29T14:35:04.429+0000] {manager.py:499} INFO - Created Permission View: %s
[2024-05-29T14:35:04.451+0000] {logging_mixin.py:154} INFO - [2024-05-29T14:35:04.450+0000] {manager.py:499} INFO - Created Permission View: %s
[2024-05-29T14:35:04.454+0000] {logging_mixin.py:154} INFO - [2024-05-29T14:35:04.453+0000] {dag.py:2941} INFO - Sync 1 DAGs
[2024-05-29T14:35:04.486+0000] {logging_mixin.py:154} INFO - [2024-05-29T14:35:04.485+0000] {dag.py:2963} INFO - Creating ORM DAG for example_task_group
[2024-05-29T14:35:04.519+0000] {logging_mixin.py:154} INFO - [2024-05-29T14:35:04.519+0000] {dag.py:3722} INFO - Setting next_dagrun for example_task_group to 2024-05-28T14:35:04.518548+00:00, run_after=2024-05-29T14:35:04.518548+00:00
[2024-05-29T14:35:04.567+0000] {processor.py:179} INFO - Processing /home/airflow/.local/lib/python3.8/site-packages/airflow/example_dags/example_task_group.py took 0.591 seconds
[2024-05-29T14:35:34.830+0000] {processor.py:157} INFO - Started process (PID=112) to work on /home/airflow/.local/lib/python3.8/site-packages/airflow/example_dags/example_task_group.py
[2024-05-29T14:35:34.831+0000] {processor.py:829} INFO - Processing file /home/airflow/.local/lib/python3.8/site-packages/airflow/example_dags/example_task_group.py for tasks to queue
[2024-05-29T14:35:34.833+0000] {logging_mixin.py:154} INFO - [2024-05-29T14:35:34.833+0000] {dagbag.py:536} INFO - Filling up the DagBag from /home/airflow/.local/lib/python3.8/site-packages/airflow/example_dags/example_task_group.py
[2024-05-29T14:35:34.841+0000] {processor.py:839} INFO - DAG(s) dict_keys(['example_task_group']) retrieved from /home/airflow/.local/lib/python3.8/site-packages/airflow/example_dags/example_task_group.py
[2024-05-29T14:35:34.865+0000] {logging_mixin.py:154} INFO - [2024-05-29T14:35:34.865+0000] {dag.py:2941} INFO - Sync 1 DAGs
[2024-05-29T14:35:34.889+0000] {logging_mixin.py:154} INFO - [2024-05-29T14:35:34.889+0000] {dag.py:3722} INFO - Setting next_dagrun for example_task_group to 2024-05-28T14:35:34.888805+00:00, run_after=2024-05-29T14:35:34.888805+00:00
[2024-05-29T14:35:34.907+0000] {processor.py:179} INFO - Processing /home/airflow/.local/lib/python3.8/site-packages/airflow/example_dags/example_task_group.py took 0.081 seconds
[2024-05-29T14:36:05.457+0000] {processor.py:157} INFO - Started process (PID=166) to work on /home/airflow/.local/lib/python3.8/site-packages/airflow/example_dags/example_task_group.py
[2024-05-29T14:36:05.458+0000] {processor.py:829} INFO - Processing file /home/airflow/.local/lib/python3.8/site-packages/airflow/example_dags/example_task_group.py for tasks to queue
[2024-05-29T14:36:05.463+0000] {logging_mixin.py:154} INFO - [2024-05-29T14:36:05.462+0000] {dagbag.py:536} INFO - Filling up the DagBag from /home/airflow/.local/lib/python3.8/site-packages/airflow/example_dags/example_task_group.py
[2024-05-29T14:36:05.473+0000] {processor.py:839} INFO - DAG(s) dict_keys(['example_task_group']) retrieved from /home/airflow/.local/lib/python3.8/site-packages/airflow/example_dags/example_task_group.py
[2024-05-29T14:36:05.499+0000] {logging_mixin.py:154} INFO - [2024-05-29T14:36:05.499+0000] {dag.py:2941} INFO - Sync 1 DAGs
[2024-05-29T14:36:05.526+0000] {logging_mixin.py:154} INFO - [2024-05-29T14:36:05.526+0000] {dag.py:3722} INFO - Setting next_dagrun for example_task_group to 2024-05-28T14:36:05.526078+00:00, run_after=2024-05-29T14:36:05.526078+00:00
[2024-05-29T14:36:05.560+0000] {processor.py:179} INFO - Processing /home/airflow/.local/lib/python3.8/site-packages/airflow/example_dags/example_task_group.py took 0.108 seconds
[2024-05-29T14:36:35.624+0000] {processor.py:157} INFO - Started process (PID=220) to work on /home/airflow/.local/lib/python3.8/site-packages/airflow/example_dags/example_task_group.py
[2024-05-29T14:36:35.625+0000] {processor.py:829} INFO - Processing file /home/airflow/.local/lib/python3.8/site-packages/airflow/example_dags/example_task_group.py for tasks to queue
[2024-05-29T14:36:35.627+0000] {logging_mixin.py:154} INFO - [2024-05-29T14:36:35.627+0000] {dagbag.py:536} INFO - Filling up the DagBag from /home/airflow/.local/lib/python3.8/site-packages/airflow/example_dags/example_task_group.py
[2024-05-29T14:36:35.634+0000] {processor.py:839} INFO - DAG(s) dict_keys(['example_task_group']) retrieved from /home/airflow/.local/lib/python3.8/site-packages/airflow/example_dags/example_task_group.py
[2024-05-29T14:36:35.655+0000] {logging_mixin.py:154} INFO - [2024-05-29T14:36:35.655+0000] {dag.py:2941} INFO - Sync 1 DAGs
[2024-05-29T14:36:35.675+0000] {logging_mixin.py:154} INFO - [2024-05-29T14:36:35.675+0000] {dag.py:3722} INFO - Setting next_dagrun for example_task_group to 2024-05-28T14:36:35.674974+00:00, run_after=2024-05-29T14:36:35.674974+00:00
[2024-05-29T14:36:35.692+0000] {processor.py:179} INFO - Processing /home/airflow/.local/lib/python3.8/site-packages/airflow/example_dags/example_task_group.py took 0.071 seconds
[2024-05-29T14:37:05.999+0000] {processor.py:157} INFO - Started process (PID=274) to work on /home/airflow/.local/lib/python3.8/site-packages/airflow/example_dags/example_task_group.py
[2024-05-29T14:37:06.001+0000] {processor.py:829} INFO - Processing file /home/airflow/.local/lib/python3.8/site-packages/airflow/example_dags/example_task_group.py for tasks to queue
[2024-05-29T14:37:06.005+0000] {logging_mixin.py:154} INFO - [2024-05-29T14:37:06.004+0000] {dagbag.py:536} INFO - Filling up the DagBag from /home/airflow/.local/lib/python3.8/site-packages/airflow/example_dags/example_task_group.py
[2024-05-29T14:37:06.017+0000] {processor.py:839} INFO - DAG(s) dict_keys(['example_task_group']) retrieved from /home/airflow/.local/lib/python3.8/site-packages/airflow/example_dags/example_task_group.py
[2024-05-29T14:37:06.050+0000] {logging_mixin.py:154} INFO - [2024-05-29T14:37:06.050+0000] {dag.py:2941} INFO - Sync 1 DAGs
[2024-05-29T14:37:06.082+0000] {logging_mixin.py:154} INFO - [2024-05-29T14:37:06.082+0000] {dag.py:3722} INFO - Setting next_dagrun for example_task_group to 2024-05-28T14:37:06.081777+00:00, run_after=2024-05-29T14:37:06.081777+00:00
[2024-05-29T14:37:06.111+0000] {processor.py:179} INFO - Processing /home/airflow/.local/lib/python3.8/site-packages/airflow/example_dags/example_task_group.py took 0.119 seconds
[2024-05-29T14:37:36.926+0000] {processor.py:157} INFO - Started process (PID=328) to work on /home/airflow/.local/lib/python3.8/site-packages/airflow/example_dags/example_task_group.py
[2024-05-29T14:37:36.926+0000] {processor.py:829} INFO - Processing file /home/airflow/.local/lib/python3.8/site-packages/airflow/example_dags/example_task_group.py for tasks to queue
[2024-05-29T14:37:36.929+0000] {logging_mixin.py:154} INFO - [2024-05-29T14:37:36.928+0000] {dagbag.py:536} INFO - Filling up the DagBag from /home/airflow/.local/lib/python3.8/site-packages/airflow/example_dags/example_task_group.py
[2024-05-29T14:37:36.936+0000] {processor.py:839} INFO - DAG(s) dict_keys(['example_task_group']) retrieved from /home/airflow/.local/lib/python3.8/site-packages/airflow/example_dags/example_task_group.py
[2024-05-29T14:37:36.960+0000] {logging_mixin.py:154} INFO - [2024-05-29T14:37:36.960+0000] {dag.py:2941} INFO - Sync 1 DAGs
[2024-05-29T14:37:36.988+0000] {logging_mixin.py:154} INFO - [2024-05-29T14:37:36.987+0000] {dag.py:3722} INFO - Setting next_dagrun for example_task_group to 2024-05-28T14:37:36.987567+00:00, run_after=2024-05-29T14:37:36.987567+00:00
[2024-05-29T14:37:37.012+0000] {processor.py:179} INFO - Processing /home/airflow/.local/lib/python3.8/site-packages/airflow/example_dags/example_task_group.py took 0.090 seconds
