[2024-05-29T14:35:02.843+0000] {processor.py:157} INFO - Started process (PID=54) to work on /home/airflow/.local/lib/python3.8/site-packages/airflow/example_dags/example_short_circuit_operator.py
[2024-05-29T14:35:02.845+0000] {processor.py:829} INFO - Processing file /home/airflow/.local/lib/python3.8/site-packages/airflow/example_dags/example_short_circuit_operator.py for tasks to queue
[2024-05-29T14:35:02.848+0000] {logging_mixin.py:154} INFO - [2024-05-29T14:35:02.848+0000] {dagbag.py:536} INFO - Filling up the DagBag from /home/airflow/.local/lib/python3.8/site-packages/airflow/example_dags/example_short_circuit_operator.py
[2024-05-29T14:35:02.866+0000] {processor.py:839} INFO - DAG(s) dict_keys(['example_short_circuit_operator']) retrieved from /home/airflow/.local/lib/python3.8/site-packages/airflow/example_dags/example_short_circuit_operator.py
[2024-05-29T14:35:03.101+0000] {logging_mixin.py:154} INFO - [2024-05-29T14:35:03.100+0000] {manager.py:499} INFO - Created Permission View: %s
[2024-05-29T14:35:03.121+0000] {logging_mixin.py:154} INFO - [2024-05-29T14:35:03.120+0000] {manager.py:499} INFO - Created Permission View: %s
[2024-05-29T14:35:03.136+0000] {logging_mixin.py:154} INFO - [2024-05-29T14:35:03.136+0000] {manager.py:499} INFO - Created Permission View: %s
[2024-05-29T14:35:03.138+0000] {logging_mixin.py:154} INFO - [2024-05-29T14:35:03.137+0000] {dag.py:2941} INFO - Sync 1 DAGs
[2024-05-29T14:35:03.169+0000] {logging_mixin.py:154} INFO - [2024-05-29T14:35:03.168+0000] {dag.py:2963} INFO - Creating ORM DAG for example_short_circuit_operator
[2024-05-29T14:35:03.200+0000] {logging_mixin.py:154} INFO - [2024-05-29T14:35:03.200+0000] {dag.py:3722} INFO - Setting next_dagrun for example_short_circuit_operator to 2024-05-28T14:35:03.200121+00:00, run_after=2024-05-29T14:35:03.200121+00:00
[2024-05-29T14:35:03.247+0000] {processor.py:179} INFO - Processing /home/airflow/.local/lib/python3.8/site-packages/airflow/example_dags/example_short_circuit_operator.py took 0.408 seconds
[2024-05-29T14:35:33.562+0000] {processor.py:157} INFO - Started process (PID=108) to work on /home/airflow/.local/lib/python3.8/site-packages/airflow/example_dags/example_short_circuit_operator.py
[2024-05-29T14:35:33.564+0000] {processor.py:829} INFO - Processing file /home/airflow/.local/lib/python3.8/site-packages/airflow/example_dags/example_short_circuit_operator.py for tasks to queue
[2024-05-29T14:35:33.567+0000] {logging_mixin.py:154} INFO - [2024-05-29T14:35:33.567+0000] {dagbag.py:536} INFO - Filling up the DagBag from /home/airflow/.local/lib/python3.8/site-packages/airflow/example_dags/example_short_circuit_operator.py
[2024-05-29T14:35:33.577+0000] {processor.py:839} INFO - DAG(s) dict_keys(['example_short_circuit_operator']) retrieved from /home/airflow/.local/lib/python3.8/site-packages/airflow/example_dags/example_short_circuit_operator.py
[2024-05-29T14:35:33.610+0000] {logging_mixin.py:154} INFO - [2024-05-29T14:35:33.610+0000] {dag.py:2941} INFO - Sync 1 DAGs
[2024-05-29T14:35:33.641+0000] {logging_mixin.py:154} INFO - [2024-05-29T14:35:33.641+0000] {dag.py:3722} INFO - Setting next_dagrun for example_short_circuit_operator to 2024-05-28T14:35:33.640596+00:00, run_after=2024-05-29T14:35:33.640596+00:00
[2024-05-29T14:35:33.673+0000] {processor.py:179} INFO - Processing /home/airflow/.local/lib/python3.8/site-packages/airflow/example_dags/example_short_circuit_operator.py took 0.115 seconds
[2024-05-29T14:36:04.214+0000] {processor.py:157} INFO - Started process (PID=162) to work on /home/airflow/.local/lib/python3.8/site-packages/airflow/example_dags/example_short_circuit_operator.py
[2024-05-29T14:36:04.216+0000] {processor.py:829} INFO - Processing file /home/airflow/.local/lib/python3.8/site-packages/airflow/example_dags/example_short_circuit_operator.py for tasks to queue
[2024-05-29T14:36:04.218+0000] {logging_mixin.py:154} INFO - [2024-05-29T14:36:04.218+0000] {dagbag.py:536} INFO - Filling up the DagBag from /home/airflow/.local/lib/python3.8/site-packages/airflow/example_dags/example_short_circuit_operator.py
[2024-05-29T14:36:04.228+0000] {processor.py:839} INFO - DAG(s) dict_keys(['example_short_circuit_operator']) retrieved from /home/airflow/.local/lib/python3.8/site-packages/airflow/example_dags/example_short_circuit_operator.py
[2024-05-29T14:36:04.258+0000] {logging_mixin.py:154} INFO - [2024-05-29T14:36:04.257+0000] {dag.py:2941} INFO - Sync 1 DAGs
[2024-05-29T14:36:04.285+0000] {logging_mixin.py:154} INFO - [2024-05-29T14:36:04.284+0000] {dag.py:3722} INFO - Setting next_dagrun for example_short_circuit_operator to 2024-05-28T14:36:04.284621+00:00, run_after=2024-05-29T14:36:04.284621+00:00
[2024-05-29T14:36:04.315+0000] {processor.py:179} INFO - Processing /home/airflow/.local/lib/python3.8/site-packages/airflow/example_dags/example_short_circuit_operator.py took 0.104 seconds
[2024-05-29T14:36:35.262+0000] {processor.py:157} INFO - Started process (PID=216) to work on /home/airflow/.local/lib/python3.8/site-packages/airflow/example_dags/example_short_circuit_operator.py
[2024-05-29T14:36:35.263+0000] {processor.py:829} INFO - Processing file /home/airflow/.local/lib/python3.8/site-packages/airflow/example_dags/example_short_circuit_operator.py for tasks to queue
[2024-05-29T14:36:35.266+0000] {logging_mixin.py:154} INFO - [2024-05-29T14:36:35.266+0000] {dagbag.py:536} INFO - Filling up the DagBag from /home/airflow/.local/lib/python3.8/site-packages/airflow/example_dags/example_short_circuit_operator.py
[2024-05-29T14:36:35.276+0000] {processor.py:839} INFO - DAG(s) dict_keys(['example_short_circuit_operator']) retrieved from /home/airflow/.local/lib/python3.8/site-packages/airflow/example_dags/example_short_circuit_operator.py
[2024-05-29T14:36:35.303+0000] {logging_mixin.py:154} INFO - [2024-05-29T14:36:35.303+0000] {dag.py:2941} INFO - Sync 1 DAGs
[2024-05-29T14:36:35.328+0000] {logging_mixin.py:154} INFO - [2024-05-29T14:36:35.328+0000] {dag.py:3722} INFO - Setting next_dagrun for example_short_circuit_operator to 2024-05-28T14:36:35.327817+00:00, run_after=2024-05-29T14:36:35.327817+00:00
[2024-05-29T14:36:35.352+0000] {processor.py:179} INFO - Processing /home/airflow/.local/lib/python3.8/site-packages/airflow/example_dags/example_short_circuit_operator.py took 0.094 seconds
[2024-05-29T14:37:05.717+0000] {processor.py:157} INFO - Started process (PID=270) to work on /home/airflow/.local/lib/python3.8/site-packages/airflow/example_dags/example_short_circuit_operator.py
[2024-05-29T14:37:05.718+0000] {processor.py:829} INFO - Processing file /home/airflow/.local/lib/python3.8/site-packages/airflow/example_dags/example_short_circuit_operator.py for tasks to queue
[2024-05-29T14:37:05.722+0000] {logging_mixin.py:154} INFO - [2024-05-29T14:37:05.722+0000] {dagbag.py:536} INFO - Filling up the DagBag from /home/airflow/.local/lib/python3.8/site-packages/airflow/example_dags/example_short_circuit_operator.py
[2024-05-29T14:37:05.731+0000] {processor.py:839} INFO - DAG(s) dict_keys(['example_short_circuit_operator']) retrieved from /home/airflow/.local/lib/python3.8/site-packages/airflow/example_dags/example_short_circuit_operator.py
[2024-05-29T14:37:05.758+0000] {logging_mixin.py:154} INFO - [2024-05-29T14:37:05.758+0000] {dag.py:2941} INFO - Sync 1 DAGs
[2024-05-29T14:37:05.784+0000] {logging_mixin.py:154} INFO - [2024-05-29T14:37:05.784+0000] {dag.py:3722} INFO - Setting next_dagrun for example_short_circuit_operator to 2024-05-28T14:37:05.784468+00:00, run_after=2024-05-29T14:37:05.784468+00:00
[2024-05-29T14:37:05.806+0000] {processor.py:179} INFO - Processing /home/airflow/.local/lib/python3.8/site-packages/airflow/example_dags/example_short_circuit_operator.py took 0.093 seconds
[2024-05-29T14:37:36.620+0000] {processor.py:157} INFO - Started process (PID=324) to work on /home/airflow/.local/lib/python3.8/site-packages/airflow/example_dags/example_short_circuit_operator.py
[2024-05-29T14:37:36.621+0000] {processor.py:829} INFO - Processing file /home/airflow/.local/lib/python3.8/site-packages/airflow/example_dags/example_short_circuit_operator.py for tasks to queue
[2024-05-29T14:37:36.624+0000] {logging_mixin.py:154} INFO - [2024-05-29T14:37:36.624+0000] {dagbag.py:536} INFO - Filling up the DagBag from /home/airflow/.local/lib/python3.8/site-packages/airflow/example_dags/example_short_circuit_operator.py
[2024-05-29T14:37:36.633+0000] {processor.py:839} INFO - DAG(s) dict_keys(['example_short_circuit_operator']) retrieved from /home/airflow/.local/lib/python3.8/site-packages/airflow/example_dags/example_short_circuit_operator.py
[2024-05-29T14:37:36.663+0000] {logging_mixin.py:154} INFO - [2024-05-29T14:37:36.663+0000] {dag.py:2941} INFO - Sync 1 DAGs
[2024-05-29T14:37:36.692+0000] {logging_mixin.py:154} INFO - [2024-05-29T14:37:36.691+0000] {dag.py:3722} INFO - Setting next_dagrun for example_short_circuit_operator to 2024-05-28T14:37:36.691647+00:00, run_after=2024-05-29T14:37:36.691647+00:00
[2024-05-29T14:37:36.716+0000] {processor.py:179} INFO - Processing /home/airflow/.local/lib/python3.8/site-packages/airflow/example_dags/example_short_circuit_operator.py took 0.099 seconds
