[2024-05-29T14:35:06.951+0000] {processor.py:157} INFO - Started process (PID=74) to work on /home/airflow/.local/lib/python3.8/site-packages/airflow/example_dags/example_latest_only_with_trigger.py
[2024-05-29T14:35:06.952+0000] {processor.py:829} INFO - Processing file /home/airflow/.local/lib/python3.8/site-packages/airflow/example_dags/example_latest_only_with_trigger.py for tasks to queue
[2024-05-29T14:35:06.954+0000] {logging_mixin.py:154} INFO - [2024-05-29T14:35:06.954+0000] {dagbag.py:536} INFO - Filling up the DagBag from /home/airflow/.local/lib/python3.8/site-packages/airflow/example_dags/example_latest_only_with_trigger.py
[2024-05-29T14:35:06.978+0000] {processor.py:839} INFO - DAG(s) dict_keys(['latest_only_with_trigger']) retrieved from /home/airflow/.local/lib/python3.8/site-packages/airflow/example_dags/example_latest_only_with_trigger.py
[2024-05-29T14:35:07.190+0000] {logging_mixin.py:154} INFO - [2024-05-29T14:35:07.189+0000] {manager.py:499} INFO - Created Permission View: %s
[2024-05-29T14:35:07.240+0000] {logging_mixin.py:154} INFO - [2024-05-29T14:35:07.240+0000] {manager.py:499} INFO - Created Permission View: %s
[2024-05-29T14:35:07.318+0000] {logging_mixin.py:154} INFO - [2024-05-29T14:35:07.317+0000] {manager.py:499} INFO - Created Permission View: %s
[2024-05-29T14:35:07.318+0000] {logging_mixin.py:154} INFO - [2024-05-29T14:35:07.318+0000] {dag.py:2941} INFO - Sync 1 DAGs
[2024-05-29T14:35:07.333+0000] {logging_mixin.py:154} INFO - [2024-05-29T14:35:07.333+0000] {dag.py:2963} INFO - Creating ORM DAG for latest_only_with_trigger
[2024-05-29T14:35:07.345+0000] {logging_mixin.py:154} INFO - [2024-05-29T14:35:07.345+0000] {dag.py:3722} INFO - Setting next_dagrun for latest_only_with_trigger to 2024-05-29T10:35:07.344961+00:00, run_after=2024-05-29T14:35:07.344961+00:00
[2024-05-29T14:35:07.381+0000] {processor.py:179} INFO - Processing /home/airflow/.local/lib/python3.8/site-packages/airflow/example_dags/example_latest_only_with_trigger.py took 0.434 seconds
[2024-05-29T14:35:37.890+0000] {processor.py:157} INFO - Started process (PID=128) to work on /home/airflow/.local/lib/python3.8/site-packages/airflow/example_dags/example_latest_only_with_trigger.py
[2024-05-29T14:35:37.892+0000] {processor.py:829} INFO - Processing file /home/airflow/.local/lib/python3.8/site-packages/airflow/example_dags/example_latest_only_with_trigger.py for tasks to queue
[2024-05-29T14:35:37.895+0000] {logging_mixin.py:154} INFO - [2024-05-29T14:35:37.894+0000] {dagbag.py:536} INFO - Filling up the DagBag from /home/airflow/.local/lib/python3.8/site-packages/airflow/example_dags/example_latest_only_with_trigger.py
[2024-05-29T14:35:37.903+0000] {processor.py:839} INFO - DAG(s) dict_keys(['latest_only_with_trigger']) retrieved from /home/airflow/.local/lib/python3.8/site-packages/airflow/example_dags/example_latest_only_with_trigger.py
[2024-05-29T14:35:37.936+0000] {logging_mixin.py:154} INFO - [2024-05-29T14:35:37.936+0000] {dag.py:2941} INFO - Sync 1 DAGs
[2024-05-29T14:35:37.965+0000] {logging_mixin.py:154} INFO - [2024-05-29T14:35:37.965+0000] {dag.py:3722} INFO - Setting next_dagrun for latest_only_with_trigger to 2024-05-29T10:35:37.964902+00:00, run_after=2024-05-29T14:35:37.964902+00:00
[2024-05-29T14:35:37.987+0000] {processor.py:179} INFO - Processing /home/airflow/.local/lib/python3.8/site-packages/airflow/example_dags/example_latest_only_with_trigger.py took 0.101 seconds
[2024-05-29T14:36:08.618+0000] {processor.py:157} INFO - Started process (PID=182) to work on /home/airflow/.local/lib/python3.8/site-packages/airflow/example_dags/example_latest_only_with_trigger.py
[2024-05-29T14:36:08.619+0000] {processor.py:829} INFO - Processing file /home/airflow/.local/lib/python3.8/site-packages/airflow/example_dags/example_latest_only_with_trigger.py for tasks to queue
[2024-05-29T14:36:08.621+0000] {logging_mixin.py:154} INFO - [2024-05-29T14:36:08.621+0000] {dagbag.py:536} INFO - Filling up the DagBag from /home/airflow/.local/lib/python3.8/site-packages/airflow/example_dags/example_latest_only_with_trigger.py
[2024-05-29T14:36:08.628+0000] {processor.py:839} INFO - DAG(s) dict_keys(['latest_only_with_trigger']) retrieved from /home/airflow/.local/lib/python3.8/site-packages/airflow/example_dags/example_latest_only_with_trigger.py
[2024-05-29T14:36:08.650+0000] {logging_mixin.py:154} INFO - [2024-05-29T14:36:08.650+0000] {dag.py:2941} INFO - Sync 1 DAGs
[2024-05-29T14:36:08.670+0000] {logging_mixin.py:154} INFO - [2024-05-29T14:36:08.670+0000] {dag.py:3722} INFO - Setting next_dagrun for latest_only_with_trigger to 2024-05-29T10:36:08.669853+00:00, run_after=2024-05-29T14:36:08.669853+00:00
[2024-05-29T14:36:08.694+0000] {processor.py:179} INFO - Processing /home/airflow/.local/lib/python3.8/site-packages/airflow/example_dags/example_latest_only_with_trigger.py took 0.080 seconds
[2024-05-29T14:36:39.581+0000] {processor.py:157} INFO - Started process (PID=236) to work on /home/airflow/.local/lib/python3.8/site-packages/airflow/example_dags/example_latest_only_with_trigger.py
[2024-05-29T14:36:39.582+0000] {processor.py:829} INFO - Processing file /home/airflow/.local/lib/python3.8/site-packages/airflow/example_dags/example_latest_only_with_trigger.py for tasks to queue
[2024-05-29T14:36:39.584+0000] {logging_mixin.py:154} INFO - [2024-05-29T14:36:39.584+0000] {dagbag.py:536} INFO - Filling up the DagBag from /home/airflow/.local/lib/python3.8/site-packages/airflow/example_dags/example_latest_only_with_trigger.py
[2024-05-29T14:36:39.590+0000] {processor.py:839} INFO - DAG(s) dict_keys(['latest_only_with_trigger']) retrieved from /home/airflow/.local/lib/python3.8/site-packages/airflow/example_dags/example_latest_only_with_trigger.py
[2024-05-29T14:36:39.611+0000] {logging_mixin.py:154} INFO - [2024-05-29T14:36:39.610+0000] {dag.py:2941} INFO - Sync 1 DAGs
[2024-05-29T14:36:39.633+0000] {logging_mixin.py:154} INFO - [2024-05-29T14:36:39.633+0000] {dag.py:3722} INFO - Setting next_dagrun for latest_only_with_trigger to 2024-05-29T10:36:39.633245+00:00, run_after=2024-05-29T14:36:39.633245+00:00
[2024-05-29T14:36:39.652+0000] {processor.py:179} INFO - Processing /home/airflow/.local/lib/python3.8/site-packages/airflow/example_dags/example_latest_only_with_trigger.py took 0.074 seconds
[2024-05-29T14:37:10.006+0000] {processor.py:157} INFO - Started process (PID=290) to work on /home/airflow/.local/lib/python3.8/site-packages/airflow/example_dags/example_latest_only_with_trigger.py
[2024-05-29T14:37:10.007+0000] {processor.py:829} INFO - Processing file /home/airflow/.local/lib/python3.8/site-packages/airflow/example_dags/example_latest_only_with_trigger.py for tasks to queue
[2024-05-29T14:37:10.010+0000] {logging_mixin.py:154} INFO - [2024-05-29T14:37:10.010+0000] {dagbag.py:536} INFO - Filling up the DagBag from /home/airflow/.local/lib/python3.8/site-packages/airflow/example_dags/example_latest_only_with_trigger.py
[2024-05-29T14:37:10.018+0000] {processor.py:839} INFO - DAG(s) dict_keys(['latest_only_with_trigger']) retrieved from /home/airflow/.local/lib/python3.8/site-packages/airflow/example_dags/example_latest_only_with_trigger.py
[2024-05-29T14:37:10.045+0000] {logging_mixin.py:154} INFO - [2024-05-29T14:37:10.045+0000] {dag.py:2941} INFO - Sync 1 DAGs
[2024-05-29T14:37:10.072+0000] {logging_mixin.py:154} INFO - [2024-05-29T14:37:10.071+0000] {dag.py:3722} INFO - Setting next_dagrun for latest_only_with_trigger to 2024-05-29T10:37:10.071467+00:00, run_after=2024-05-29T14:37:10.071467+00:00
[2024-05-29T14:37:10.097+0000] {processor.py:179} INFO - Processing /home/airflow/.local/lib/python3.8/site-packages/airflow/example_dags/example_latest_only_with_trigger.py took 0.095 seconds
[2024-05-29T14:37:40.913+0000] {processor.py:157} INFO - Started process (PID=344) to work on /home/airflow/.local/lib/python3.8/site-packages/airflow/example_dags/example_latest_only_with_trigger.py
[2024-05-29T14:37:40.915+0000] {processor.py:829} INFO - Processing file /home/airflow/.local/lib/python3.8/site-packages/airflow/example_dags/example_latest_only_with_trigger.py for tasks to queue
[2024-05-29T14:37:40.917+0000] {logging_mixin.py:154} INFO - [2024-05-29T14:37:40.917+0000] {dagbag.py:536} INFO - Filling up the DagBag from /home/airflow/.local/lib/python3.8/site-packages/airflow/example_dags/example_latest_only_with_trigger.py
[2024-05-29T14:37:40.924+0000] {processor.py:839} INFO - DAG(s) dict_keys(['latest_only_with_trigger']) retrieved from /home/airflow/.local/lib/python3.8/site-packages/airflow/example_dags/example_latest_only_with_trigger.py
[2024-05-29T14:37:40.948+0000] {logging_mixin.py:154} INFO - [2024-05-29T14:37:40.948+0000] {dag.py:2941} INFO - Sync 1 DAGs
[2024-05-29T14:37:40.974+0000] {logging_mixin.py:154} INFO - [2024-05-29T14:37:40.974+0000] {dag.py:3722} INFO - Setting next_dagrun for latest_only_with_trigger to 2024-05-29T10:37:40.974102+00:00, run_after=2024-05-29T14:37:40.974102+00:00
[2024-05-29T14:37:40.999+0000] {processor.py:179} INFO - Processing /home/airflow/.local/lib/python3.8/site-packages/airflow/example_dags/example_latest_only_with_trigger.py took 0.090 seconds
