[2024-05-29T14:35:03.594+0000] {processor.py:157} INFO - Started process (PID=57) to work on /home/airflow/.local/lib/python3.8/site-packages/airflow/example_dags/example_branch_operator_decorator.py
[2024-05-29T14:35:03.596+0000] {processor.py:829} INFO - Processing file /home/airflow/.local/lib/python3.8/site-packages/airflow/example_dags/example_branch_operator_decorator.py for tasks to queue
[2024-05-29T14:35:03.602+0000] {logging_mixin.py:154} INFO - [2024-05-29T14:35:03.601+0000] {dagbag.py:536} INFO - Filling up the DagBag from /home/airflow/.local/lib/python3.8/site-packages/airflow/example_dags/example_branch_operator_decorator.py
[2024-05-29T14:35:03.630+0000] {processor.py:839} INFO - DAG(s) dict_keys(['example_branch_python_operator_decorator']) retrieved from /home/airflow/.local/lib/python3.8/site-packages/airflow/example_dags/example_branch_operator_decorator.py
[2024-05-29T14:35:03.904+0000] {logging_mixin.py:154} INFO - [2024-05-29T14:35:03.904+0000] {manager.py:499} INFO - Created Permission View: %s
[2024-05-29T14:35:03.929+0000] {logging_mixin.py:154} INFO - [2024-05-29T14:35:03.929+0000] {manager.py:499} INFO - Created Permission View: %s
[2024-05-29T14:35:03.949+0000] {logging_mixin.py:154} INFO - [2024-05-29T14:35:03.949+0000] {manager.py:499} INFO - Created Permission View: %s
[2024-05-29T14:35:03.950+0000] {logging_mixin.py:154} INFO - [2024-05-29T14:35:03.950+0000] {dag.py:2941} INFO - Sync 1 DAGs
[2024-05-29T14:35:03.992+0000] {logging_mixin.py:154} INFO - [2024-05-29T14:35:03.991+0000] {dag.py:2963} INFO - Creating ORM DAG for example_branch_python_operator_decorator
[2024-05-29T14:35:04.019+0000] {logging_mixin.py:154} INFO - [2024-05-29T14:35:04.018+0000] {dag.py:3722} INFO - Setting next_dagrun for example_branch_python_operator_decorator to 2024-05-28T00:00:00+00:00, run_after=2024-05-29T00:00:00+00:00
[2024-05-29T14:35:04.067+0000] {processor.py:179} INFO - Processing /home/airflow/.local/lib/python3.8/site-packages/airflow/example_dags/example_branch_operator_decorator.py took 0.481 seconds
[2024-05-29T14:35:34.712+0000] {processor.py:157} INFO - Started process (PID=111) to work on /home/airflow/.local/lib/python3.8/site-packages/airflow/example_dags/example_branch_operator_decorator.py
[2024-05-29T14:35:34.712+0000] {processor.py:829} INFO - Processing file /home/airflow/.local/lib/python3.8/site-packages/airflow/example_dags/example_branch_operator_decorator.py for tasks to queue
[2024-05-29T14:35:34.714+0000] {logging_mixin.py:154} INFO - [2024-05-29T14:35:34.714+0000] {dagbag.py:536} INFO - Filling up the DagBag from /home/airflow/.local/lib/python3.8/site-packages/airflow/example_dags/example_branch_operator_decorator.py
[2024-05-29T14:35:34.724+0000] {processor.py:839} INFO - DAG(s) dict_keys(['example_branch_python_operator_decorator']) retrieved from /home/airflow/.local/lib/python3.8/site-packages/airflow/example_dags/example_branch_operator_decorator.py
[2024-05-29T14:35:34.748+0000] {logging_mixin.py:154} INFO - [2024-05-29T14:35:34.747+0000] {dag.py:2941} INFO - Sync 1 DAGs
[2024-05-29T14:35:34.774+0000] {logging_mixin.py:154} INFO - [2024-05-29T14:35:34.774+0000] {dag.py:3722} INFO - Setting next_dagrun for example_branch_python_operator_decorator to 2024-05-28T00:00:00+00:00, run_after=2024-05-29T00:00:00+00:00
[2024-05-29T14:35:34.802+0000] {processor.py:179} INFO - Processing /home/airflow/.local/lib/python3.8/site-packages/airflow/example_dags/example_branch_operator_decorator.py took 0.093 seconds
[2024-05-29T14:36:05.357+0000] {processor.py:157} INFO - Started process (PID=165) to work on /home/airflow/.local/lib/python3.8/site-packages/airflow/example_dags/example_branch_operator_decorator.py
[2024-05-29T14:36:05.358+0000] {processor.py:829} INFO - Processing file /home/airflow/.local/lib/python3.8/site-packages/airflow/example_dags/example_branch_operator_decorator.py for tasks to queue
[2024-05-29T14:36:05.360+0000] {logging_mixin.py:154} INFO - [2024-05-29T14:36:05.360+0000] {dagbag.py:536} INFO - Filling up the DagBag from /home/airflow/.local/lib/python3.8/site-packages/airflow/example_dags/example_branch_operator_decorator.py
[2024-05-29T14:36:05.369+0000] {processor.py:839} INFO - DAG(s) dict_keys(['example_branch_python_operator_decorator']) retrieved from /home/airflow/.local/lib/python3.8/site-packages/airflow/example_dags/example_branch_operator_decorator.py
[2024-05-29T14:36:05.391+0000] {logging_mixin.py:154} INFO - [2024-05-29T14:36:05.391+0000] {dag.py:2941} INFO - Sync 1 DAGs
[2024-05-29T14:36:05.413+0000] {logging_mixin.py:154} INFO - [2024-05-29T14:36:05.413+0000] {dag.py:3722} INFO - Setting next_dagrun for example_branch_python_operator_decorator to 2024-05-28T00:00:00+00:00, run_after=2024-05-29T00:00:00+00:00
[2024-05-29T14:36:05.430+0000] {processor.py:179} INFO - Processing /home/airflow/.local/lib/python3.8/site-packages/airflow/example_dags/example_branch_operator_decorator.py took 0.076 seconds
[2024-05-29T14:36:35.499+0000] {processor.py:157} INFO - Started process (PID=219) to work on /home/airflow/.local/lib/python3.8/site-packages/airflow/example_dags/example_branch_operator_decorator.py
[2024-05-29T14:36:35.500+0000] {processor.py:829} INFO - Processing file /home/airflow/.local/lib/python3.8/site-packages/airflow/example_dags/example_branch_operator_decorator.py for tasks to queue
[2024-05-29T14:36:35.502+0000] {logging_mixin.py:154} INFO - [2024-05-29T14:36:35.502+0000] {dagbag.py:536} INFO - Filling up the DagBag from /home/airflow/.local/lib/python3.8/site-packages/airflow/example_dags/example_branch_operator_decorator.py
[2024-05-29T14:36:35.512+0000] {processor.py:839} INFO - DAG(s) dict_keys(['example_branch_python_operator_decorator']) retrieved from /home/airflow/.local/lib/python3.8/site-packages/airflow/example_dags/example_branch_operator_decorator.py
[2024-05-29T14:36:35.536+0000] {logging_mixin.py:154} INFO - [2024-05-29T14:36:35.535+0000] {dag.py:2941} INFO - Sync 1 DAGs
[2024-05-29T14:36:35.561+0000] {logging_mixin.py:154} INFO - [2024-05-29T14:36:35.561+0000] {dag.py:3722} INFO - Setting next_dagrun for example_branch_python_operator_decorator to 2024-05-28T00:00:00+00:00, run_after=2024-05-29T00:00:00+00:00
[2024-05-29T14:36:35.592+0000] {processor.py:179} INFO - Processing /home/airflow/.local/lib/python3.8/site-packages/airflow/example_dags/example_branch_operator_decorator.py took 0.096 seconds
[2024-05-29T14:37:05.864+0000] {processor.py:157} INFO - Started process (PID=273) to work on /home/airflow/.local/lib/python3.8/site-packages/airflow/example_dags/example_branch_operator_decorator.py
[2024-05-29T14:37:05.865+0000] {processor.py:829} INFO - Processing file /home/airflow/.local/lib/python3.8/site-packages/airflow/example_dags/example_branch_operator_decorator.py for tasks to queue
[2024-05-29T14:37:05.868+0000] {logging_mixin.py:154} INFO - [2024-05-29T14:37:05.868+0000] {dagbag.py:536} INFO - Filling up the DagBag from /home/airflow/.local/lib/python3.8/site-packages/airflow/example_dags/example_branch_operator_decorator.py
[2024-05-29T14:37:05.882+0000] {processor.py:839} INFO - DAG(s) dict_keys(['example_branch_python_operator_decorator']) retrieved from /home/airflow/.local/lib/python3.8/site-packages/airflow/example_dags/example_branch_operator_decorator.py
[2024-05-29T14:37:05.914+0000] {logging_mixin.py:154} INFO - [2024-05-29T14:37:05.913+0000] {dag.py:2941} INFO - Sync 1 DAGs
[2024-05-29T14:37:05.945+0000] {logging_mixin.py:154} INFO - [2024-05-29T14:37:05.945+0000] {dag.py:3722} INFO - Setting next_dagrun for example_branch_python_operator_decorator to 2024-05-28T00:00:00+00:00, run_after=2024-05-29T00:00:00+00:00
[2024-05-29T14:37:05.980+0000] {processor.py:179} INFO - Processing /home/airflow/.local/lib/python3.8/site-packages/airflow/example_dags/example_branch_operator_decorator.py took 0.120 seconds
[2024-05-29T14:37:36.925+0000] {processor.py:157} INFO - Started process (PID=327) to work on /home/airflow/.local/lib/python3.8/site-packages/airflow/example_dags/example_branch_operator_decorator.py
[2024-05-29T14:37:36.926+0000] {processor.py:829} INFO - Processing file /home/airflow/.local/lib/python3.8/site-packages/airflow/example_dags/example_branch_operator_decorator.py for tasks to queue
[2024-05-29T14:37:36.928+0000] {logging_mixin.py:154} INFO - [2024-05-29T14:37:36.928+0000] {dagbag.py:536} INFO - Filling up the DagBag from /home/airflow/.local/lib/python3.8/site-packages/airflow/example_dags/example_branch_operator_decorator.py
[2024-05-29T14:37:36.939+0000] {processor.py:839} INFO - DAG(s) dict_keys(['example_branch_python_operator_decorator']) retrieved from /home/airflow/.local/lib/python3.8/site-packages/airflow/example_dags/example_branch_operator_decorator.py
[2024-05-29T14:37:36.968+0000] {logging_mixin.py:154} INFO - [2024-05-29T14:37:36.967+0000] {dag.py:2941} INFO - Sync 1 DAGs
[2024-05-29T14:37:36.998+0000] {logging_mixin.py:154} INFO - [2024-05-29T14:37:36.997+0000] {dag.py:3722} INFO - Setting next_dagrun for example_branch_python_operator_decorator to 2024-05-28T00:00:00+00:00, run_after=2024-05-29T00:00:00+00:00
[2024-05-29T14:37:37.022+0000] {processor.py:179} INFO - Processing /home/airflow/.local/lib/python3.8/site-packages/airflow/example_dags/example_branch_operator_decorator.py took 0.100 seconds
