[2024-05-29T14:35:04.742+0000] {processor.py:157} INFO - Started process (PID=61) to work on /home/airflow/.local/lib/python3.8/site-packages/airflow/example_dags/example_bash_operator.py
[2024-05-29T14:35:04.743+0000] {processor.py:829} INFO - Processing file /home/airflow/.local/lib/python3.8/site-packages/airflow/example_dags/example_bash_operator.py for tasks to queue
[2024-05-29T14:35:04.747+0000] {logging_mixin.py:154} INFO - [2024-05-29T14:35:04.746+0000] {dagbag.py:536} INFO - Filling up the DagBag from /home/airflow/.local/lib/python3.8/site-packages/airflow/example_dags/example_bash_operator.py
[2024-05-29T14:35:04.767+0000] {processor.py:839} INFO - DAG(s) dict_keys(['example_bash_operator']) retrieved from /home/airflow/.local/lib/python3.8/site-packages/airflow/example_dags/example_bash_operator.py
[2024-05-29T14:35:04.928+0000] {logging_mixin.py:154} INFO - [2024-05-29T14:35:04.927+0000] {manager.py:499} INFO - Created Permission View: %s
[2024-05-29T14:35:04.941+0000] {logging_mixin.py:154} INFO - [2024-05-29T14:35:04.940+0000] {manager.py:499} INFO - Created Permission View: %s
[2024-05-29T14:35:04.949+0000] {logging_mixin.py:154} INFO - [2024-05-29T14:35:04.948+0000] {manager.py:499} INFO - Created Permission View: %s
[2024-05-29T14:35:04.949+0000] {logging_mixin.py:154} INFO - [2024-05-29T14:35:04.949+0000] {dag.py:2941} INFO - Sync 1 DAGs
[2024-05-29T14:35:04.964+0000] {logging_mixin.py:154} INFO - [2024-05-29T14:35:04.964+0000] {dag.py:2963} INFO - Creating ORM DAG for example_bash_operator
[2024-05-29T14:35:04.978+0000] {logging_mixin.py:154} INFO - [2024-05-29T14:35:04.978+0000] {dag.py:3722} INFO - Setting next_dagrun for example_bash_operator to 2024-05-28T00:00:00+00:00, run_after=2024-05-29T00:00:00+00:00
[2024-05-29T14:35:05.000+0000] {processor.py:179} INFO - Processing /home/airflow/.local/lib/python3.8/site-packages/airflow/example_dags/example_bash_operator.py took 0.263 seconds
[2024-05-29T14:35:35.037+0000] {processor.py:157} INFO - Started process (PID=115) to work on /home/airflow/.local/lib/python3.8/site-packages/airflow/example_dags/example_bash_operator.py
[2024-05-29T14:35:35.039+0000] {processor.py:829} INFO - Processing file /home/airflow/.local/lib/python3.8/site-packages/airflow/example_dags/example_bash_operator.py for tasks to queue
[2024-05-29T14:35:35.041+0000] {logging_mixin.py:154} INFO - [2024-05-29T14:35:35.041+0000] {dagbag.py:536} INFO - Filling up the DagBag from /home/airflow/.local/lib/python3.8/site-packages/airflow/example_dags/example_bash_operator.py
[2024-05-29T14:35:35.055+0000] {processor.py:839} INFO - DAG(s) dict_keys(['example_bash_operator']) retrieved from /home/airflow/.local/lib/python3.8/site-packages/airflow/example_dags/example_bash_operator.py
[2024-05-29T14:35:35.088+0000] {logging_mixin.py:154} INFO - [2024-05-29T14:35:35.087+0000] {dag.py:2941} INFO - Sync 1 DAGs
[2024-05-29T14:35:35.116+0000] {logging_mixin.py:154} INFO - [2024-05-29T14:35:35.115+0000] {dag.py:3722} INFO - Setting next_dagrun for example_bash_operator to 2024-05-28T00:00:00+00:00, run_after=2024-05-29T00:00:00+00:00
[2024-05-29T14:35:35.141+0000] {processor.py:179} INFO - Processing /home/airflow/.local/lib/python3.8/site-packages/airflow/example_dags/example_bash_operator.py took 0.107 seconds
[2024-05-29T14:36:05.634+0000] {processor.py:157} INFO - Started process (PID=169) to work on /home/airflow/.local/lib/python3.8/site-packages/airflow/example_dags/example_bash_operator.py
[2024-05-29T14:36:05.635+0000] {processor.py:829} INFO - Processing file /home/airflow/.local/lib/python3.8/site-packages/airflow/example_dags/example_bash_operator.py for tasks to queue
[2024-05-29T14:36:05.638+0000] {logging_mixin.py:154} INFO - [2024-05-29T14:36:05.638+0000] {dagbag.py:536} INFO - Filling up the DagBag from /home/airflow/.local/lib/python3.8/site-packages/airflow/example_dags/example_bash_operator.py
[2024-05-29T14:36:05.651+0000] {processor.py:839} INFO - DAG(s) dict_keys(['example_bash_operator']) retrieved from /home/airflow/.local/lib/python3.8/site-packages/airflow/example_dags/example_bash_operator.py
[2024-05-29T14:36:05.684+0000] {logging_mixin.py:154} INFO - [2024-05-29T14:36:05.683+0000] {dag.py:2941} INFO - Sync 1 DAGs
[2024-05-29T14:36:05.709+0000] {logging_mixin.py:154} INFO - [2024-05-29T14:36:05.709+0000] {dag.py:3722} INFO - Setting next_dagrun for example_bash_operator to 2024-05-28T00:00:00+00:00, run_after=2024-05-29T00:00:00+00:00
[2024-05-29T14:36:05.742+0000] {processor.py:179} INFO - Processing /home/airflow/.local/lib/python3.8/site-packages/airflow/example_dags/example_bash_operator.py took 0.112 seconds
[2024-05-29T14:36:35.835+0000] {processor.py:157} INFO - Started process (PID=223) to work on /home/airflow/.local/lib/python3.8/site-packages/airflow/example_dags/example_bash_operator.py
[2024-05-29T14:36:35.837+0000] {processor.py:829} INFO - Processing file /home/airflow/.local/lib/python3.8/site-packages/airflow/example_dags/example_bash_operator.py for tasks to queue
[2024-05-29T14:36:35.840+0000] {logging_mixin.py:154} INFO - [2024-05-29T14:36:35.839+0000] {dagbag.py:536} INFO - Filling up the DagBag from /home/airflow/.local/lib/python3.8/site-packages/airflow/example_dags/example_bash_operator.py
[2024-05-29T14:36:35.854+0000] {processor.py:839} INFO - DAG(s) dict_keys(['example_bash_operator']) retrieved from /home/airflow/.local/lib/python3.8/site-packages/airflow/example_dags/example_bash_operator.py
[2024-05-29T14:36:35.891+0000] {logging_mixin.py:154} INFO - [2024-05-29T14:36:35.891+0000] {dag.py:2941} INFO - Sync 1 DAGs
[2024-05-29T14:36:35.919+0000] {logging_mixin.py:154} INFO - [2024-05-29T14:36:35.919+0000] {dag.py:3722} INFO - Setting next_dagrun for example_bash_operator to 2024-05-28T00:00:00+00:00, run_after=2024-05-29T00:00:00+00:00
[2024-05-29T14:36:35.945+0000] {processor.py:179} INFO - Processing /home/airflow/.local/lib/python3.8/site-packages/airflow/example_dags/example_bash_operator.py took 0.114 seconds
[2024-05-29T14:37:06.202+0000] {processor.py:157} INFO - Started process (PID=277) to work on /home/airflow/.local/lib/python3.8/site-packages/airflow/example_dags/example_bash_operator.py
[2024-05-29T14:37:06.204+0000] {processor.py:829} INFO - Processing file /home/airflow/.local/lib/python3.8/site-packages/airflow/example_dags/example_bash_operator.py for tasks to queue
[2024-05-29T14:37:06.207+0000] {logging_mixin.py:154} INFO - [2024-05-29T14:37:06.207+0000] {dagbag.py:536} INFO - Filling up the DagBag from /home/airflow/.local/lib/python3.8/site-packages/airflow/example_dags/example_bash_operator.py
[2024-05-29T14:37:06.229+0000] {processor.py:839} INFO - DAG(s) dict_keys(['example_bash_operator']) retrieved from /home/airflow/.local/lib/python3.8/site-packages/airflow/example_dags/example_bash_operator.py
[2024-05-29T14:37:06.290+0000] {logging_mixin.py:154} INFO - [2024-05-29T14:37:06.289+0000] {dag.py:2941} INFO - Sync 1 DAGs
[2024-05-29T14:37:06.323+0000] {logging_mixin.py:154} INFO - [2024-05-29T14:37:06.323+0000] {dag.py:3722} INFO - Setting next_dagrun for example_bash_operator to 2024-05-28T00:00:00+00:00, run_after=2024-05-29T00:00:00+00:00
[2024-05-29T14:37:06.348+0000] {processor.py:179} INFO - Processing /home/airflow/.local/lib/python3.8/site-packages/airflow/example_dags/example_bash_operator.py took 0.152 seconds
[2024-05-29T14:37:37.159+0000] {processor.py:157} INFO - Started process (PID=331) to work on /home/airflow/.local/lib/python3.8/site-packages/airflow/example_dags/example_bash_operator.py
[2024-05-29T14:37:37.161+0000] {processor.py:829} INFO - Processing file /home/airflow/.local/lib/python3.8/site-packages/airflow/example_dags/example_bash_operator.py for tasks to queue
[2024-05-29T14:37:37.166+0000] {logging_mixin.py:154} INFO - [2024-05-29T14:37:37.165+0000] {dagbag.py:536} INFO - Filling up the DagBag from /home/airflow/.local/lib/python3.8/site-packages/airflow/example_dags/example_bash_operator.py
[2024-05-29T14:37:37.179+0000] {processor.py:839} INFO - DAG(s) dict_keys(['example_bash_operator']) retrieved from /home/airflow/.local/lib/python3.8/site-packages/airflow/example_dags/example_bash_operator.py
[2024-05-29T14:37:37.216+0000] {logging_mixin.py:154} INFO - [2024-05-29T14:37:37.216+0000] {dag.py:2941} INFO - Sync 1 DAGs
[2024-05-29T14:37:37.245+0000] {logging_mixin.py:154} INFO - [2024-05-29T14:37:37.244+0000] {dag.py:3722} INFO - Setting next_dagrun for example_bash_operator to 2024-05-28T00:00:00+00:00, run_after=2024-05-29T00:00:00+00:00
[2024-05-29T14:37:37.272+0000] {processor.py:179} INFO - Processing /home/airflow/.local/lib/python3.8/site-packages/airflow/example_dags/example_bash_operator.py took 0.118 seconds
