[2024-05-29T14:35:03.089+0000] {processor.py:157} INFO - Started process (PID=55) to work on /home/airflow/.local/lib/python3.8/site-packages/airflow/example_dags/example_sla_dag.py
[2024-05-29T14:35:03.091+0000] {processor.py:829} INFO - Processing file /home/airflow/.local/lib/python3.8/site-packages/airflow/example_dags/example_sla_dag.py for tasks to queue
[2024-05-29T14:35:03.095+0000] {logging_mixin.py:154} INFO - [2024-05-29T14:35:03.094+0000] {dagbag.py:536} INFO - Filling up the DagBag from /home/airflow/.local/lib/python3.8/site-packages/airflow/example_dags/example_sla_dag.py
[2024-05-29T14:35:03.115+0000] {processor.py:839} INFO - DAG(s) dict_keys(['example_sla_dag']) retrieved from /home/airflow/.local/lib/python3.8/site-packages/airflow/example_dags/example_sla_dag.py
[2024-05-29T14:35:03.376+0000] {logging_mixin.py:154} INFO - [2024-05-29T14:35:03.375+0000] {manager.py:499} INFO - Created Permission View: %s
[2024-05-29T14:35:03.401+0000] {logging_mixin.py:154} INFO - [2024-05-29T14:35:03.401+0000] {manager.py:499} INFO - Created Permission View: %s
[2024-05-29T14:35:03.422+0000] {logging_mixin.py:154} INFO - [2024-05-29T14:35:03.422+0000] {manager.py:499} INFO - Created Permission View: %s
[2024-05-29T14:35:03.423+0000] {logging_mixin.py:154} INFO - [2024-05-29T14:35:03.423+0000] {dag.py:2941} INFO - Sync 1 DAGs
[2024-05-29T14:35:03.456+0000] {logging_mixin.py:154} INFO - [2024-05-29T14:35:03.456+0000] {dag.py:2963} INFO - Creating ORM DAG for example_sla_dag
[2024-05-29T14:35:03.497+0000] {logging_mixin.py:154} INFO - [2024-05-29T14:35:03.496+0000] {dag.py:3722} INFO - Setting next_dagrun for example_sla_dag to 2024-05-29T14:32:00+00:00, run_after=2024-05-29T14:34:00+00:00
[2024-05-29T14:35:03.540+0000] {processor.py:179} INFO - Processing /home/airflow/.local/lib/python3.8/site-packages/airflow/example_dags/example_sla_dag.py took 0.456 seconds
[2024-05-29T14:35:33.708+0000] {processor.py:157} INFO - Started process (PID=109) to work on /home/airflow/.local/lib/python3.8/site-packages/airflow/example_dags/example_sla_dag.py
[2024-05-29T14:35:33.709+0000] {processor.py:829} INFO - Processing file /home/airflow/.local/lib/python3.8/site-packages/airflow/example_dags/example_sla_dag.py for tasks to queue
[2024-05-29T14:35:33.712+0000] {logging_mixin.py:154} INFO - [2024-05-29T14:35:33.711+0000] {dagbag.py:536} INFO - Filling up the DagBag from /home/airflow/.local/lib/python3.8/site-packages/airflow/example_dags/example_sla_dag.py
[2024-05-29T14:35:33.722+0000] {processor.py:839} INFO - DAG(s) dict_keys(['example_sla_dag']) retrieved from /home/airflow/.local/lib/python3.8/site-packages/airflow/example_dags/example_sla_dag.py
[2024-05-29T14:35:33.744+0000] {logging_mixin.py:154} INFO - [2024-05-29T14:35:33.744+0000] {dag.py:2941} INFO - Sync 1 DAGs
[2024-05-29T14:35:33.774+0000] {logging_mixin.py:154} INFO - [2024-05-29T14:35:33.773+0000] {dag.py:3722} INFO - Setting next_dagrun for example_sla_dag to 2024-05-29T14:32:00+00:00, run_after=2024-05-29T14:34:00+00:00
[2024-05-29T14:35:33.792+0000] {processor.py:179} INFO - Processing /home/airflow/.local/lib/python3.8/site-packages/airflow/example_dags/example_sla_dag.py took 0.088 seconds
[2024-05-29T14:36:04.351+0000] {processor.py:157} INFO - Started process (PID=163) to work on /home/airflow/.local/lib/python3.8/site-packages/airflow/example_dags/example_sla_dag.py
[2024-05-29T14:36:04.352+0000] {processor.py:829} INFO - Processing file /home/airflow/.local/lib/python3.8/site-packages/airflow/example_dags/example_sla_dag.py for tasks to queue
[2024-05-29T14:36:04.356+0000] {logging_mixin.py:154} INFO - [2024-05-29T14:36:04.355+0000] {dagbag.py:536} INFO - Filling up the DagBag from /home/airflow/.local/lib/python3.8/site-packages/airflow/example_dags/example_sla_dag.py
[2024-05-29T14:36:04.367+0000] {processor.py:839} INFO - DAG(s) dict_keys(['example_sla_dag']) retrieved from /home/airflow/.local/lib/python3.8/site-packages/airflow/example_dags/example_sla_dag.py
[2024-05-29T14:36:04.390+0000] {logging_mixin.py:154} INFO - [2024-05-29T14:36:04.390+0000] {dag.py:2941} INFO - Sync 1 DAGs
[2024-05-29T14:36:04.418+0000] {logging_mixin.py:154} INFO - [2024-05-29T14:36:04.418+0000] {dag.py:3722} INFO - Setting next_dagrun for example_sla_dag to 2024-05-29T14:34:00+00:00, run_after=2024-05-29T14:36:00+00:00
[2024-05-29T14:36:04.446+0000] {processor.py:179} INFO - Processing /home/airflow/.local/lib/python3.8/site-packages/airflow/example_dags/example_sla_dag.py took 0.099 seconds
[2024-05-29T14:36:35.379+0000] {processor.py:157} INFO - Started process (PID=217) to work on /home/airflow/.local/lib/python3.8/site-packages/airflow/example_dags/example_sla_dag.py
[2024-05-29T14:36:35.380+0000] {processor.py:829} INFO - Processing file /home/airflow/.local/lib/python3.8/site-packages/airflow/example_dags/example_sla_dag.py for tasks to queue
[2024-05-29T14:36:35.383+0000] {logging_mixin.py:154} INFO - [2024-05-29T14:36:35.383+0000] {dagbag.py:536} INFO - Filling up the DagBag from /home/airflow/.local/lib/python3.8/site-packages/airflow/example_dags/example_sla_dag.py
[2024-05-29T14:36:35.392+0000] {processor.py:839} INFO - DAG(s) dict_keys(['example_sla_dag']) retrieved from /home/airflow/.local/lib/python3.8/site-packages/airflow/example_dags/example_sla_dag.py
[2024-05-29T14:36:35.416+0000] {logging_mixin.py:154} INFO - [2024-05-29T14:36:35.416+0000] {dag.py:2941} INFO - Sync 1 DAGs
[2024-05-29T14:36:35.445+0000] {logging_mixin.py:154} INFO - [2024-05-29T14:36:35.445+0000] {dag.py:3722} INFO - Setting next_dagrun for example_sla_dag to 2024-05-29T14:34:00+00:00, run_after=2024-05-29T14:36:00+00:00
[2024-05-29T14:36:35.470+0000] {processor.py:179} INFO - Processing /home/airflow/.local/lib/python3.8/site-packages/airflow/example_dags/example_sla_dag.py took 0.094 seconds
[2024-05-29T14:37:05.738+0000] {processor.py:157} INFO - Started process (PID=271) to work on /home/airflow/.local/lib/python3.8/site-packages/airflow/example_dags/example_sla_dag.py
[2024-05-29T14:37:05.740+0000] {processor.py:829} INFO - Processing file /home/airflow/.local/lib/python3.8/site-packages/airflow/example_dags/example_sla_dag.py for tasks to queue
[2024-05-29T14:37:05.743+0000] {logging_mixin.py:154} INFO - [2024-05-29T14:37:05.743+0000] {dagbag.py:536} INFO - Filling up the DagBag from /home/airflow/.local/lib/python3.8/site-packages/airflow/example_dags/example_sla_dag.py
[2024-05-29T14:37:05.753+0000] {processor.py:839} INFO - DAG(s) dict_keys(['example_sla_dag']) retrieved from /home/airflow/.local/lib/python3.8/site-packages/airflow/example_dags/example_sla_dag.py
[2024-05-29T14:37:05.778+0000] {logging_mixin.py:154} INFO - [2024-05-29T14:37:05.777+0000] {dag.py:2941} INFO - Sync 1 DAGs
[2024-05-29T14:37:05.807+0000] {logging_mixin.py:154} INFO - [2024-05-29T14:37:05.807+0000] {dag.py:3722} INFO - Setting next_dagrun for example_sla_dag to 2024-05-29T14:34:00+00:00, run_after=2024-05-29T14:36:00+00:00
[2024-05-29T14:37:05.832+0000] {processor.py:179} INFO - Processing /home/airflow/.local/lib/python3.8/site-packages/airflow/example_dags/example_sla_dag.py took 0.099 seconds
[2024-05-29T14:37:36.625+0000] {processor.py:157} INFO - Started process (PID=325) to work on /home/airflow/.local/lib/python3.8/site-packages/airflow/example_dags/example_sla_dag.py
[2024-05-29T14:37:36.626+0000] {processor.py:829} INFO - Processing file /home/airflow/.local/lib/python3.8/site-packages/airflow/example_dags/example_sla_dag.py for tasks to queue
[2024-05-29T14:37:36.628+0000] {logging_mixin.py:154} INFO - [2024-05-29T14:37:36.628+0000] {dagbag.py:536} INFO - Filling up the DagBag from /home/airflow/.local/lib/python3.8/site-packages/airflow/example_dags/example_sla_dag.py
[2024-05-29T14:37:36.638+0000] {processor.py:839} INFO - DAG(s) dict_keys(['example_sla_dag']) retrieved from /home/airflow/.local/lib/python3.8/site-packages/airflow/example_dags/example_sla_dag.py
[2024-05-29T14:37:36.664+0000] {logging_mixin.py:154} INFO - [2024-05-29T14:37:36.664+0000] {dag.py:2941} INFO - Sync 1 DAGs
[2024-05-29T14:37:36.698+0000] {logging_mixin.py:154} INFO - [2024-05-29T14:37:36.698+0000] {dag.py:3722} INFO - Setting next_dagrun for example_sla_dag to 2024-05-29T14:34:00+00:00, run_after=2024-05-29T14:36:00+00:00
[2024-05-29T14:37:36.727+0000] {processor.py:179} INFO - Processing /home/airflow/.local/lib/python3.8/site-packages/airflow/example_dags/example_sla_dag.py took 0.107 seconds
