[2024-05-29T14:35:08.424+0000] {processor.py:157} INFO - Started process (PID=82) to work on /home/airflow/.local/lib/python3.8/site-packages/airflow/example_dags/example_skip_dag.py
[2024-05-29T14:35:08.426+0000] {processor.py:829} INFO - Processing file /home/airflow/.local/lib/python3.8/site-packages/airflow/example_dags/example_skip_dag.py for tasks to queue
[2024-05-29T14:35:08.429+0000] {logging_mixin.py:154} INFO - [2024-05-29T14:35:08.428+0000] {dagbag.py:536} INFO - Filling up the DagBag from /home/airflow/.local/lib/python3.8/site-packages/airflow/example_dags/example_skip_dag.py
[2024-05-29T14:35:08.437+0000] {processor.py:839} INFO - DAG(s) dict_keys(['example_skip_dag']) retrieved from /home/airflow/.local/lib/python3.8/site-packages/airflow/example_dags/example_skip_dag.py
[2024-05-29T14:35:08.556+0000] {logging_mixin.py:154} INFO - [2024-05-29T14:35:08.555+0000] {manager.py:499} INFO - Created Permission View: %s
[2024-05-29T14:35:08.567+0000] {logging_mixin.py:154} INFO - [2024-05-29T14:35:08.567+0000] {manager.py:499} INFO - Created Permission View: %s
[2024-05-29T14:35:08.575+0000] {logging_mixin.py:154} INFO - [2024-05-29T14:35:08.575+0000] {manager.py:499} INFO - Created Permission View: %s
[2024-05-29T14:35:08.576+0000] {logging_mixin.py:154} INFO - [2024-05-29T14:35:08.576+0000] {dag.py:2941} INFO - Sync 1 DAGs
[2024-05-29T14:35:08.590+0000] {logging_mixin.py:154} INFO - [2024-05-29T14:35:08.589+0000] {dag.py:2963} INFO - Creating ORM DAG for example_skip_dag
[2024-05-29T14:35:08.602+0000] {logging_mixin.py:154} INFO - [2024-05-29T14:35:08.601+0000] {dag.py:3722} INFO - Setting next_dagrun for example_skip_dag to 2024-05-28T14:35:08.601710+00:00, run_after=2024-05-29T14:35:08.601710+00:00
[2024-05-29T14:35:08.621+0000] {processor.py:179} INFO - Processing /home/airflow/.local/lib/python3.8/site-packages/airflow/example_dags/example_skip_dag.py took 0.201 seconds
[2024-05-29T14:35:39.335+0000] {processor.py:157} INFO - Started process (PID=136) to work on /home/airflow/.local/lib/python3.8/site-packages/airflow/example_dags/example_skip_dag.py
[2024-05-29T14:35:39.337+0000] {processor.py:829} INFO - Processing file /home/airflow/.local/lib/python3.8/site-packages/airflow/example_dags/example_skip_dag.py for tasks to queue
[2024-05-29T14:35:39.339+0000] {logging_mixin.py:154} INFO - [2024-05-29T14:35:39.339+0000] {dagbag.py:536} INFO - Filling up the DagBag from /home/airflow/.local/lib/python3.8/site-packages/airflow/example_dags/example_skip_dag.py
[2024-05-29T14:35:39.346+0000] {processor.py:839} INFO - DAG(s) dict_keys(['example_skip_dag']) retrieved from /home/airflow/.local/lib/python3.8/site-packages/airflow/example_dags/example_skip_dag.py
[2024-05-29T14:35:39.368+0000] {logging_mixin.py:154} INFO - [2024-05-29T14:35:39.367+0000] {dag.py:2941} INFO - Sync 1 DAGs
[2024-05-29T14:35:39.389+0000] {logging_mixin.py:154} INFO - [2024-05-29T14:35:39.389+0000] {dag.py:3722} INFO - Setting next_dagrun for example_skip_dag to 2024-05-28T14:35:39.389330+00:00, run_after=2024-05-29T14:35:39.389330+00:00
[2024-05-29T14:35:39.408+0000] {processor.py:179} INFO - Processing /home/airflow/.local/lib/python3.8/site-packages/airflow/example_dags/example_skip_dag.py took 0.077 seconds
[2024-05-29T14:36:10.034+0000] {processor.py:157} INFO - Started process (PID=190) to work on /home/airflow/.local/lib/python3.8/site-packages/airflow/example_dags/example_skip_dag.py
[2024-05-29T14:36:10.036+0000] {processor.py:829} INFO - Processing file /home/airflow/.local/lib/python3.8/site-packages/airflow/example_dags/example_skip_dag.py for tasks to queue
[2024-05-29T14:36:10.039+0000] {logging_mixin.py:154} INFO - [2024-05-29T14:36:10.038+0000] {dagbag.py:536} INFO - Filling up the DagBag from /home/airflow/.local/lib/python3.8/site-packages/airflow/example_dags/example_skip_dag.py
[2024-05-29T14:36:10.046+0000] {processor.py:839} INFO - DAG(s) dict_keys(['example_skip_dag']) retrieved from /home/airflow/.local/lib/python3.8/site-packages/airflow/example_dags/example_skip_dag.py
[2024-05-29T14:36:10.070+0000] {logging_mixin.py:154} INFO - [2024-05-29T14:36:10.070+0000] {dag.py:2941} INFO - Sync 1 DAGs
[2024-05-29T14:36:10.096+0000] {logging_mixin.py:154} INFO - [2024-05-29T14:36:10.096+0000] {dag.py:3722} INFO - Setting next_dagrun for example_skip_dag to 2024-05-28T14:36:10.095810+00:00, run_after=2024-05-29T14:36:10.095810+00:00
[2024-05-29T14:36:10.119+0000] {processor.py:179} INFO - Processing /home/airflow/.local/lib/python3.8/site-packages/airflow/example_dags/example_skip_dag.py took 0.088 seconds
[2024-05-29T14:36:40.974+0000] {processor.py:157} INFO - Started process (PID=244) to work on /home/airflow/.local/lib/python3.8/site-packages/airflow/example_dags/example_skip_dag.py
[2024-05-29T14:36:40.975+0000] {processor.py:829} INFO - Processing file /home/airflow/.local/lib/python3.8/site-packages/airflow/example_dags/example_skip_dag.py for tasks to queue
[2024-05-29T14:36:40.977+0000] {logging_mixin.py:154} INFO - [2024-05-29T14:36:40.977+0000] {dagbag.py:536} INFO - Filling up the DagBag from /home/airflow/.local/lib/python3.8/site-packages/airflow/example_dags/example_skip_dag.py
[2024-05-29T14:36:40.983+0000] {processor.py:839} INFO - DAG(s) dict_keys(['example_skip_dag']) retrieved from /home/airflow/.local/lib/python3.8/site-packages/airflow/example_dags/example_skip_dag.py
[2024-05-29T14:36:41.003+0000] {logging_mixin.py:154} INFO - [2024-05-29T14:36:41.003+0000] {dag.py:2941} INFO - Sync 1 DAGs
[2024-05-29T14:36:41.024+0000] {logging_mixin.py:154} INFO - [2024-05-29T14:36:41.023+0000] {dag.py:3722} INFO - Setting next_dagrun for example_skip_dag to 2024-05-28T14:36:41.023607+00:00, run_after=2024-05-29T14:36:41.023607+00:00
[2024-05-29T14:36:41.042+0000] {processor.py:179} INFO - Processing /home/airflow/.local/lib/python3.8/site-packages/airflow/example_dags/example_skip_dag.py took 0.070 seconds
[2024-05-29T14:37:11.464+0000] {processor.py:157} INFO - Started process (PID=298) to work on /home/airflow/.local/lib/python3.8/site-packages/airflow/example_dags/example_skip_dag.py
[2024-05-29T14:37:11.465+0000] {processor.py:829} INFO - Processing file /home/airflow/.local/lib/python3.8/site-packages/airflow/example_dags/example_skip_dag.py for tasks to queue
[2024-05-29T14:37:11.467+0000] {logging_mixin.py:154} INFO - [2024-05-29T14:37:11.466+0000] {dagbag.py:536} INFO - Filling up the DagBag from /home/airflow/.local/lib/python3.8/site-packages/airflow/example_dags/example_skip_dag.py
[2024-05-29T14:37:11.473+0000] {processor.py:839} INFO - DAG(s) dict_keys(['example_skip_dag']) retrieved from /home/airflow/.local/lib/python3.8/site-packages/airflow/example_dags/example_skip_dag.py
[2024-05-29T14:37:11.494+0000] {logging_mixin.py:154} INFO - [2024-05-29T14:37:11.494+0000] {dag.py:2941} INFO - Sync 1 DAGs
[2024-05-29T14:37:11.517+0000] {logging_mixin.py:154} INFO - [2024-05-29T14:37:11.517+0000] {dag.py:3722} INFO - Setting next_dagrun for example_skip_dag to 2024-05-28T14:37:11.517377+00:00, run_after=2024-05-29T14:37:11.517377+00:00
[2024-05-29T14:37:11.536+0000] {processor.py:179} INFO - Processing /home/airflow/.local/lib/python3.8/site-packages/airflow/example_dags/example_skip_dag.py took 0.076 seconds
[2024-05-29T14:37:42.447+0000] {processor.py:157} INFO - Started process (PID=352) to work on /home/airflow/.local/lib/python3.8/site-packages/airflow/example_dags/example_skip_dag.py
[2024-05-29T14:37:42.448+0000] {processor.py:829} INFO - Processing file /home/airflow/.local/lib/python3.8/site-packages/airflow/example_dags/example_skip_dag.py for tasks to queue
[2024-05-29T14:37:42.450+0000] {logging_mixin.py:154} INFO - [2024-05-29T14:37:42.450+0000] {dagbag.py:536} INFO - Filling up the DagBag from /home/airflow/.local/lib/python3.8/site-packages/airflow/example_dags/example_skip_dag.py
[2024-05-29T14:37:42.458+0000] {processor.py:839} INFO - DAG(s) dict_keys(['example_skip_dag']) retrieved from /home/airflow/.local/lib/python3.8/site-packages/airflow/example_dags/example_skip_dag.py
[2024-05-29T14:37:42.483+0000] {logging_mixin.py:154} INFO - [2024-05-29T14:37:42.482+0000] {dag.py:2941} INFO - Sync 1 DAGs
[2024-05-29T14:37:42.519+0000] {logging_mixin.py:154} INFO - [2024-05-29T14:37:42.519+0000] {dag.py:3722} INFO - Setting next_dagrun for example_skip_dag to 2024-05-28T14:37:42.519361+00:00, run_after=2024-05-29T14:37:42.519361+00:00
[2024-05-29T14:37:42.543+0000] {processor.py:179} INFO - Processing /home/airflow/.local/lib/python3.8/site-packages/airflow/example_dags/example_skip_dag.py took 0.100 seconds
