[2024-05-29T14:35:06.008+0000] {processor.py:157} INFO - Started process (PID=68) to work on /home/airflow/.local/lib/python3.8/site-packages/airflow/example_dags/example_short_circuit_decorator.py
[2024-05-29T14:35:06.011+0000] {processor.py:829} INFO - Processing file /home/airflow/.local/lib/python3.8/site-packages/airflow/example_dags/example_short_circuit_decorator.py for tasks to queue
[2024-05-29T14:35:06.014+0000] {logging_mixin.py:154} INFO - [2024-05-29T14:35:06.013+0000] {dagbag.py:536} INFO - Filling up the DagBag from /home/airflow/.local/lib/python3.8/site-packages/airflow/example_dags/example_short_circuit_decorator.py
[2024-05-29T14:35:06.046+0000] {processor.py:839} INFO - DAG(s) dict_keys(['example_short_circuit_decorator']) retrieved from /home/airflow/.local/lib/python3.8/site-packages/airflow/example_dags/example_short_circuit_decorator.py
[2024-05-29T14:35:06.195+0000] {logging_mixin.py:154} INFO - [2024-05-29T14:35:06.195+0000] {manager.py:499} INFO - Created Permission View: %s
[2024-05-29T14:35:06.235+0000] {logging_mixin.py:154} INFO - [2024-05-29T14:35:06.234+0000] {manager.py:499} INFO - Created Permission View: %s
[2024-05-29T14:35:06.243+0000] {logging_mixin.py:154} INFO - [2024-05-29T14:35:06.243+0000] {manager.py:499} INFO - Created Permission View: %s
[2024-05-29T14:35:06.244+0000] {logging_mixin.py:154} INFO - [2024-05-29T14:35:06.244+0000] {dag.py:2941} INFO - Sync 1 DAGs
[2024-05-29T14:35:06.256+0000] {logging_mixin.py:154} INFO - [2024-05-29T14:35:06.256+0000] {dag.py:2963} INFO - Creating ORM DAG for example_short_circuit_decorator
[2024-05-29T14:35:06.266+0000] {logging_mixin.py:154} INFO - [2024-05-29T14:35:06.266+0000] {dag.py:3722} INFO - Setting next_dagrun for example_short_circuit_decorator to 2024-05-28T14:35:06.266504+00:00, run_after=2024-05-29T14:35:06.266504+00:00
[2024-05-29T14:35:06.289+0000] {processor.py:179} INFO - Processing /home/airflow/.local/lib/python3.8/site-packages/airflow/example_dags/example_short_circuit_decorator.py took 0.287 seconds
[2024-05-29T14:35:36.581+0000] {processor.py:157} INFO - Started process (PID=122) to work on /home/airflow/.local/lib/python3.8/site-packages/airflow/example_dags/example_short_circuit_decorator.py
[2024-05-29T14:35:36.582+0000] {processor.py:829} INFO - Processing file /home/airflow/.local/lib/python3.8/site-packages/airflow/example_dags/example_short_circuit_decorator.py for tasks to queue
[2024-05-29T14:35:36.584+0000] {logging_mixin.py:154} INFO - [2024-05-29T14:35:36.584+0000] {dagbag.py:536} INFO - Filling up the DagBag from /home/airflow/.local/lib/python3.8/site-packages/airflow/example_dags/example_short_circuit_decorator.py
[2024-05-29T14:35:36.594+0000] {processor.py:839} INFO - DAG(s) dict_keys(['example_short_circuit_decorator']) retrieved from /home/airflow/.local/lib/python3.8/site-packages/airflow/example_dags/example_short_circuit_decorator.py
[2024-05-29T14:35:36.620+0000] {logging_mixin.py:154} INFO - [2024-05-29T14:35:36.620+0000] {dag.py:2941} INFO - Sync 1 DAGs
[2024-05-29T14:35:36.645+0000] {logging_mixin.py:154} INFO - [2024-05-29T14:35:36.644+0000] {dag.py:3722} INFO - Setting next_dagrun for example_short_circuit_decorator to 2024-05-28T14:35:36.644684+00:00, run_after=2024-05-29T14:35:36.644684+00:00
[2024-05-29T14:35:36.669+0000] {processor.py:179} INFO - Processing /home/airflow/.local/lib/python3.8/site-packages/airflow/example_dags/example_short_circuit_decorator.py took 0.092 seconds
[2024-05-29T14:36:07.266+0000] {processor.py:157} INFO - Started process (PID=176) to work on /home/airflow/.local/lib/python3.8/site-packages/airflow/example_dags/example_short_circuit_decorator.py
[2024-05-29T14:36:07.267+0000] {processor.py:829} INFO - Processing file /home/airflow/.local/lib/python3.8/site-packages/airflow/example_dags/example_short_circuit_decorator.py for tasks to queue
[2024-05-29T14:36:07.270+0000] {logging_mixin.py:154} INFO - [2024-05-29T14:36:07.269+0000] {dagbag.py:536} INFO - Filling up the DagBag from /home/airflow/.local/lib/python3.8/site-packages/airflow/example_dags/example_short_circuit_decorator.py
[2024-05-29T14:36:07.280+0000] {processor.py:839} INFO - DAG(s) dict_keys(['example_short_circuit_decorator']) retrieved from /home/airflow/.local/lib/python3.8/site-packages/airflow/example_dags/example_short_circuit_decorator.py
[2024-05-29T14:36:07.309+0000] {logging_mixin.py:154} INFO - [2024-05-29T14:36:07.309+0000] {dag.py:2941} INFO - Sync 1 DAGs
[2024-05-29T14:36:07.333+0000] {logging_mixin.py:154} INFO - [2024-05-29T14:36:07.332+0000] {dag.py:3722} INFO - Setting next_dagrun for example_short_circuit_decorator to 2024-05-28T14:36:07.332601+00:00, run_after=2024-05-29T14:36:07.332601+00:00
[2024-05-29T14:36:07.363+0000] {processor.py:179} INFO - Processing /home/airflow/.local/lib/python3.8/site-packages/airflow/example_dags/example_short_circuit_decorator.py took 0.102 seconds
[2024-05-29T14:36:38.253+0000] {processor.py:157} INFO - Started process (PID=230) to work on /home/airflow/.local/lib/python3.8/site-packages/airflow/example_dags/example_short_circuit_decorator.py
[2024-05-29T14:36:38.254+0000] {processor.py:829} INFO - Processing file /home/airflow/.local/lib/python3.8/site-packages/airflow/example_dags/example_short_circuit_decorator.py for tasks to queue
[2024-05-29T14:36:38.257+0000] {logging_mixin.py:154} INFO - [2024-05-29T14:36:38.257+0000] {dagbag.py:536} INFO - Filling up the DagBag from /home/airflow/.local/lib/python3.8/site-packages/airflow/example_dags/example_short_circuit_decorator.py
[2024-05-29T14:36:38.269+0000] {processor.py:839} INFO - DAG(s) dict_keys(['example_short_circuit_decorator']) retrieved from /home/airflow/.local/lib/python3.8/site-packages/airflow/example_dags/example_short_circuit_decorator.py
[2024-05-29T14:36:38.297+0000] {logging_mixin.py:154} INFO - [2024-05-29T14:36:38.297+0000] {dag.py:2941} INFO - Sync 1 DAGs
[2024-05-29T14:36:38.327+0000] {logging_mixin.py:154} INFO - [2024-05-29T14:36:38.326+0000] {dag.py:3722} INFO - Setting next_dagrun for example_short_circuit_decorator to 2024-05-28T14:36:38.326638+00:00, run_after=2024-05-29T14:36:38.326638+00:00
[2024-05-29T14:36:38.361+0000] {processor.py:179} INFO - Processing /home/airflow/.local/lib/python3.8/site-packages/airflow/example_dags/example_short_circuit_decorator.py took 0.111 seconds
[2024-05-29T14:37:08.669+0000] {processor.py:157} INFO - Started process (PID=284) to work on /home/airflow/.local/lib/python3.8/site-packages/airflow/example_dags/example_short_circuit_decorator.py
[2024-05-29T14:37:08.670+0000] {processor.py:829} INFO - Processing file /home/airflow/.local/lib/python3.8/site-packages/airflow/example_dags/example_short_circuit_decorator.py for tasks to queue
[2024-05-29T14:37:08.673+0000] {logging_mixin.py:154} INFO - [2024-05-29T14:37:08.672+0000] {dagbag.py:536} INFO - Filling up the DagBag from /home/airflow/.local/lib/python3.8/site-packages/airflow/example_dags/example_short_circuit_decorator.py
[2024-05-29T14:37:08.684+0000] {processor.py:839} INFO - DAG(s) dict_keys(['example_short_circuit_decorator']) retrieved from /home/airflow/.local/lib/python3.8/site-packages/airflow/example_dags/example_short_circuit_decorator.py
[2024-05-29T14:37:08.720+0000] {logging_mixin.py:154} INFO - [2024-05-29T14:37:08.719+0000] {dag.py:2941} INFO - Sync 1 DAGs
[2024-05-29T14:37:08.749+0000] {logging_mixin.py:154} INFO - [2024-05-29T14:37:08.749+0000] {dag.py:3722} INFO - Setting next_dagrun for example_short_circuit_decorator to 2024-05-28T14:37:08.749535+00:00, run_after=2024-05-29T14:37:08.749535+00:00
[2024-05-29T14:37:08.774+0000] {processor.py:179} INFO - Processing /home/airflow/.local/lib/python3.8/site-packages/airflow/example_dags/example_short_circuit_decorator.py took 0.110 seconds
[2024-05-29T14:37:39.568+0000] {processor.py:157} INFO - Started process (PID=338) to work on /home/airflow/.local/lib/python3.8/site-packages/airflow/example_dags/example_short_circuit_decorator.py
[2024-05-29T14:37:39.569+0000] {processor.py:829} INFO - Processing file /home/airflow/.local/lib/python3.8/site-packages/airflow/example_dags/example_short_circuit_decorator.py for tasks to queue
[2024-05-29T14:37:39.572+0000] {logging_mixin.py:154} INFO - [2024-05-29T14:37:39.572+0000] {dagbag.py:536} INFO - Filling up the DagBag from /home/airflow/.local/lib/python3.8/site-packages/airflow/example_dags/example_short_circuit_decorator.py
[2024-05-29T14:37:39.583+0000] {processor.py:839} INFO - DAG(s) dict_keys(['example_short_circuit_decorator']) retrieved from /home/airflow/.local/lib/python3.8/site-packages/airflow/example_dags/example_short_circuit_decorator.py
[2024-05-29T14:37:39.612+0000] {logging_mixin.py:154} INFO - [2024-05-29T14:37:39.612+0000] {dag.py:2941} INFO - Sync 1 DAGs
[2024-05-29T14:37:39.639+0000] {logging_mixin.py:154} INFO - [2024-05-29T14:37:39.639+0000] {dag.py:3722} INFO - Setting next_dagrun for example_short_circuit_decorator to 2024-05-28T14:37:39.639086+00:00, run_after=2024-05-29T14:37:39.639086+00:00
[2024-05-29T14:37:39.661+0000] {processor.py:179} INFO - Processing /home/airflow/.local/lib/python3.8/site-packages/airflow/example_dags/example_short_circuit_decorator.py took 0.098 seconds
