[2024-05-29T14:35:03.305+0000] {processor.py:157} INFO - Started process (PID=56) to work on /home/airflow/.local/lib/python3.8/site-packages/airflow/example_dags/example_branch_datetime_operator.py
[2024-05-29T14:35:03.308+0000] {processor.py:829} INFO - Processing file /home/airflow/.local/lib/python3.8/site-packages/airflow/example_dags/example_branch_datetime_operator.py for tasks to queue
[2024-05-29T14:35:03.312+0000] {logging_mixin.py:154} INFO - [2024-05-29T14:35:03.311+0000] {dagbag.py:536} INFO - Filling up the DagBag from /home/airflow/.local/lib/python3.8/site-packages/airflow/example_dags/example_branch_datetime_operator.py
[2024-05-29T14:35:03.345+0000] {processor.py:839} INFO - DAG(s) dict_keys(['example_branch_datetime_operator', 'example_branch_datetime_operator_2', 'example_branch_datetime_operator_3']) retrieved from /home/airflow/.local/lib/python3.8/site-packages/airflow/example_dags/example_branch_datetime_operator.py
[2024-05-29T14:35:03.607+0000] {logging_mixin.py:154} INFO - [2024-05-29T14:35:03.606+0000] {manager.py:499} INFO - Created Permission View: %s
[2024-05-29T14:35:03.632+0000] {logging_mixin.py:154} INFO - [2024-05-29T14:35:03.631+0000] {manager.py:499} INFO - Created Permission View: %s
[2024-05-29T14:35:03.652+0000] {logging_mixin.py:154} INFO - [2024-05-29T14:35:03.651+0000] {manager.py:499} INFO - Created Permission View: %s
[2024-05-29T14:35:03.679+0000] {logging_mixin.py:154} INFO - [2024-05-29T14:35:03.678+0000] {manager.py:499} INFO - Created Permission View: %s
[2024-05-29T14:35:03.697+0000] {logging_mixin.py:154} INFO - [2024-05-29T14:35:03.697+0000] {manager.py:499} INFO - Created Permission View: %s
[2024-05-29T14:35:03.717+0000] {logging_mixin.py:154} INFO - [2024-05-29T14:35:03.715+0000] {manager.py:499} INFO - Created Permission View: %s
[2024-05-29T14:35:03.755+0000] {logging_mixin.py:154} INFO - [2024-05-29T14:35:03.754+0000] {manager.py:499} INFO - Created Permission View: %s
[2024-05-29T14:35:03.773+0000] {logging_mixin.py:154} INFO - [2024-05-29T14:35:03.773+0000] {manager.py:499} INFO - Created Permission View: %s
[2024-05-29T14:35:03.797+0000] {logging_mixin.py:154} INFO - [2024-05-29T14:35:03.797+0000] {manager.py:499} INFO - Created Permission View: %s
[2024-05-29T14:35:03.798+0000] {logging_mixin.py:154} INFO - [2024-05-29T14:35:03.798+0000] {dag.py:2941} INFO - Sync 3 DAGs
[2024-05-29T14:35:03.832+0000] {logging_mixin.py:154} INFO - [2024-05-29T14:35:03.832+0000] {dag.py:2963} INFO - Creating ORM DAG for example_branch_datetime_operator
[2024-05-29T14:35:03.835+0000] {logging_mixin.py:154} INFO - [2024-05-29T14:35:03.834+0000] {dag.py:2963} INFO - Creating ORM DAG for example_branch_datetime_operator_2
[2024-05-29T14:35:03.837+0000] {logging_mixin.py:154} INFO - [2024-05-29T14:35:03.837+0000] {dag.py:2963} INFO - Creating ORM DAG for example_branch_datetime_operator_3
[2024-05-29T14:35:03.871+0000] {logging_mixin.py:154} INFO - [2024-05-29T14:35:03.871+0000] {dag.py:3722} INFO - Setting next_dagrun for example_branch_datetime_operator to 2024-05-28T00:00:00+00:00, run_after=2024-05-29T00:00:00+00:00
[2024-05-29T14:35:03.878+0000] {logging_mixin.py:154} INFO - [2024-05-29T14:35:03.877+0000] {dag.py:3722} INFO - Setting next_dagrun for example_branch_datetime_operator_2 to 2024-05-28T00:00:00+00:00, run_after=2024-05-29T00:00:00+00:00
[2024-05-29T14:35:03.883+0000] {logging_mixin.py:154} INFO - [2024-05-29T14:35:03.883+0000] {dag.py:3722} INFO - Setting next_dagrun for example_branch_datetime_operator_3 to 2024-05-28T00:00:00+00:00, run_after=2024-05-29T00:00:00+00:00
[2024-05-29T14:35:03.930+0000] {processor.py:179} INFO - Processing /home/airflow/.local/lib/python3.8/site-packages/airflow/example_dags/example_branch_datetime_operator.py took 0.630 seconds
[2024-05-29T14:35:34.712+0000] {processor.py:157} INFO - Started process (PID=110) to work on /home/airflow/.local/lib/python3.8/site-packages/airflow/example_dags/example_branch_datetime_operator.py
[2024-05-29T14:35:34.712+0000] {processor.py:829} INFO - Processing file /home/airflow/.local/lib/python3.8/site-packages/airflow/example_dags/example_branch_datetime_operator.py for tasks to queue
[2024-05-29T14:35:34.714+0000] {logging_mixin.py:154} INFO - [2024-05-29T14:35:34.714+0000] {dagbag.py:536} INFO - Filling up the DagBag from /home/airflow/.local/lib/python3.8/site-packages/airflow/example_dags/example_branch_datetime_operator.py
[2024-05-29T14:35:34.724+0000] {processor.py:839} INFO - DAG(s) dict_keys(['example_branch_datetime_operator_2', 'example_branch_datetime_operator', 'example_branch_datetime_operator_3']) retrieved from /home/airflow/.local/lib/python3.8/site-packages/airflow/example_dags/example_branch_datetime_operator.py
[2024-05-29T14:35:34.753+0000] {logging_mixin.py:154} INFO - [2024-05-29T14:35:34.752+0000] {dag.py:2941} INFO - Sync 3 DAGs
[2024-05-29T14:35:34.778+0000] {logging_mixin.py:154} INFO - [2024-05-29T14:35:34.778+0000] {dag.py:3722} INFO - Setting next_dagrun for example_branch_datetime_operator to 2024-05-28T00:00:00+00:00, run_after=2024-05-29T00:00:00+00:00
[2024-05-29T14:35:34.784+0000] {logging_mixin.py:154} INFO - [2024-05-29T14:35:34.784+0000] {dag.py:3722} INFO - Setting next_dagrun for example_branch_datetime_operator_2 to 2024-05-28T00:00:00+00:00, run_after=2024-05-29T00:00:00+00:00
[2024-05-29T14:35:34.787+0000] {logging_mixin.py:154} INFO - [2024-05-29T14:35:34.787+0000] {dag.py:3722} INFO - Setting next_dagrun for example_branch_datetime_operator_3 to 2024-05-28T00:00:00+00:00, run_after=2024-05-29T00:00:00+00:00
[2024-05-29T14:35:34.806+0000] {processor.py:179} INFO - Processing /home/airflow/.local/lib/python3.8/site-packages/airflow/example_dags/example_branch_datetime_operator.py took 0.097 seconds
[2024-05-29T14:36:05.357+0000] {processor.py:157} INFO - Started process (PID=164) to work on /home/airflow/.local/lib/python3.8/site-packages/airflow/example_dags/example_branch_datetime_operator.py
[2024-05-29T14:36:05.358+0000] {processor.py:829} INFO - Processing file /home/airflow/.local/lib/python3.8/site-packages/airflow/example_dags/example_branch_datetime_operator.py for tasks to queue
[2024-05-29T14:36:05.360+0000] {logging_mixin.py:154} INFO - [2024-05-29T14:36:05.360+0000] {dagbag.py:536} INFO - Filling up the DagBag from /home/airflow/.local/lib/python3.8/site-packages/airflow/example_dags/example_branch_datetime_operator.py
[2024-05-29T14:36:05.369+0000] {processor.py:839} INFO - DAG(s) dict_keys(['example_branch_datetime_operator_3', 'example_branch_datetime_operator_2', 'example_branch_datetime_operator']) retrieved from /home/airflow/.local/lib/python3.8/site-packages/airflow/example_dags/example_branch_datetime_operator.py
[2024-05-29T14:36:05.397+0000] {logging_mixin.py:154} INFO - [2024-05-29T14:36:05.396+0000] {dag.py:2941} INFO - Sync 3 DAGs
[2024-05-29T14:36:05.419+0000] {logging_mixin.py:154} INFO - [2024-05-29T14:36:05.419+0000] {dag.py:3722} INFO - Setting next_dagrun for example_branch_datetime_operator to 2024-05-28T00:00:00+00:00, run_after=2024-05-29T00:00:00+00:00
[2024-05-29T14:36:05.424+0000] {logging_mixin.py:154} INFO - [2024-05-29T14:36:05.424+0000] {dag.py:3722} INFO - Setting next_dagrun for example_branch_datetime_operator_2 to 2024-05-28T00:00:00+00:00, run_after=2024-05-29T00:00:00+00:00
[2024-05-29T14:36:05.427+0000] {logging_mixin.py:154} INFO - [2024-05-29T14:36:05.427+0000] {dag.py:3722} INFO - Setting next_dagrun for example_branch_datetime_operator_3 to 2024-05-28T00:00:00+00:00, run_after=2024-05-29T00:00:00+00:00
[2024-05-29T14:36:05.457+0000] {processor.py:179} INFO - Processing /home/airflow/.local/lib/python3.8/site-packages/airflow/example_dags/example_branch_datetime_operator.py took 0.103 seconds
[2024-05-29T14:36:35.497+0000] {processor.py:157} INFO - Started process (PID=218) to work on /home/airflow/.local/lib/python3.8/site-packages/airflow/example_dags/example_branch_datetime_operator.py
[2024-05-29T14:36:35.498+0000] {processor.py:829} INFO - Processing file /home/airflow/.local/lib/python3.8/site-packages/airflow/example_dags/example_branch_datetime_operator.py for tasks to queue
[2024-05-29T14:36:35.501+0000] {logging_mixin.py:154} INFO - [2024-05-29T14:36:35.501+0000] {dagbag.py:536} INFO - Filling up the DagBag from /home/airflow/.local/lib/python3.8/site-packages/airflow/example_dags/example_branch_datetime_operator.py
[2024-05-29T14:36:35.512+0000] {processor.py:839} INFO - DAG(s) dict_keys(['example_branch_datetime_operator_3', 'example_branch_datetime_operator', 'example_branch_datetime_operator_2']) retrieved from /home/airflow/.local/lib/python3.8/site-packages/airflow/example_dags/example_branch_datetime_operator.py
[2024-05-29T14:36:35.541+0000] {logging_mixin.py:154} INFO - [2024-05-29T14:36:35.540+0000] {dag.py:2941} INFO - Sync 3 DAGs
[2024-05-29T14:36:35.566+0000] {logging_mixin.py:154} INFO - [2024-05-29T14:36:35.566+0000] {dag.py:3722} INFO - Setting next_dagrun for example_branch_datetime_operator to 2024-05-28T00:00:00+00:00, run_after=2024-05-29T00:00:00+00:00
[2024-05-29T14:36:35.571+0000] {logging_mixin.py:154} INFO - [2024-05-29T14:36:35.571+0000] {dag.py:3722} INFO - Setting next_dagrun for example_branch_datetime_operator_2 to 2024-05-28T00:00:00+00:00, run_after=2024-05-29T00:00:00+00:00
[2024-05-29T14:36:35.575+0000] {logging_mixin.py:154} INFO - [2024-05-29T14:36:35.574+0000] {dag.py:3722} INFO - Setting next_dagrun for example_branch_datetime_operator_3 to 2024-05-28T00:00:00+00:00, run_after=2024-05-29T00:00:00+00:00
[2024-05-29T14:36:35.592+0000] {processor.py:179} INFO - Processing /home/airflow/.local/lib/python3.8/site-packages/airflow/example_dags/example_branch_datetime_operator.py took 0.098 seconds
[2024-05-29T14:37:05.834+0000] {processor.py:157} INFO - Started process (PID=272) to work on /home/airflow/.local/lib/python3.8/site-packages/airflow/example_dags/example_branch_datetime_operator.py
[2024-05-29T14:37:05.835+0000] {processor.py:829} INFO - Processing file /home/airflow/.local/lib/python3.8/site-packages/airflow/example_dags/example_branch_datetime_operator.py for tasks to queue
[2024-05-29T14:37:05.839+0000] {logging_mixin.py:154} INFO - [2024-05-29T14:37:05.838+0000] {dagbag.py:536} INFO - Filling up the DagBag from /home/airflow/.local/lib/python3.8/site-packages/airflow/example_dags/example_branch_datetime_operator.py
[2024-05-29T14:37:05.854+0000] {processor.py:839} INFO - DAG(s) dict_keys(['example_branch_datetime_operator', 'example_branch_datetime_operator_2', 'example_branch_datetime_operator_3']) retrieved from /home/airflow/.local/lib/python3.8/site-packages/airflow/example_dags/example_branch_datetime_operator.py
[2024-05-29T14:37:05.889+0000] {logging_mixin.py:154} INFO - [2024-05-29T14:37:05.889+0000] {dag.py:2941} INFO - Sync 3 DAGs
[2024-05-29T14:37:05.922+0000] {logging_mixin.py:154} INFO - [2024-05-29T14:37:05.922+0000] {dag.py:3722} INFO - Setting next_dagrun for example_branch_datetime_operator to 2024-05-28T00:00:00+00:00, run_after=2024-05-29T00:00:00+00:00
[2024-05-29T14:37:05.929+0000] {logging_mixin.py:154} INFO - [2024-05-29T14:37:05.929+0000] {dag.py:3722} INFO - Setting next_dagrun for example_branch_datetime_operator_2 to 2024-05-28T00:00:00+00:00, run_after=2024-05-29T00:00:00+00:00
[2024-05-29T14:37:05.933+0000] {logging_mixin.py:154} INFO - [2024-05-29T14:37:05.933+0000] {dag.py:3722} INFO - Setting next_dagrun for example_branch_datetime_operator_3 to 2024-05-28T00:00:00+00:00, run_after=2024-05-29T00:00:00+00:00
[2024-05-29T14:37:05.955+0000] {processor.py:179} INFO - Processing /home/airflow/.local/lib/python3.8/site-packages/airflow/example_dags/example_branch_datetime_operator.py took 0.126 seconds
[2024-05-29T14:37:36.765+0000] {processor.py:157} INFO - Started process (PID=326) to work on /home/airflow/.local/lib/python3.8/site-packages/airflow/example_dags/example_branch_datetime_operator.py
[2024-05-29T14:37:36.767+0000] {processor.py:829} INFO - Processing file /home/airflow/.local/lib/python3.8/site-packages/airflow/example_dags/example_branch_datetime_operator.py for tasks to queue
[2024-05-29T14:37:36.770+0000] {logging_mixin.py:154} INFO - [2024-05-29T14:37:36.769+0000] {dagbag.py:536} INFO - Filling up the DagBag from /home/airflow/.local/lib/python3.8/site-packages/airflow/example_dags/example_branch_datetime_operator.py
[2024-05-29T14:37:36.786+0000] {processor.py:839} INFO - DAG(s) dict_keys(['example_branch_datetime_operator', 'example_branch_datetime_operator_3', 'example_branch_datetime_operator_2']) retrieved from /home/airflow/.local/lib/python3.8/site-packages/airflow/example_dags/example_branch_datetime_operator.py
[2024-05-29T14:37:36.823+0000] {logging_mixin.py:154} INFO - [2024-05-29T14:37:36.822+0000] {dag.py:2941} INFO - Sync 3 DAGs
[2024-05-29T14:37:36.859+0000] {logging_mixin.py:154} INFO - [2024-05-29T14:37:36.859+0000] {dag.py:3722} INFO - Setting next_dagrun for example_branch_datetime_operator to 2024-05-28T00:00:00+00:00, run_after=2024-05-29T00:00:00+00:00
[2024-05-29T14:37:36.866+0000] {logging_mixin.py:154} INFO - [2024-05-29T14:37:36.866+0000] {dag.py:3722} INFO - Setting next_dagrun for example_branch_datetime_operator_2 to 2024-05-28T00:00:00+00:00, run_after=2024-05-29T00:00:00+00:00
[2024-05-29T14:37:36.870+0000] {logging_mixin.py:154} INFO - [2024-05-29T14:37:36.870+0000] {dag.py:3722} INFO - Setting next_dagrun for example_branch_datetime_operator_3 to 2024-05-28T00:00:00+00:00, run_after=2024-05-29T00:00:00+00:00
[2024-05-29T14:37:36.893+0000] {processor.py:179} INFO - Processing /home/airflow/.local/lib/python3.8/site-packages/airflow/example_dags/example_branch_datetime_operator.py took 0.132 seconds
