[2024-05-29T14:35:07.086+0000] {processor.py:157} INFO - Started process (PID=75) to work on /home/airflow/.local/lib/python3.8/site-packages/airflow/example_dags/example_xcomargs.py
[2024-05-29T14:35:07.088+0000] {processor.py:829} INFO - Processing file /home/airflow/.local/lib/python3.8/site-packages/airflow/example_dags/example_xcomargs.py for tasks to queue
[2024-05-29T14:35:07.092+0000] {logging_mixin.py:154} INFO - [2024-05-29T14:35:07.091+0000] {dagbag.py:536} INFO - Filling up the DagBag from /home/airflow/.local/lib/python3.8/site-packages/airflow/example_dags/example_xcomargs.py
[2024-05-29T14:35:07.108+0000] {processor.py:839} INFO - DAG(s) dict_keys(['example_xcom_args_with_operators', 'example_xcom_args']) retrieved from /home/airflow/.local/lib/python3.8/site-packages/airflow/example_dags/example_xcomargs.py
[2024-05-29T14:35:07.324+0000] {logging_mixin.py:154} INFO - [2024-05-29T14:35:07.324+0000] {manager.py:499} INFO - Created Permission View: %s
[2024-05-29T14:35:07.338+0000] {logging_mixin.py:154} INFO - [2024-05-29T14:35:07.338+0000] {manager.py:499} INFO - Created Permission View: %s
[2024-05-29T14:35:07.369+0000] {logging_mixin.py:154} INFO - [2024-05-29T14:35:07.369+0000] {manager.py:499} INFO - Created Permission View: %s
[2024-05-29T14:35:07.408+0000] {logging_mixin.py:154} INFO - [2024-05-29T14:35:07.408+0000] {manager.py:499} INFO - Created Permission View: %s
[2024-05-29T14:35:07.418+0000] {logging_mixin.py:154} INFO - [2024-05-29T14:35:07.418+0000] {manager.py:499} INFO - Created Permission View: %s
[2024-05-29T14:35:07.427+0000] {logging_mixin.py:154} INFO - [2024-05-29T14:35:07.426+0000] {manager.py:499} INFO - Created Permission View: %s
[2024-05-29T14:35:07.428+0000] {logging_mixin.py:154} INFO - [2024-05-29T14:35:07.428+0000] {dag.py:2941} INFO - Sync 2 DAGs
[2024-05-29T14:35:07.443+0000] {logging_mixin.py:154} INFO - [2024-05-29T14:35:07.443+0000] {dag.py:2963} INFO - Creating ORM DAG for example_xcom_args_with_operators
[2024-05-29T14:35:07.444+0000] {logging_mixin.py:154} INFO - [2024-05-29T14:35:07.444+0000] {dag.py:2963} INFO - Creating ORM DAG for example_xcom_args
[2024-05-29T14:35:07.446+0000] {logging_mixin.py:154} INFO - [2024-05-29T14:35:07.445+0000] {dag.py:3722} INFO - Setting next_dagrun for example_xcom_args to None, run_after=None
[2024-05-29T14:35:07.448+0000] {logging_mixin.py:154} INFO - [2024-05-29T14:35:07.447+0000] {dag.py:3722} INFO - Setting next_dagrun for example_xcom_args_with_operators to None, run_after=None
[2024-05-29T14:35:07.487+0000] {processor.py:179} INFO - Processing /home/airflow/.local/lib/python3.8/site-packages/airflow/example_dags/example_xcomargs.py took 0.407 seconds
[2024-05-29T14:35:37.931+0000] {processor.py:157} INFO - Started process (PID=129) to work on /home/airflow/.local/lib/python3.8/site-packages/airflow/example_dags/example_xcomargs.py
[2024-05-29T14:35:37.933+0000] {processor.py:829} INFO - Processing file /home/airflow/.local/lib/python3.8/site-packages/airflow/example_dags/example_xcomargs.py for tasks to queue
[2024-05-29T14:35:37.937+0000] {logging_mixin.py:154} INFO - [2024-05-29T14:35:37.936+0000] {dagbag.py:536} INFO - Filling up the DagBag from /home/airflow/.local/lib/python3.8/site-packages/airflow/example_dags/example_xcomargs.py
[2024-05-29T14:35:37.949+0000] {processor.py:839} INFO - DAG(s) dict_keys(['example_xcom_args', 'example_xcom_args_with_operators']) retrieved from /home/airflow/.local/lib/python3.8/site-packages/airflow/example_dags/example_xcomargs.py
[2024-05-29T14:35:37.980+0000] {logging_mixin.py:154} INFO - [2024-05-29T14:35:37.980+0000] {dag.py:2941} INFO - Sync 2 DAGs
[2024-05-29T14:35:37.996+0000] {logging_mixin.py:154} INFO - [2024-05-29T14:35:37.996+0000] {dag.py:3722} INFO - Setting next_dagrun for example_xcom_args to None, run_after=None
[2024-05-29T14:35:38.000+0000] {logging_mixin.py:154} INFO - [2024-05-29T14:35:38.000+0000] {dag.py:3722} INFO - Setting next_dagrun for example_xcom_args_with_operators to None, run_after=None
[2024-05-29T14:35:38.021+0000] {processor.py:179} INFO - Processing /home/airflow/.local/lib/python3.8/site-packages/airflow/example_dags/example_xcomargs.py took 0.094 seconds
[2024-05-29T14:36:08.640+0000] {processor.py:157} INFO - Started process (PID=183) to work on /home/airflow/.local/lib/python3.8/site-packages/airflow/example_dags/example_xcomargs.py
[2024-05-29T14:36:08.641+0000] {processor.py:829} INFO - Processing file /home/airflow/.local/lib/python3.8/site-packages/airflow/example_dags/example_xcomargs.py for tasks to queue
[2024-05-29T14:36:08.643+0000] {logging_mixin.py:154} INFO - [2024-05-29T14:36:08.643+0000] {dagbag.py:536} INFO - Filling up the DagBag from /home/airflow/.local/lib/python3.8/site-packages/airflow/example_dags/example_xcomargs.py
[2024-05-29T14:36:08.651+0000] {processor.py:839} INFO - DAG(s) dict_keys(['example_xcom_args', 'example_xcom_args_with_operators']) retrieved from /home/airflow/.local/lib/python3.8/site-packages/airflow/example_dags/example_xcomargs.py
[2024-05-29T14:36:08.673+0000] {logging_mixin.py:154} INFO - [2024-05-29T14:36:08.673+0000] {dag.py:2941} INFO - Sync 2 DAGs
[2024-05-29T14:36:08.685+0000] {logging_mixin.py:154} INFO - [2024-05-29T14:36:08.685+0000] {dag.py:3722} INFO - Setting next_dagrun for example_xcom_args to None, run_after=None
[2024-05-29T14:36:08.688+0000] {logging_mixin.py:154} INFO - [2024-05-29T14:36:08.688+0000] {dag.py:3722} INFO - Setting next_dagrun for example_xcom_args_with_operators to None, run_after=None
[2024-05-29T14:36:08.713+0000] {processor.py:179} INFO - Processing /home/airflow/.local/lib/python3.8/site-packages/airflow/example_dags/example_xcomargs.py took 0.077 seconds
[2024-05-29T14:36:39.607+0000] {processor.py:157} INFO - Started process (PID=237) to work on /home/airflow/.local/lib/python3.8/site-packages/airflow/example_dags/example_xcomargs.py
[2024-05-29T14:36:39.608+0000] {processor.py:829} INFO - Processing file /home/airflow/.local/lib/python3.8/site-packages/airflow/example_dags/example_xcomargs.py for tasks to queue
[2024-05-29T14:36:39.610+0000] {logging_mixin.py:154} INFO - [2024-05-29T14:36:39.610+0000] {dagbag.py:536} INFO - Filling up the DagBag from /home/airflow/.local/lib/python3.8/site-packages/airflow/example_dags/example_xcomargs.py
[2024-05-29T14:36:39.619+0000] {processor.py:839} INFO - DAG(s) dict_keys(['example_xcom_args_with_operators', 'example_xcom_args']) retrieved from /home/airflow/.local/lib/python3.8/site-packages/airflow/example_dags/example_xcomargs.py
[2024-05-29T14:36:39.644+0000] {logging_mixin.py:154} INFO - [2024-05-29T14:36:39.644+0000] {dag.py:2941} INFO - Sync 2 DAGs
[2024-05-29T14:36:39.658+0000] {logging_mixin.py:154} INFO - [2024-05-29T14:36:39.657+0000] {dag.py:3722} INFO - Setting next_dagrun for example_xcom_args to None, run_after=None
[2024-05-29T14:36:39.662+0000] {logging_mixin.py:154} INFO - [2024-05-29T14:36:39.662+0000] {dag.py:3722} INFO - Setting next_dagrun for example_xcom_args_with_operators to None, run_after=None
[2024-05-29T14:36:39.680+0000] {processor.py:179} INFO - Processing /home/airflow/.local/lib/python3.8/site-packages/airflow/example_dags/example_xcomargs.py took 0.077 seconds
[2024-05-29T14:37:10.034+0000] {processor.py:157} INFO - Started process (PID=291) to work on /home/airflow/.local/lib/python3.8/site-packages/airflow/example_dags/example_xcomargs.py
[2024-05-29T14:37:10.036+0000] {processor.py:829} INFO - Processing file /home/airflow/.local/lib/python3.8/site-packages/airflow/example_dags/example_xcomargs.py for tasks to queue
[2024-05-29T14:37:10.038+0000] {logging_mixin.py:154} INFO - [2024-05-29T14:37:10.038+0000] {dagbag.py:536} INFO - Filling up the DagBag from /home/airflow/.local/lib/python3.8/site-packages/airflow/example_dags/example_xcomargs.py
[2024-05-29T14:37:10.050+0000] {processor.py:839} INFO - DAG(s) dict_keys(['example_xcom_args_with_operators', 'example_xcom_args']) retrieved from /home/airflow/.local/lib/python3.8/site-packages/airflow/example_dags/example_xcomargs.py
[2024-05-29T14:37:10.079+0000] {logging_mixin.py:154} INFO - [2024-05-29T14:37:10.079+0000] {dag.py:2941} INFO - Sync 2 DAGs
[2024-05-29T14:37:10.096+0000] {logging_mixin.py:154} INFO - [2024-05-29T14:37:10.095+0000] {dag.py:3722} INFO - Setting next_dagrun for example_xcom_args to None, run_after=None
[2024-05-29T14:37:10.100+0000] {logging_mixin.py:154} INFO - [2024-05-29T14:37:10.100+0000] {dag.py:3722} INFO - Setting next_dagrun for example_xcom_args_with_operators to None, run_after=None
[2024-05-29T14:37:10.128+0000] {processor.py:179} INFO - Processing /home/airflow/.local/lib/python3.8/site-packages/airflow/example_dags/example_xcomargs.py took 0.097 seconds
[2024-05-29T14:37:40.939+0000] {processor.py:157} INFO - Started process (PID=345) to work on /home/airflow/.local/lib/python3.8/site-packages/airflow/example_dags/example_xcomargs.py
[2024-05-29T14:37:40.940+0000] {processor.py:829} INFO - Processing file /home/airflow/.local/lib/python3.8/site-packages/airflow/example_dags/example_xcomargs.py for tasks to queue
[2024-05-29T14:37:40.943+0000] {logging_mixin.py:154} INFO - [2024-05-29T14:37:40.943+0000] {dagbag.py:536} INFO - Filling up the DagBag from /home/airflow/.local/lib/python3.8/site-packages/airflow/example_dags/example_xcomargs.py
[2024-05-29T14:37:40.952+0000] {processor.py:839} INFO - DAG(s) dict_keys(['example_xcom_args_with_operators', 'example_xcom_args']) retrieved from /home/airflow/.local/lib/python3.8/site-packages/airflow/example_dags/example_xcomargs.py
[2024-05-29T14:37:40.980+0000] {logging_mixin.py:154} INFO - [2024-05-29T14:37:40.980+0000] {dag.py:2941} INFO - Sync 2 DAGs
[2024-05-29T14:37:40.997+0000] {logging_mixin.py:154} INFO - [2024-05-29T14:37:40.997+0000] {dag.py:3722} INFO - Setting next_dagrun for example_xcom_args to None, run_after=None
[2024-05-29T14:37:41.004+0000] {logging_mixin.py:154} INFO - [2024-05-29T14:37:41.004+0000] {dag.py:3722} INFO - Setting next_dagrun for example_xcom_args_with_operators to None, run_after=None
[2024-05-29T14:37:41.034+0000] {processor.py:179} INFO - Processing /home/airflow/.local/lib/python3.8/site-packages/airflow/example_dags/example_xcomargs.py took 0.098 seconds
