[2024-05-29T14:35:07.968+0000] {processor.py:157} INFO - Started process (PID=79) to work on /home/airflow/.local/lib/python3.8/site-packages/airflow/example_dags/tutorial_taskflow_api.py
[2024-05-29T14:35:07.970+0000] {processor.py:829} INFO - Processing file /home/airflow/.local/lib/python3.8/site-packages/airflow/example_dags/tutorial_taskflow_api.py for tasks to queue
[2024-05-29T14:35:07.973+0000] {logging_mixin.py:154} INFO - [2024-05-29T14:35:07.972+0000] {dagbag.py:536} INFO - Filling up the DagBag from /home/airflow/.local/lib/python3.8/site-packages/airflow/example_dags/tutorial_taskflow_api.py
[2024-05-29T14:35:07.991+0000] {processor.py:839} INFO - DAG(s) dict_keys(['tutorial_taskflow_api']) retrieved from /home/airflow/.local/lib/python3.8/site-packages/airflow/example_dags/tutorial_taskflow_api.py
[2024-05-29T14:35:08.158+0000] {logging_mixin.py:154} INFO - [2024-05-29T14:35:08.158+0000] {manager.py:499} INFO - Created Permission View: %s
[2024-05-29T14:35:08.169+0000] {logging_mixin.py:154} INFO - [2024-05-29T14:35:08.169+0000] {manager.py:499} INFO - Created Permission View: %s
[2024-05-29T14:35:08.200+0000] {logging_mixin.py:154} INFO - [2024-05-29T14:35:08.200+0000] {manager.py:499} INFO - Created Permission View: %s
[2024-05-29T14:35:08.201+0000] {logging_mixin.py:154} INFO - [2024-05-29T14:35:08.201+0000] {dag.py:2941} INFO - Sync 1 DAGs
[2024-05-29T14:35:08.216+0000] {logging_mixin.py:154} INFO - [2024-05-29T14:35:08.216+0000] {dag.py:2963} INFO - Creating ORM DAG for tutorial_taskflow_api
[2024-05-29T14:35:08.217+0000] {logging_mixin.py:154} INFO - [2024-05-29T14:35:08.217+0000] {dag.py:3722} INFO - Setting next_dagrun for tutorial_taskflow_api to None, run_after=None
[2024-05-29T14:35:08.245+0000] {processor.py:179} INFO - Processing /home/airflow/.local/lib/python3.8/site-packages/airflow/example_dags/tutorial_taskflow_api.py took 0.281 seconds
[2024-05-29T14:35:39.109+0000] {processor.py:157} INFO - Started process (PID=133) to work on /home/airflow/.local/lib/python3.8/site-packages/airflow/example_dags/tutorial_taskflow_api.py
[2024-05-29T14:35:39.110+0000] {processor.py:829} INFO - Processing file /home/airflow/.local/lib/python3.8/site-packages/airflow/example_dags/tutorial_taskflow_api.py for tasks to queue
[2024-05-29T14:35:39.112+0000] {logging_mixin.py:154} INFO - [2024-05-29T14:35:39.111+0000] {dagbag.py:536} INFO - Filling up the DagBag from /home/airflow/.local/lib/python3.8/site-packages/airflow/example_dags/tutorial_taskflow_api.py
[2024-05-29T14:35:39.118+0000] {processor.py:839} INFO - DAG(s) dict_keys(['tutorial_taskflow_api']) retrieved from /home/airflow/.local/lib/python3.8/site-packages/airflow/example_dags/tutorial_taskflow_api.py
[2024-05-29T14:35:39.138+0000] {logging_mixin.py:154} INFO - [2024-05-29T14:35:39.137+0000] {dag.py:2941} INFO - Sync 1 DAGs
[2024-05-29T14:35:39.152+0000] {logging_mixin.py:154} INFO - [2024-05-29T14:35:39.151+0000] {dag.py:3722} INFO - Setting next_dagrun for tutorial_taskflow_api to None, run_after=None
[2024-05-29T14:35:39.180+0000] {processor.py:179} INFO - Processing /home/airflow/.local/lib/python3.8/site-packages/airflow/example_dags/tutorial_taskflow_api.py took 0.074 seconds
[2024-05-29T14:36:09.824+0000] {processor.py:157} INFO - Started process (PID=187) to work on /home/airflow/.local/lib/python3.8/site-packages/airflow/example_dags/tutorial_taskflow_api.py
[2024-05-29T14:36:09.825+0000] {processor.py:829} INFO - Processing file /home/airflow/.local/lib/python3.8/site-packages/airflow/example_dags/tutorial_taskflow_api.py for tasks to queue
[2024-05-29T14:36:09.827+0000] {logging_mixin.py:154} INFO - [2024-05-29T14:36:09.827+0000] {dagbag.py:536} INFO - Filling up the DagBag from /home/airflow/.local/lib/python3.8/site-packages/airflow/example_dags/tutorial_taskflow_api.py
[2024-05-29T14:36:09.832+0000] {processor.py:839} INFO - DAG(s) dict_keys(['tutorial_taskflow_api']) retrieved from /home/airflow/.local/lib/python3.8/site-packages/airflow/example_dags/tutorial_taskflow_api.py
[2024-05-29T14:36:09.850+0000] {logging_mixin.py:154} INFO - [2024-05-29T14:36:09.850+0000] {dag.py:2941} INFO - Sync 1 DAGs
[2024-05-29T14:36:09.865+0000] {logging_mixin.py:154} INFO - [2024-05-29T14:36:09.865+0000] {dag.py:3722} INFO - Setting next_dagrun for tutorial_taskflow_api to None, run_after=None
[2024-05-29T14:36:09.888+0000] {processor.py:179} INFO - Processing /home/airflow/.local/lib/python3.8/site-packages/airflow/example_dags/tutorial_taskflow_api.py took 0.067 seconds
[2024-05-29T14:36:40.778+0000] {processor.py:157} INFO - Started process (PID=241) to work on /home/airflow/.local/lib/python3.8/site-packages/airflow/example_dags/tutorial_taskflow_api.py
[2024-05-29T14:36:40.779+0000] {processor.py:829} INFO - Processing file /home/airflow/.local/lib/python3.8/site-packages/airflow/example_dags/tutorial_taskflow_api.py for tasks to queue
[2024-05-29T14:36:40.781+0000] {logging_mixin.py:154} INFO - [2024-05-29T14:36:40.781+0000] {dagbag.py:536} INFO - Filling up the DagBag from /home/airflow/.local/lib/python3.8/site-packages/airflow/example_dags/tutorial_taskflow_api.py
[2024-05-29T14:36:40.788+0000] {processor.py:839} INFO - DAG(s) dict_keys(['tutorial_taskflow_api']) retrieved from /home/airflow/.local/lib/python3.8/site-packages/airflow/example_dags/tutorial_taskflow_api.py
[2024-05-29T14:36:40.810+0000] {logging_mixin.py:154} INFO - [2024-05-29T14:36:40.810+0000] {dag.py:2941} INFO - Sync 1 DAGs
[2024-05-29T14:36:40.824+0000] {logging_mixin.py:154} INFO - [2024-05-29T14:36:40.824+0000] {dag.py:3722} INFO - Setting next_dagrun for tutorial_taskflow_api to None, run_after=None
[2024-05-29T14:36:40.844+0000] {processor.py:179} INFO - Processing /home/airflow/.local/lib/python3.8/site-packages/airflow/example_dags/tutorial_taskflow_api.py took 0.069 seconds
[2024-05-29T14:37:11.266+0000] {processor.py:157} INFO - Started process (PID=295) to work on /home/airflow/.local/lib/python3.8/site-packages/airflow/example_dags/tutorial_taskflow_api.py
[2024-05-29T14:37:11.267+0000] {processor.py:829} INFO - Processing file /home/airflow/.local/lib/python3.8/site-packages/airflow/example_dags/tutorial_taskflow_api.py for tasks to queue
[2024-05-29T14:37:11.269+0000] {logging_mixin.py:154} INFO - [2024-05-29T14:37:11.269+0000] {dagbag.py:536} INFO - Filling up the DagBag from /home/airflow/.local/lib/python3.8/site-packages/airflow/example_dags/tutorial_taskflow_api.py
[2024-05-29T14:37:11.274+0000] {processor.py:839} INFO - DAG(s) dict_keys(['tutorial_taskflow_api']) retrieved from /home/airflow/.local/lib/python3.8/site-packages/airflow/example_dags/tutorial_taskflow_api.py
[2024-05-29T14:37:11.292+0000] {logging_mixin.py:154} INFO - [2024-05-29T14:37:11.292+0000] {dag.py:2941} INFO - Sync 1 DAGs
[2024-05-29T14:37:11.306+0000] {logging_mixin.py:154} INFO - [2024-05-29T14:37:11.306+0000] {dag.py:3722} INFO - Setting next_dagrun for tutorial_taskflow_api to None, run_after=None
[2024-05-29T14:37:11.326+0000] {processor.py:179} INFO - Processing /home/airflow/.local/lib/python3.8/site-packages/airflow/example_dags/tutorial_taskflow_api.py took 0.062 seconds
[2024-05-29T14:37:42.167+0000] {processor.py:157} INFO - Started process (PID=349) to work on /home/airflow/.local/lib/python3.8/site-packages/airflow/example_dags/tutorial_taskflow_api.py
[2024-05-29T14:37:42.168+0000] {processor.py:829} INFO - Processing file /home/airflow/.local/lib/python3.8/site-packages/airflow/example_dags/tutorial_taskflow_api.py for tasks to queue
[2024-05-29T14:37:42.170+0000] {logging_mixin.py:154} INFO - [2024-05-29T14:37:42.170+0000] {dagbag.py:536} INFO - Filling up the DagBag from /home/airflow/.local/lib/python3.8/site-packages/airflow/example_dags/tutorial_taskflow_api.py
[2024-05-29T14:37:42.178+0000] {processor.py:839} INFO - DAG(s) dict_keys(['tutorial_taskflow_api']) retrieved from /home/airflow/.local/lib/python3.8/site-packages/airflow/example_dags/tutorial_taskflow_api.py
[2024-05-29T14:37:42.208+0000] {logging_mixin.py:154} INFO - [2024-05-29T14:37:42.207+0000] {dag.py:2941} INFO - Sync 1 DAGs
[2024-05-29T14:37:42.232+0000] {logging_mixin.py:154} INFO - [2024-05-29T14:37:42.231+0000] {dag.py:3722} INFO - Setting next_dagrun for tutorial_taskflow_api to None, run_after=None
[2024-05-29T14:37:42.260+0000] {processor.py:179} INFO - Processing /home/airflow/.local/lib/python3.8/site-packages/airflow/example_dags/tutorial_taskflow_api.py took 0.098 seconds
