[2024-05-29T14:35:00.939+0000] {processor.py:157} INFO - Started process (PID=46) to work on /home/airflow/.local/lib/python3.8/site-packages/airflow/example_dags/tutorial.py
[2024-05-29T14:35:00.941+0000] {processor.py:829} INFO - Processing file /home/airflow/.local/lib/python3.8/site-packages/airflow/example_dags/tutorial.py for tasks to queue
[2024-05-29T14:35:00.946+0000] {logging_mixin.py:154} INFO - [2024-05-29T14:35:00.945+0000] {dagbag.py:536} INFO - Filling up the DagBag from /home/airflow/.local/lib/python3.8/site-packages/airflow/example_dags/tutorial.py
[2024-05-29T14:35:00.967+0000] {processor.py:839} INFO - DAG(s) dict_keys(['tutorial']) retrieved from /home/airflow/.local/lib/python3.8/site-packages/airflow/example_dags/tutorial.py
[2024-05-29T14:35:01.169+0000] {logging_mixin.py:154} INFO - [2024-05-29T14:35:01.169+0000] {manager.py:499} INFO - Created Permission View: %s
[2024-05-29T14:35:01.186+0000] {logging_mixin.py:154} INFO - [2024-05-29T14:35:01.186+0000] {manager.py:499} INFO - Created Permission View: %s
[2024-05-29T14:35:01.200+0000] {logging_mixin.py:154} INFO - [2024-05-29T14:35:01.200+0000] {manager.py:499} INFO - Created Permission View: %s
[2024-05-29T14:35:01.201+0000] {logging_mixin.py:154} INFO - [2024-05-29T14:35:01.201+0000] {dag.py:2941} INFO - Sync 1 DAGs
[2024-05-29T14:35:01.227+0000] {logging_mixin.py:154} INFO - [2024-05-29T14:35:01.227+0000] {dag.py:2963} INFO - Creating ORM DAG for tutorial
[2024-05-29T14:35:01.246+0000] {logging_mixin.py:154} INFO - [2024-05-29T14:35:01.245+0000] {dag.py:3722} INFO - Setting next_dagrun for tutorial to 2024-05-28T14:35:01.245375+00:00, run_after=2024-05-29T14:35:01.245375+00:00
[2024-05-29T14:35:01.281+0000] {processor.py:179} INFO - Processing /home/airflow/.local/lib/python3.8/site-packages/airflow/example_dags/tutorial.py took 0.348 seconds
[2024-05-29T14:35:31.880+0000] {processor.py:157} INFO - Started process (PID=100) to work on /home/airflow/.local/lib/python3.8/site-packages/airflow/example_dags/tutorial.py
[2024-05-29T14:35:31.881+0000] {processor.py:829} INFO - Processing file /home/airflow/.local/lib/python3.8/site-packages/airflow/example_dags/tutorial.py for tasks to queue
[2024-05-29T14:35:31.885+0000] {logging_mixin.py:154} INFO - [2024-05-29T14:35:31.884+0000] {dagbag.py:536} INFO - Filling up the DagBag from /home/airflow/.local/lib/python3.8/site-packages/airflow/example_dags/tutorial.py
[2024-05-29T14:35:31.896+0000] {processor.py:839} INFO - DAG(s) dict_keys(['tutorial']) retrieved from /home/airflow/.local/lib/python3.8/site-packages/airflow/example_dags/tutorial.py
[2024-05-29T14:35:31.927+0000] {logging_mixin.py:154} INFO - [2024-05-29T14:35:31.926+0000] {dag.py:2941} INFO - Sync 1 DAGs
[2024-05-29T14:35:31.963+0000] {logging_mixin.py:154} INFO - [2024-05-29T14:35:31.963+0000] {dag.py:3722} INFO - Setting next_dagrun for tutorial to 2024-05-28T14:35:31.962865+00:00, run_after=2024-05-29T14:35:31.962865+00:00
[2024-05-29T14:35:32.000+0000] {processor.py:179} INFO - Processing /home/airflow/.local/lib/python3.8/site-packages/airflow/example_dags/tutorial.py took 0.127 seconds
[2024-05-29T14:36:02.471+0000] {processor.py:157} INFO - Started process (PID=154) to work on /home/airflow/.local/lib/python3.8/site-packages/airflow/example_dags/tutorial.py
[2024-05-29T14:36:02.472+0000] {processor.py:829} INFO - Processing file /home/airflow/.local/lib/python3.8/site-packages/airflow/example_dags/tutorial.py for tasks to queue
[2024-05-29T14:36:02.475+0000] {logging_mixin.py:154} INFO - [2024-05-29T14:36:02.474+0000] {dagbag.py:536} INFO - Filling up the DagBag from /home/airflow/.local/lib/python3.8/site-packages/airflow/example_dags/tutorial.py
[2024-05-29T14:36:02.482+0000] {processor.py:839} INFO - DAG(s) dict_keys(['tutorial']) retrieved from /home/airflow/.local/lib/python3.8/site-packages/airflow/example_dags/tutorial.py
[2024-05-29T14:36:02.506+0000] {logging_mixin.py:154} INFO - [2024-05-29T14:36:02.505+0000] {dag.py:2941} INFO - Sync 1 DAGs
[2024-05-29T14:36:02.543+0000] {logging_mixin.py:154} INFO - [2024-05-29T14:36:02.543+0000] {dag.py:3722} INFO - Setting next_dagrun for tutorial to 2024-05-28T14:36:02.542715+00:00, run_after=2024-05-29T14:36:02.542715+00:00
[2024-05-29T14:36:02.576+0000] {processor.py:179} INFO - Processing /home/airflow/.local/lib/python3.8/site-packages/airflow/example_dags/tutorial.py took 0.109 seconds
[2024-05-29T14:36:33.332+0000] {processor.py:157} INFO - Started process (PID=208) to work on /home/airflow/.local/lib/python3.8/site-packages/airflow/example_dags/tutorial.py
[2024-05-29T14:36:33.334+0000] {processor.py:829} INFO - Processing file /home/airflow/.local/lib/python3.8/site-packages/airflow/example_dags/tutorial.py for tasks to queue
[2024-05-29T14:36:33.336+0000] {logging_mixin.py:154} INFO - [2024-05-29T14:36:33.336+0000] {dagbag.py:536} INFO - Filling up the DagBag from /home/airflow/.local/lib/python3.8/site-packages/airflow/example_dags/tutorial.py
[2024-05-29T14:36:33.343+0000] {processor.py:839} INFO - DAG(s) dict_keys(['tutorial']) retrieved from /home/airflow/.local/lib/python3.8/site-packages/airflow/example_dags/tutorial.py
[2024-05-29T14:36:33.368+0000] {logging_mixin.py:154} INFO - [2024-05-29T14:36:33.368+0000] {dag.py:2941} INFO - Sync 1 DAGs
[2024-05-29T14:36:33.400+0000] {logging_mixin.py:154} INFO - [2024-05-29T14:36:33.399+0000] {dag.py:3722} INFO - Setting next_dagrun for tutorial to 2024-05-28T14:36:33.399490+00:00, run_after=2024-05-29T14:36:33.399490+00:00
[2024-05-29T14:36:33.437+0000] {processor.py:179} INFO - Processing /home/airflow/.local/lib/python3.8/site-packages/airflow/example_dags/tutorial.py took 0.108 seconds
[2024-05-29T14:37:03.620+0000] {processor.py:157} INFO - Started process (PID=261) to work on /home/airflow/.local/lib/python3.8/site-packages/airflow/example_dags/tutorial.py
[2024-05-29T14:37:03.621+0000] {processor.py:829} INFO - Processing file /home/airflow/.local/lib/python3.8/site-packages/airflow/example_dags/tutorial.py for tasks to queue
[2024-05-29T14:37:03.625+0000] {logging_mixin.py:154} INFO - [2024-05-29T14:37:03.625+0000] {dagbag.py:536} INFO - Filling up the DagBag from /home/airflow/.local/lib/python3.8/site-packages/airflow/example_dags/tutorial.py
[2024-05-29T14:37:03.632+0000] {processor.py:839} INFO - DAG(s) dict_keys(['tutorial']) retrieved from /home/airflow/.local/lib/python3.8/site-packages/airflow/example_dags/tutorial.py
[2024-05-29T14:37:03.658+0000] {logging_mixin.py:154} INFO - [2024-05-29T14:37:03.658+0000] {dag.py:2941} INFO - Sync 1 DAGs
[2024-05-29T14:37:03.693+0000] {logging_mixin.py:154} INFO - [2024-05-29T14:37:03.693+0000] {dag.py:3722} INFO - Setting next_dagrun for tutorial to 2024-05-28T14:37:03.692358+00:00, run_after=2024-05-29T14:37:03.692358+00:00
[2024-05-29T14:37:03.730+0000] {processor.py:179} INFO - Processing /home/airflow/.local/lib/python3.8/site-packages/airflow/example_dags/tutorial.py took 0.116 seconds
[2024-05-29T14:37:33.974+0000] {processor.py:157} INFO - Started process (PID=315) to work on /home/airflow/.local/lib/python3.8/site-packages/airflow/example_dags/tutorial.py
[2024-05-29T14:37:33.975+0000] {processor.py:829} INFO - Processing file /home/airflow/.local/lib/python3.8/site-packages/airflow/example_dags/tutorial.py for tasks to queue
[2024-05-29T14:37:33.978+0000] {logging_mixin.py:154} INFO - [2024-05-29T14:37:33.977+0000] {dagbag.py:536} INFO - Filling up the DagBag from /home/airflow/.local/lib/python3.8/site-packages/airflow/example_dags/tutorial.py
[2024-05-29T14:37:33.984+0000] {processor.py:839} INFO - DAG(s) dict_keys(['tutorial']) retrieved from /home/airflow/.local/lib/python3.8/site-packages/airflow/example_dags/tutorial.py
[2024-05-29T14:37:34.007+0000] {logging_mixin.py:154} INFO - [2024-05-29T14:37:34.007+0000] {dag.py:2941} INFO - Sync 1 DAGs
[2024-05-29T14:37:34.033+0000] {logging_mixin.py:154} INFO - [2024-05-29T14:37:34.033+0000] {dag.py:3722} INFO - Setting next_dagrun for tutorial to 2024-05-28T14:37:34.033203+00:00, run_after=2024-05-29T14:37:34.033203+00:00
[2024-05-29T14:37:34.059+0000] {processor.py:179} INFO - Processing /home/airflow/.local/lib/python3.8/site-packages/airflow/example_dags/tutorial.py took 0.089 seconds
